{"/Users/Au/bootcamp/collab/skylab-bootcamp-202001/staff/aurora-perez/pill-o-clock/pill-o-clock-api/logic/add-contact.spec.js":{"path":"/Users/Au/bootcamp/collab/skylab-bootcamp-202001/staff/aurora-perez/pill-o-clock/pill-o-clock-api/logic/add-contact.spec.js","statementMap":{"0":{"start":{"line":1,"column":0},"end":{"line":1,"column":26}},"1":{"start":{"line":3,"column":38},"end":{"line":3,"column":45}},"2":{"start":{"line":4,"column":39},"end":{"line":4,"column":67}},"3":{"start":{"line":5,"column":19},"end":{"line":5,"column":34}},"4":{"start":{"line":6,"column":19},"end":{"line":6,"column":23}},"5":{"start":{"line":7,"column":19},"end":{"line":7,"column":43}},"6":{"start":{"line":8,"column":26},"end":{"line":8,"column":56}},"7":{"start":{"line":11,"column":0},"end":{"line":124,"column":2}},"8":{"start":{"line":12,"column":4},"end":{"line":15,"column":5}},"9":{"start":{"line":13,"column":8},"end":{"line":14,"column":42}},"10":{"start":{"line":14,"column":24},"end":{"line":14,"column":41}},"11":{"start":{"line":19,"column":4},"end":{"line":37,"column":6}},"12":{"start":{"line":20,"column":8},"end":{"line":20,"column":33}},"13":{"start":{"line":21,"column":8},"end":{"line":21,"column":39}},"14":{"start":{"line":22,"column":8},"end":{"line":22,"column":37}},"15":{"start":{"line":23,"column":8},"end":{"line":23,"column":22}},"16":{"start":{"line":24,"column":8},"end":{"line":24,"column":35}},"17":{"start":{"line":25,"column":8},"end":{"line":25,"column":39}},"18":{"start":{"line":26,"column":8},"end":{"line":26,"column":44}},"19":{"start":{"line":27,"column":8},"end":{"line":27,"column":41}},"20":{"start":{"line":29,"column":8},"end":{"line":29,"column":34}},"21":{"start":{"line":30,"column":8},"end":{"line":30,"column":40}},"22":{"start":{"line":31,"column":8},"end":{"line":31,"column":38}},"23":{"start":{"line":32,"column":8},"end":{"line":32,"column":23}},"24":{"start":{"line":33,"column":8},"end":{"line":33,"column":36}},"25":{"start":{"line":34,"column":8},"end":{"line":34,"column":40}},"26":{"start":{"line":35,"column":8},"end":{"line":35,"column":46}},"27":{"start":{"line":36,"column":8},"end":{"line":36,"column":42}},"28":{"start":{"line":39,"column":4},"end":{"line":64,"column":6}},"29":{"start":{"line":41,"column":8},"end":{"line":50,"column":9}},"30":{"start":{"line":42,"column":12},"end":{"line":49,"column":18}},"31":{"start":{"line":46,"column":20},"end":{"line":46,"column":36}},"32":{"start":{"line":47,"column":20},"end":{"line":47,"column":46}},"33":{"start":{"line":52,"column":8},"end":{"line":61,"column":10}},"34":{"start":{"line":54,"column":12},"end":{"line":60,"column":18}},"35":{"start":{"line":57,"column":20},"end":{"line":57,"column":41}},"36":{"start":{"line":58,"column":20},"end":{"line":58,"column":64}},"37":{"start":{"line":59,"column":20},"end":{"line":59,"column":61}},"38":{"start":{"line":65,"column":4},"end":{"line":88,"column":6}},"39":{"start":{"line":67,"column":8},"end":{"line":76,"column":10}},"40":{"start":{"line":68,"column":12},"end":{"line":75,"column":18}},"41":{"start":{"line":69,"column":24},"end":{"line":69,"column":55}},"42":{"start":{"line":71,"column":20},"end":{"line":71,"column":42}},"43":{"start":{"line":72,"column":20},"end":{"line":72,"column":65}},"44":{"start":{"line":73,"column":20},"end":{"line":73,"column":91}},"45":{"start":{"line":78,"column":8},"end":{"line":87,"column":10}},"46":{"start":{"line":79,"column":12},"end":{"line":86,"column":18}},"47":{"start":{"line":80,"column":24},"end":{"line":80,"column":55}},"48":{"start":{"line":82,"column":20},"end":{"line":82,"column":42}},"49":{"start":{"line":83,"column":20},"end":{"line":83,"column":65}},"50":{"start":{"line":84,"column":20},"end":{"line":84,"column":86}},"51":{"start":{"line":90,"column":4},"end":{"line":119,"column":6}},"52":{"start":{"line":92,"column":8},"end":{"line":103,"column":10}},"53":{"start":{"line":94,"column":12},"end":{"line":94,"column":32}},"54":{"start":{"line":95,"column":12},"end":{"line":95,"column":115}},"55":{"start":{"line":95,"column":25},"end":{"line":95,"column":57}},"56":{"start":{"line":96,"column":12},"end":{"line":96,"column":27}},"57":{"start":{"line":97,"column":12},"end":{"line":97,"column":115}},"58":{"start":{"line":97,"column":25},"end":{"line":97,"column":57}},"59":{"start":{"line":98,"column":12},"end":{"line":98,"column":31}},"60":{"start":{"line":99,"column":12},"end":{"line":99,"column":115}},"61":{"start":{"line":99,"column":25},"end":{"line":99,"column":57}},"62":{"start":{"line":100,"column":12},"end":{"line":100,"column":24}},"63":{"start":{"line":101,"column":12},"end":{"line":101,"column":115}},"64":{"start":{"line":101,"column":25},"end":{"line":101,"column":57}},"65":{"start":{"line":105,"column":8},"end":{"line":116,"column":10}},"66":{"start":{"line":107,"column":12},"end":{"line":107,"column":32}},"67":{"start":{"line":108,"column":12},"end":{"line":108,"column":116}},"68":{"start":{"line":108,"column":25},"end":{"line":108,"column":52}},"69":{"start":{"line":109,"column":12},"end":{"line":109,"column":27}},"70":{"start":{"line":110,"column":12},"end":{"line":110,"column":116}},"71":{"start":{"line":110,"column":25},"end":{"line":110,"column":52}},"72":{"start":{"line":111,"column":12},"end":{"line":111,"column":31}},"73":{"start":{"line":112,"column":12},"end":{"line":112,"column":116}},"74":{"start":{"line":112,"column":25},"end":{"line":112,"column":52}},"75":{"start":{"line":113,"column":12},"end":{"line":113,"column":24}},"76":{"start":{"line":114,"column":12},"end":{"line":114,"column":116}},"77":{"start":{"line":114,"column":25},"end":{"line":114,"column":52}},"78":{"start":{"line":123,"column":4},"end":{"line":123,"column":83}},"79":{"start":{"line":123,"column":16},"end":{"line":123,"column":82}},"80":{"start":{"line":123,"column":60},"end":{"line":123,"column":81}}},"fnMap":{"0":{"name":"(anonymous_0)","decl":{"start":{"line":11,"column":23},"end":{"line":11,"column":24}},"loc":{"start":{"line":11,"column":29},"end":{"line":124,"column":1}},"line":11},"1":{"name":"(anonymous_1)","decl":{"start":{"line":12,"column":11},"end":{"line":12,"column":12}},"loc":{"start":{"line":13,"column":8},"end":{"line":14,"column":42}},"line":13},"2":{"name":"(anonymous_2)","decl":{"start":{"line":14,"column":18},"end":{"line":14,"column":19}},"loc":{"start":{"line":14,"column":24},"end":{"line":14,"column":41}},"line":14},"3":{"name":"(anonymous_3)","decl":{"start":{"line":19,"column":15},"end":{"line":19,"column":16}},"loc":{"start":{"line":19,"column":21},"end":{"line":37,"column":5}},"line":19},"4":{"name":"(anonymous_4)","decl":{"start":{"line":39,"column":41},"end":{"line":39,"column":42}},"loc":{"start":{"line":39,"column":47},"end":{"line":64,"column":5}},"line":39},"5":{"name":"(anonymous_5)","decl":{"start":{"line":41,"column":19},"end":{"line":41,"column":20}},"loc":{"start":{"line":42,"column":12},"end":{"line":49,"column":18}},"line":42},"6":{"name":"(anonymous_6)","decl":{"start":{"line":45,"column":22},"end":{"line":45,"column":23}},"loc":{"start":{"line":45,"column":45},"end":{"line":49,"column":17}},"line":45},"7":{"name":"(anonymous_7)","decl":{"start":{"line":52,"column":65},"end":{"line":52,"column":66}},"loc":{"start":{"line":52,"column":71},"end":{"line":61,"column":9}},"line":52},"8":{"name":"(anonymous_8)","decl":{"start":{"line":56,"column":22},"end":{"line":56,"column":23}},"loc":{"start":{"line":56,"column":41},"end":{"line":60,"column":17}},"line":56},"9":{"name":"(anonymous_9)","decl":{"start":{"line":65,"column":41},"end":{"line":65,"column":42}},"loc":{"start":{"line":65,"column":45},"end":{"line":88,"column":5}},"line":65},"10":{"name":"(anonymous_10)","decl":{"start":{"line":67,"column":60},"end":{"line":67,"column":61}},"loc":{"start":{"line":67,"column":66},"end":{"line":76,"column":9}},"line":67},"11":{"name":"(anonymous_11)","decl":{"start":{"line":69,"column":18},"end":{"line":69,"column":19}},"loc":{"start":{"line":69,"column":24},"end":{"line":69,"column":55}},"line":69},"12":{"name":"(anonymous_12)","decl":{"start":{"line":70,"column":23},"end":{"line":70,"column":24}},"loc":{"start":{"line":70,"column":33},"end":{"line":75,"column":17}},"line":70},"13":{"name":"(anonymous_13)","decl":{"start":{"line":78,"column":60},"end":{"line":78,"column":61}},"loc":{"start":{"line":78,"column":66},"end":{"line":87,"column":9}},"line":78},"14":{"name":"(anonymous_14)","decl":{"start":{"line":80,"column":18},"end":{"line":80,"column":19}},"loc":{"start":{"line":80,"column":24},"end":{"line":80,"column":55}},"line":80},"15":{"name":"(anonymous_15)","decl":{"start":{"line":81,"column":23},"end":{"line":81,"column":24}},"loc":{"start":{"line":81,"column":33},"end":{"line":86,"column":17}},"line":81},"16":{"name":"(anonymous_16)","decl":{"start":{"line":90,"column":40},"end":{"line":90,"column":41}},"loc":{"start":{"line":90,"column":46},"end":{"line":119,"column":5}},"line":90},"17":{"name":"(anonymous_17)","decl":{"start":{"line":92,"column":49},"end":{"line":92,"column":50}},"loc":{"start":{"line":92,"column":55},"end":{"line":103,"column":9}},"line":92},"18":{"name":"(anonymous_18)","decl":{"start":{"line":95,"column":19},"end":{"line":95,"column":20}},"loc":{"start":{"line":95,"column":25},"end":{"line":95,"column":57}},"line":95},"19":{"name":"(anonymous_19)","decl":{"start":{"line":97,"column":19},"end":{"line":97,"column":20}},"loc":{"start":{"line":97,"column":25},"end":{"line":97,"column":57}},"line":97},"20":{"name":"(anonymous_20)","decl":{"start":{"line":99,"column":19},"end":{"line":99,"column":20}},"loc":{"start":{"line":99,"column":25},"end":{"line":99,"column":57}},"line":99},"21":{"name":"(anonymous_21)","decl":{"start":{"line":101,"column":19},"end":{"line":101,"column":20}},"loc":{"start":{"line":101,"column":25},"end":{"line":101,"column":57}},"line":101},"22":{"name":"(anonymous_22)","decl":{"start":{"line":105,"column":54},"end":{"line":105,"column":55}},"loc":{"start":{"line":105,"column":60},"end":{"line":116,"column":9}},"line":105},"23":{"name":"(anonymous_23)","decl":{"start":{"line":108,"column":19},"end":{"line":108,"column":20}},"loc":{"start":{"line":108,"column":25},"end":{"line":108,"column":52}},"line":108},"24":{"name":"(anonymous_24)","decl":{"start":{"line":110,"column":19},"end":{"line":110,"column":20}},"loc":{"start":{"line":110,"column":25},"end":{"line":110,"column":52}},"line":110},"25":{"name":"(anonymous_25)","decl":{"start":{"line":112,"column":19},"end":{"line":112,"column":20}},"loc":{"start":{"line":112,"column":25},"end":{"line":112,"column":52}},"line":112},"26":{"name":"(anonymous_26)","decl":{"start":{"line":114,"column":19},"end":{"line":114,"column":20}},"loc":{"start":{"line":114,"column":25},"end":{"line":114,"column":52}},"line":114},"27":{"name":"(anonymous_27)","decl":{"start":{"line":123,"column":10},"end":{"line":123,"column":11}},"loc":{"start":{"line":123,"column":16},"end":{"line":123,"column":82}},"line":123},"28":{"name":"(anonymous_28)","decl":{"start":{"line":123,"column":54},"end":{"line":123,"column":55}},"loc":{"start":{"line":123,"column":60},"end":{"line":123,"column":81}},"line":123}},"branchMap":{},"s":{"0":1,"1":1,"2":1,"3":1,"4":1,"5":1,"6":1,"7":1,"8":1,"9":1,"10":1,"11":1,"12":5,"13":5,"14":5,"15":5,"16":5,"17":5,"18":5,"19":5,"20":5,"21":5,"22":5,"23":5,"24":5,"25":5,"26":5,"27":5,"28":1,"29":1,"30":1,"31":1,"32":1,"33":1,"34":1,"35":0,"36":0,"37":0,"38":1,"39":1,"40":1,"41":1,"42":1,"43":1,"44":1,"45":1,"46":1,"47":1,"48":1,"49":1,"50":1,"51":1,"52":1,"53":1,"54":1,"55":1,"56":1,"57":1,"58":1,"59":1,"60":1,"61":1,"62":1,"63":1,"64":1,"65":1,"66":1,"67":1,"68":1,"69":1,"70":1,"71":1,"72":1,"73":1,"74":1,"75":1,"76":1,"77":1,"78":1,"79":1,"80":1},"f":{"0":1,"1":1,"2":1,"3":5,"4":1,"5":1,"6":1,"7":1,"8":0,"9":1,"10":1,"11":1,"12":1,"13":1,"14":1,"15":1,"16":1,"17":1,"18":1,"19":1,"20":1,"21":1,"22":1,"23":1,"24":1,"25":1,"26":1,"27":1,"28":1},"b":{},"_coverageSchema":"1a1c01bbd47fc00a2c39e90264f33305004495a9","hash":"8f4d558c39aa5c389adb38990d07884e9cfbcbd3","contentHash":"1555fb917dcfdf9e986d459ce2e9680d4875cc7da0219abe824bf3dd21e8f971"},"/Users/Au/bootcamp/collab/skylab-bootcamp-202001/staff/aurora-perez/pill-o-clock/pill-o-clock-api/logic/add-contact.js":{"path":"/Users/Au/bootcamp/collab/skylab-bootcamp-202001/staff/aurora-perez/pill-o-clock/pill-o-clock-api/logic/add-contact.js","statementMap":{"0":{"start":{"line":1,"column":21},"end":{"line":1,"column":50}},"1":{"start":{"line":2,"column":29},"end":{"line":2,"column":57}},"2":{"start":{"line":3,"column":43},"end":{"line":3,"column":73}},"3":{"start":{"line":18,"column":0},"end":{"line":35,"column":1}},"4":{"start":{"line":19,"column":4},"end":{"line":19,"column":37}},"5":{"start":{"line":20,"column":4},"end":{"line":20,"column":49}},"6":{"start":{"line":22,"column":4},"end":{"line":34,"column":24}},"7":{"start":{"line":24,"column":12},"end":{"line":24,"column":82}},"8":{"start":{"line":24,"column":23},"end":{"line":24,"column":82}},"9":{"start":{"line":26,"column":12},"end":{"line":26,"column":92}},"10":{"start":{"line":26,"column":29},"end":{"line":26,"column":92}},"11":{"start":{"line":28,"column":12},"end":{"line":28,"column":44}},"12":{"start":{"line":30,"column":12},"end":{"line":30,"column":44}},"13":{"start":{"line":32,"column":12},"end":{"line":32,"column":64}}},"fnMap":{"0":{"name":"(anonymous_0)","decl":{"start":{"line":18,"column":17},"end":{"line":18,"column":18}},"loc":{"start":{"line":18,"column":42},"end":{"line":35,"column":1}},"line":18},"1":{"name":"(anonymous_1)","decl":{"start":{"line":23,"column":14},"end":{"line":23,"column":15}},"loc":{"start":{"line":23,"column":38},"end":{"line":33,"column":9}},"line":23},"2":{"name":"(anonymous_2)","decl":{"start":{"line":34,"column":14},"end":{"line":34,"column":15}},"loc":{"start":{"line":34,"column":20},"end":{"line":34,"column":23}},"line":34}},"branchMap":{"0":{"loc":{"start":{"line":24,"column":12},"end":{"line":24,"column":82}},"type":"if","locations":[{"start":{"line":24,"column":12},"end":{"line":24,"column":82}},{"start":{"line":24,"column":12},"end":{"line":24,"column":82}}],"line":24},"1":{"loc":{"start":{"line":26,"column":12},"end":{"line":26,"column":92}},"type":"if","locations":[{"start":{"line":26,"column":12},"end":{"line":26,"column":92}},{"start":{"line":26,"column":12},"end":{"line":26,"column":92}}],"line":26}},"s":{"0":1,"1":1,"2":1,"3":1,"4":11,"5":7,"6":3,"7":3,"8":1,"9":2,"10":1,"11":1,"12":1,"13":1},"f":{"0":11,"1":3,"2":1},"b":{"0":[1,2],"1":[1,1]},"_coverageSchema":"1a1c01bbd47fc00a2c39e90264f33305004495a9","hash":"f75b1f52c25ed9340530dfbda5e5e1fd4e671f7d","contentHash":"d4982cb46a95473f5588aca78d0668a396f9a37a7ec59b22e1498db93bca16d3"},"/Users/Au/bootcamp/collab/skylab-bootcamp-202001/staff/aurora-perez/pill-o-clock/pill-o-clock-api/logic/add-prescription.spec.js":{"path":"/Users/Au/bootcamp/collab/skylab-bootcamp-202001/staff/aurora-perez/pill-o-clock/pill-o-clock-api/logic/add-prescription.spec.js","statementMap":{"0":{"start":{"line":1,"column":0},"end":{"line":1,"column":26}},"1":{"start":{"line":3,"column":38},"end":{"line":3,"column":45}},"2":{"start":{"line":4,"column":56},"end":{"line":4,"column":84}},"3":{"start":{"line":5,"column":19},"end":{"line":5,"column":34}},"4":{"start":{"line":6,"column":26},"end":{"line":6,"column":30}},"5":{"start":{"line":7,"column":24},"end":{"line":7,"column":53}},"6":{"start":{"line":8,"column":42},"end":{"line":8,"column":72}},"7":{"start":{"line":10,"column":0},"end":{"line":155,"column":2}},"8":{"start":{"line":11,"column":4},"end":{"line":14,"column":5}},"9":{"start":{"line":12,"column":8},"end":{"line":13,"column":76}},"10":{"start":{"line":13,"column":24},"end":{"line":13,"column":75}},"11":{"start":{"line":18,"column":4},"end":{"line":31,"column":6}},"12":{"start":{"line":19,"column":8},"end":{"line":19,"column":33}},"13":{"start":{"line":20,"column":8},"end":{"line":20,"column":39}},"14":{"start":{"line":21,"column":8},"end":{"line":21,"column":37}},"15":{"start":{"line":22,"column":8},"end":{"line":22,"column":22}},"16":{"start":{"line":23,"column":8},"end":{"line":23,"column":35}},"17":{"start":{"line":24,"column":8},"end":{"line":24,"column":39}},"18":{"start":{"line":25,"column":8},"end":{"line":25,"column":44}},"19":{"start":{"line":26,"column":8},"end":{"line":26,"column":41}},"20":{"start":{"line":27,"column":8},"end":{"line":27,"column":41}},"21":{"start":{"line":28,"column":8},"end":{"line":28,"column":47}},"22":{"start":{"line":29,"column":8},"end":{"line":29,"column":65}},"23":{"start":{"line":33,"column":4},"end":{"line":84,"column":6}},"24":{"start":{"line":35,"column":8},"end":{"line":42,"column":9}},"25":{"start":{"line":36,"column":12},"end":{"line":41,"column":41}},"26":{"start":{"line":38,"column":20},"end":{"line":38,"column":28}},"27":{"start":{"line":40,"column":24},"end":{"line":40,"column":60}},"28":{"start":{"line":41,"column":28},"end":{"line":41,"column":40}},"29":{"start":{"line":44,"column":8},"end":{"line":53,"column":9}},"30":{"start":{"line":45,"column":12},"end":{"line":52,"column":18}},"31":{"start":{"line":46,"column":28},"end":{"line":46,"column":53}},"32":{"start":{"line":48,"column":20},"end":{"line":48,"column":41}},"33":{"start":{"line":49,"column":20},"end":{"line":49,"column":28}},"34":{"start":{"line":50,"column":20},"end":{"line":50,"column":57}},"35":{"start":{"line":51,"column":20},"end":{"line":51,"column":75}},"36":{"start":{"line":55,"column":8},"end":{"line":62,"column":10}},"37":{"start":{"line":56,"column":12},"end":{"line":61,"column":14}},"38":{"start":{"line":58,"column":16},"end":{"line":58,"column":38}},"39":{"start":{"line":59,"column":16},"end":{"line":59,"column":63}},"40":{"start":{"line":60,"column":16},"end":{"line":60,"column":126}},"41":{"start":{"line":64,"column":8},"end":{"line":72,"column":10}},"42":{"start":{"line":65,"column":12},"end":{"line":71,"column":18}},"43":{"start":{"line":66,"column":24},"end":{"line":66,"column":59}},"44":{"start":{"line":68,"column":20},"end":{"line":68,"column":44}},"45":{"start":{"line":70,"column":20},"end":{"line":70,"column":77}},"46":{"start":{"line":74,"column":8},"end":{"line":82,"column":10}},"47":{"start":{"line":75,"column":12},"end":{"line":81,"column":18}},"48":{"start":{"line":76,"column":24},"end":{"line":76,"column":59}},"49":{"start":{"line":78,"column":20},"end":{"line":78,"column":44}},"50":{"start":{"line":80,"column":20},"end":{"line":80,"column":81}},"51":{"start":{"line":86,"column":4},"end":{"line":152,"column":6}},"52":{"start":{"line":87,"column":8},"end":{"line":92,"column":9}},"53":{"start":{"line":88,"column":12},"end":{"line":91,"column":10}},"54":{"start":{"line":90,"column":12},"end":{"line":90,"column":21}},"55":{"start":{"line":94,"column":8},"end":{"line":106,"column":10}},"56":{"start":{"line":95,"column":12},"end":{"line":95,"column":28}},"57":{"start":{"line":96,"column":12},"end":{"line":96,"column":111}},"58":{"start":{"line":96,"column":25},"end":{"line":96,"column":61}},"59":{"start":{"line":98,"column":12},"end":{"line":98,"column":20}},"60":{"start":{"line":99,"column":12},"end":{"line":99,"column":111}},"61":{"start":{"line":99,"column":25},"end":{"line":99,"column":61}},"62":{"start":{"line":101,"column":12},"end":{"line":101,"column":23}},"63":{"start":{"line":102,"column":12},"end":{"line":102,"column":111}},"64":{"start":{"line":102,"column":25},"end":{"line":102,"column":61}},"65":{"start":{"line":104,"column":12},"end":{"line":104,"column":27}},"66":{"start":{"line":105,"column":12},"end":{"line":105,"column":111}},"67":{"start":{"line":105,"column":25},"end":{"line":105,"column":61}},"68":{"start":{"line":108,"column":8},"end":{"line":121,"column":10}},"69":{"start":{"line":109,"column":12},"end":{"line":109,"column":27}},"70":{"start":{"line":110,"column":12},"end":{"line":110,"column":33}},"71":{"start":{"line":111,"column":12},"end":{"line":111,"column":120}},"72":{"start":{"line":111,"column":25},"end":{"line":111,"column":61}},"73":{"start":{"line":113,"column":12},"end":{"line":113,"column":25}},"74":{"start":{"line":114,"column":12},"end":{"line":114,"column":120}},"75":{"start":{"line":114,"column":25},"end":{"line":114,"column":61}},"76":{"start":{"line":116,"column":12},"end":{"line":116,"column":28}},"77":{"start":{"line":117,"column":12},"end":{"line":117,"column":120}},"78":{"start":{"line":117,"column":25},"end":{"line":117,"column":61}},"79":{"start":{"line":119,"column":12},"end":{"line":119,"column":32}},"80":{"start":{"line":120,"column":12},"end":{"line":120,"column":120}},"81":{"start":{"line":120,"column":25},"end":{"line":120,"column":61}},"82":{"start":{"line":123,"column":8},"end":{"line":136,"column":10}},"83":{"start":{"line":124,"column":12},"end":{"line":124,"column":36}},"84":{"start":{"line":125,"column":12},"end":{"line":125,"column":29}},"85":{"start":{"line":126,"column":12},"end":{"line":126,"column":114}},"86":{"start":{"line":126,"column":25},"end":{"line":126,"column":61}},"87":{"start":{"line":128,"column":12},"end":{"line":128,"column":33}},"88":{"start":{"line":129,"column":12},"end":{"line":129,"column":114}},"89":{"start":{"line":129,"column":25},"end":{"line":129,"column":61}},"90":{"start":{"line":131,"column":12},"end":{"line":131,"column":24}},"91":{"start":{"line":132,"column":12},"end":{"line":132,"column":114}},"92":{"start":{"line":132,"column":25},"end":{"line":132,"column":61}},"93":{"start":{"line":134,"column":12},"end":{"line":134,"column":28}},"94":{"start":{"line":135,"column":12},"end":{"line":135,"column":114}},"95":{"start":{"line":135,"column":25},"end":{"line":135,"column":61}},"96":{"start":{"line":138,"column":8},"end":{"line":151,"column":10}},"97":{"start":{"line":140,"column":12},"end":{"line":140,"column":23}},"98":{"start":{"line":141,"column":12},"end":{"line":141,"column":119}},"99":{"start":{"line":141,"column":25},"end":{"line":141,"column":61}},"100":{"start":{"line":143,"column":12},"end":{"line":143,"column":35}},"101":{"start":{"line":144,"column":12},"end":{"line":144,"column":119}},"102":{"start":{"line":144,"column":25},"end":{"line":144,"column":61}},"103":{"start":{"line":146,"column":12},"end":{"line":146,"column":26}},"104":{"start":{"line":147,"column":12},"end":{"line":147,"column":119}},"105":{"start":{"line":147,"column":25},"end":{"line":147,"column":61}},"106":{"start":{"line":149,"column":12},"end":{"line":149,"column":30}},"107":{"start":{"line":150,"column":12},"end":{"line":150,"column":119}},"108":{"start":{"line":150,"column":25},"end":{"line":150,"column":61}},"109":{"start":{"line":154,"column":0},"end":{"line":154,"column":122}},"110":{"start":{"line":154,"column":12},"end":{"line":154,"column":121}},"111":{"start":{"line":154,"column":99},"end":{"line":154,"column":120}}},"fnMap":{"0":{"name":"(anonymous_0)","decl":{"start":{"line":10,"column":28},"end":{"line":10,"column":29}},"loc":{"start":{"line":10,"column":34},"end":{"line":155,"column":1}},"line":10},"1":{"name":"(anonymous_1)","decl":{"start":{"line":11,"column":11},"end":{"line":11,"column":12}},"loc":{"start":{"line":12,"column":8},"end":{"line":13,"column":76}},"line":12},"2":{"name":"(anonymous_2)","decl":{"start":{"line":13,"column":18},"end":{"line":13,"column":19}},"loc":{"start":{"line":13,"column":24},"end":{"line":13,"column":75}},"line":13},"3":{"name":"(anonymous_3)","decl":{"start":{"line":18,"column":15},"end":{"line":18,"column":16}},"loc":{"start":{"line":18,"column":21},"end":{"line":31,"column":5}},"line":18},"4":{"name":"(anonymous_4)","decl":{"start":{"line":33,"column":41},"end":{"line":33,"column":42}},"loc":{"start":{"line":33,"column":47},"end":{"line":84,"column":5}},"line":33},"5":{"name":"(anonymous_5)","decl":{"start":{"line":35,"column":19},"end":{"line":35,"column":20}},"loc":{"start":{"line":36,"column":12},"end":{"line":41,"column":41}},"line":36},"6":{"name":"(anonymous_6)","decl":{"start":{"line":37,"column":22},"end":{"line":37,"column":23}},"loc":{"start":{"line":37,"column":34},"end":{"line":39,"column":17}},"line":37},"7":{"name":"(anonymous_7)","decl":{"start":{"line":40,"column":18},"end":{"line":40,"column":19}},"loc":{"start":{"line":40,"column":24},"end":{"line":40,"column":60}},"line":40},"8":{"name":"(anonymous_8)","decl":{"start":{"line":41,"column":18},"end":{"line":41,"column":19}},"loc":{"start":{"line":41,"column":28},"end":{"line":41,"column":40}},"line":41},"9":{"name":"(anonymous_9)","decl":{"start":{"line":44,"column":65},"end":{"line":44,"column":66}},"loc":{"start":{"line":45,"column":12},"end":{"line":52,"column":18}},"line":45},"10":{"name":"(anonymous_10)","decl":{"start":{"line":46,"column":22},"end":{"line":46,"column":23}},"loc":{"start":{"line":46,"column":28},"end":{"line":46,"column":53}},"line":46},"11":{"name":"(anonymous_11)","decl":{"start":{"line":47,"column":22},"end":{"line":47,"column":23}},"loc":{"start":{"line":47,"column":32},"end":{"line":52,"column":17}},"line":47},"12":{"name":"(anonymous_12)","decl":{"start":{"line":55,"column":86},"end":{"line":55,"column":87}},"loc":{"start":{"line":55,"column":92},"end":{"line":62,"column":9}},"line":55},"13":{"name":"(anonymous_13)","decl":{"start":{"line":57,"column":19},"end":{"line":57,"column":20}},"loc":{"start":{"line":57,"column":28},"end":{"line":61,"column":13}},"line":57},"14":{"name":"(anonymous_14)","decl":{"start":{"line":64,"column":53},"end":{"line":64,"column":54}},"loc":{"start":{"line":64,"column":59},"end":{"line":72,"column":9}},"line":64},"15":{"name":"(anonymous_15)","decl":{"start":{"line":66,"column":18},"end":{"line":66,"column":19}},"loc":{"start":{"line":66,"column":24},"end":{"line":66,"column":59}},"line":66},"16":{"name":"(anonymous_16)","decl":{"start":{"line":67,"column":23},"end":{"line":67,"column":24}},"loc":{"start":{"line":67,"column":38},"end":{"line":71,"column":17}},"line":67},"17":{"name":"(anonymous_17)","decl":{"start":{"line":74,"column":53},"end":{"line":74,"column":54}},"loc":{"start":{"line":74,"column":59},"end":{"line":82,"column":9}},"line":74},"18":{"name":"(anonymous_18)","decl":{"start":{"line":76,"column":18},"end":{"line":76,"column":19}},"loc":{"start":{"line":76,"column":24},"end":{"line":76,"column":59}},"line":76},"19":{"name":"(anonymous_19)","decl":{"start":{"line":77,"column":23},"end":{"line":77,"column":24}},"loc":{"start":{"line":77,"column":38},"end":{"line":81,"column":17}},"line":77},"20":{"name":"(anonymous_20)","decl":{"start":{"line":86,"column":40},"end":{"line":86,"column":41}},"loc":{"start":{"line":86,"column":46},"end":{"line":152,"column":5}},"line":86},"21":{"name":"(anonymous_21)","decl":{"start":{"line":87,"column":19},"end":{"line":87,"column":20}},"loc":{"start":{"line":88,"column":12},"end":{"line":91,"column":10}},"line":88},"22":{"name":"(anonymous_22)","decl":{"start":{"line":89,"column":14},"end":{"line":89,"column":15}},"loc":{"start":{"line":89,"column":24},"end":{"line":91,"column":9}},"line":89},"23":{"name":"(anonymous_23)","decl":{"start":{"line":94,"column":45},"end":{"line":94,"column":46}},"loc":{"start":{"line":94,"column":51},"end":{"line":106,"column":9}},"line":94},"24":{"name":"(anonymous_24)","decl":{"start":{"line":96,"column":19},"end":{"line":96,"column":20}},"loc":{"start":{"line":96,"column":25},"end":{"line":96,"column":61}},"line":96},"25":{"name":"(anonymous_25)","decl":{"start":{"line":99,"column":19},"end":{"line":99,"column":20}},"loc":{"start":{"line":99,"column":25},"end":{"line":99,"column":61}},"line":99},"26":{"name":"(anonymous_26)","decl":{"start":{"line":102,"column":19},"end":{"line":102,"column":20}},"loc":{"start":{"line":102,"column":25},"end":{"line":102,"column":61}},"line":102},"27":{"name":"(anonymous_27)","decl":{"start":{"line":105,"column":19},"end":{"line":105,"column":20}},"loc":{"start":{"line":105,"column":25},"end":{"line":105,"column":61}},"line":105},"28":{"name":"(anonymous_28)","decl":{"start":{"line":108,"column":51},"end":{"line":108,"column":52}},"loc":{"start":{"line":108,"column":57},"end":{"line":121,"column":9}},"line":108},"29":{"name":"(anonymous_29)","decl":{"start":{"line":111,"column":19},"end":{"line":111,"column":20}},"loc":{"start":{"line":111,"column":25},"end":{"line":111,"column":61}},"line":111},"30":{"name":"(anonymous_30)","decl":{"start":{"line":114,"column":19},"end":{"line":114,"column":20}},"loc":{"start":{"line":114,"column":25},"end":{"line":114,"column":61}},"line":114},"31":{"name":"(anonymous_31)","decl":{"start":{"line":117,"column":19},"end":{"line":117,"column":20}},"loc":{"start":{"line":117,"column":25},"end":{"line":117,"column":61}},"line":117},"32":{"name":"(anonymous_32)","decl":{"start":{"line":120,"column":19},"end":{"line":120,"column":20}},"loc":{"start":{"line":120,"column":25},"end":{"line":120,"column":61}},"line":120},"33":{"name":"(anonymous_33)","decl":{"start":{"line":123,"column":47},"end":{"line":123,"column":48}},"loc":{"start":{"line":123,"column":53},"end":{"line":136,"column":9}},"line":123},"34":{"name":"(anonymous_34)","decl":{"start":{"line":126,"column":19},"end":{"line":126,"column":20}},"loc":{"start":{"line":126,"column":25},"end":{"line":126,"column":61}},"line":126},"35":{"name":"(anonymous_35)","decl":{"start":{"line":129,"column":19},"end":{"line":129,"column":20}},"loc":{"start":{"line":129,"column":25},"end":{"line":129,"column":61}},"line":129},"36":{"name":"(anonymous_36)","decl":{"start":{"line":132,"column":19},"end":{"line":132,"column":20}},"loc":{"start":{"line":132,"column":25},"end":{"line":132,"column":61}},"line":132},"37":{"name":"(anonymous_37)","decl":{"start":{"line":135,"column":19},"end":{"line":135,"column":20}},"loc":{"start":{"line":135,"column":25},"end":{"line":135,"column":61}},"line":135},"38":{"name":"(anonymous_38)","decl":{"start":{"line":138,"column":67},"end":{"line":138,"column":68}},"loc":{"start":{"line":138,"column":73},"end":{"line":151,"column":9}},"line":138},"39":{"name":"(anonymous_39)","decl":{"start":{"line":141,"column":19},"end":{"line":141,"column":20}},"loc":{"start":{"line":141,"column":25},"end":{"line":141,"column":61}},"line":141},"40":{"name":"(anonymous_40)","decl":{"start":{"line":144,"column":19},"end":{"line":144,"column":20}},"loc":{"start":{"line":144,"column":25},"end":{"line":144,"column":61}},"line":144},"41":{"name":"(anonymous_41)","decl":{"start":{"line":147,"column":19},"end":{"line":147,"column":20}},"loc":{"start":{"line":147,"column":25},"end":{"line":147,"column":61}},"line":147},"42":{"name":"(anonymous_42)","decl":{"start":{"line":150,"column":19},"end":{"line":150,"column":20}},"loc":{"start":{"line":150,"column":25},"end":{"line":150,"column":61}},"line":150},"43":{"name":"(anonymous_43)","decl":{"start":{"line":154,"column":6},"end":{"line":154,"column":7}},"loc":{"start":{"line":154,"column":12},"end":{"line":154,"column":121}},"line":154},"44":{"name":"(anonymous_44)","decl":{"start":{"line":154,"column":93},"end":{"line":154,"column":94}},"loc":{"start":{"line":154,"column":99},"end":{"line":154,"column":120}},"line":154}},"branchMap":{},"s":{"0":1,"1":1,"2":1,"3":1,"4":1,"5":1,"6":1,"7":1,"8":1,"9":1,"10":1,"11":1,"12":8,"13":8,"14":8,"15":8,"16":8,"17":8,"18":8,"19":8,"20":8,"21":8,"22":8,"23":1,"24":1,"25":4,"26":4,"27":4,"28":4,"29":1,"30":1,"31":1,"32":1,"33":1,"34":1,"35":1,"36":1,"37":1,"38":0,"39":0,"40":0,"41":1,"42":1,"43":1,"44":1,"45":1,"46":1,"47":1,"48":1,"49":1,"50":1,"51":1,"52":1,"53":4,"54":4,"55":1,"56":1,"57":1,"58":1,"59":1,"60":1,"61":1,"62":1,"63":1,"64":1,"65":1,"66":1,"67":1,"68":1,"69":1,"70":1,"71":1,"72":1,"73":1,"74":1,"75":1,"76":1,"77":1,"78":1,"79":1,"80":1,"81":1,"82":1,"83":1,"84":1,"85":1,"86":1,"87":1,"88":1,"89":1,"90":1,"91":1,"92":1,"93":1,"94":1,"95":1,"96":1,"97":1,"98":1,"99":1,"100":1,"101":1,"102":1,"103":1,"104":1,"105":1,"106":1,"107":1,"108":1,"109":1,"110":1,"111":1},"f":{"0":1,"1":1,"2":1,"3":8,"4":1,"5":4,"6":4,"7":4,"8":4,"9":1,"10":1,"11":1,"12":1,"13":0,"14":1,"15":1,"16":1,"17":1,"18":1,"19":1,"20":1,"21":4,"22":4,"23":1,"24":1,"25":1,"26":1,"27":1,"28":1,"29":1,"30":1,"31":1,"32":1,"33":1,"34":1,"35":1,"36":1,"37":1,"38":1,"39":1,"40":1,"41":1,"42":1,"43":1,"44":1},"b":{},"_coverageSchema":"1a1c01bbd47fc00a2c39e90264f33305004495a9","hash":"bfef7f9f3aaf6b71661ee8924508b554bc568d6e","contentHash":"fa005ce471ab4084e4b7502aab4e36c38db5314c58ecc99b5a7a1ece4e04c331"},"/Users/Au/bootcamp/collab/skylab-bootcamp-202001/staff/aurora-perez/pill-o-clock/pill-o-clock-api/logic/add-prescription.js":{"path":"/Users/Au/bootcamp/collab/skylab-bootcamp-202001/staff/aurora-perez/pill-o-clock/pill-o-clock-api/logic/add-prescription.js","statementMap":{"0":{"start":{"line":1,"column":21},"end":{"line":1,"column":50}},"1":{"start":{"line":2,"column":46},"end":{"line":2,"column":74}},"2":{"start":{"line":3,"column":43},"end":{"line":3,"column":73}},"3":{"start":{"line":19,"column":0},"end":{"line":45,"column":1}},"4":{"start":{"line":20,"column":4},"end":{"line":20,"column":29}},"5":{"start":{"line":21,"column":4},"end":{"line":21,"column":37}},"6":{"start":{"line":22,"column":4},"end":{"line":22,"column":39}},"7":{"start":{"line":23,"column":4},"end":{"line":25,"column":6}},"8":{"start":{"line":24,"column":8},"end":{"line":24,"column":39}},"9":{"start":{"line":27,"column":4},"end":{"line":44,"column":8}},"10":{"start":{"line":28,"column":19},"end":{"line":28,"column":49}},"11":{"start":{"line":29,"column":19},"end":{"line":29,"column":53}},"12":{"start":{"line":31,"column":8},"end":{"line":31,"column":78}},"13":{"start":{"line":31,"column":19},"end":{"line":31,"column":78}},"14":{"start":{"line":32,"column":8},"end":{"line":32,"column":74}},"15":{"start":{"line":32,"column":19},"end":{"line":32,"column":74}},"16":{"start":{"line":34,"column":8},"end":{"line":34,"column":181}},"17":{"start":{"line":34,"column":43},"end":{"line":34,"column":74}},"18":{"start":{"line":34,"column":77},"end":{"line":34,"column":181}},"19":{"start":{"line":40,"column":26},"end":{"line":40,"column":120}},"20":{"start":{"line":42,"column":8},"end":{"line":42,"column":86}},"21":{"start":{"line":43,"column":8},"end":{"line":43,"column":37}}},"fnMap":{"0":{"name":"(anonymous_0)","decl":{"start":{"line":19,"column":17},"end":{"line":19,"column":18}},"loc":{"start":{"line":19,"column":39},"end":{"line":45,"column":1}},"line":19},"1":{"name":"(anonymous_1)","decl":{"start":{"line":23,"column":17},"end":{"line":23,"column":18}},"loc":{"start":{"line":23,"column":25},"end":{"line":25,"column":5}},"line":23},"2":{"name":"(anonymous_2)","decl":{"start":{"line":27,"column":12},"end":{"line":27,"column":13}},"loc":{"start":{"line":27,"column":24},"end":{"line":44,"column":5}},"line":27},"3":{"name":"(anonymous_3)","decl":{"start":{"line":34,"column":35},"end":{"line":34,"column":36}},"loc":{"start":{"line":34,"column":43},"end":{"line":34,"column":74}},"line":34}},"branchMap":{"0":{"loc":{"start":{"line":31,"column":8},"end":{"line":31,"column":78}},"type":"if","locations":[{"start":{"line":31,"column":8},"end":{"line":31,"column":78}},{"start":{"line":31,"column":8},"end":{"line":31,"column":78}}],"line":31},"1":{"loc":{"start":{"line":32,"column":8},"end":{"line":32,"column":74}},"type":"if","locations":[{"start":{"line":32,"column":8},"end":{"line":32,"column":74}},{"start":{"line":32,"column":8},"end":{"line":32,"column":74}}],"line":32},"2":{"loc":{"start":{"line":34,"column":8},"end":{"line":34,"column":181}},"type":"if","locations":[{"start":{"line":34,"column":8},"end":{"line":34,"column":181}},{"start":{"line":34,"column":8},"end":{"line":34,"column":181}}],"line":34}},"s":{"0":1,"1":1,"2":1,"3":1,"4":20,"5":16,"6":12,"7":8,"8":8,"9":4,"10":4,"11":4,"12":4,"13":1,"14":3,"15":1,"16":2,"17":0,"18":0,"19":2,"20":2,"21":2},"f":{"0":20,"1":8,"2":4,"3":0},"b":{"0":[1,3],"1":[1,2],"2":[0,2]},"_coverageSchema":"1a1c01bbd47fc00a2c39e90264f33305004495a9","hash":"6cf0e681b963bc77f3d66c53ca66357dfb49eba4","contentHash":"4740c73b68920aa63cbcb32b20dca262f30d25de9057f5f637b38a70db4218a9"},"/Users/Au/bootcamp/collab/skylab-bootcamp-202001/staff/aurora-perez/pill-o-clock/pill-o-clock-api/logic/add-progress-record.spec.js":{"path":"/Users/Au/bootcamp/collab/skylab-bootcamp-202001/staff/aurora-perez/pill-o-clock/pill-o-clock-api/logic/add-progress-record.spec.js","statementMap":{"0":{"start":{"line":1,"column":0},"end":{"line":1,"column":26}},"1":{"start":{"line":3,"column":38},"end":{"line":3,"column":45}},"2":{"start":{"line":4,"column":56},"end":{"line":4,"column":84}},"3":{"start":{"line":5,"column":19},"end":{"line":5,"column":34}},"4":{"start":{"line":6,"column":26},"end":{"line":6,"column":30}},"5":{"start":{"line":7,"column":26},"end":{"line":7,"column":58}},"6":{"start":{"line":9,"column":0},"end":{"line":146,"column":2}},"7":{"start":{"line":10,"column":4},"end":{"line":13,"column":5}},"8":{"start":{"line":11,"column":8},"end":{"line":12,"column":76}},"9":{"start":{"line":12,"column":24},"end":{"line":12,"column":75}},"10":{"start":{"line":15,"column":119},"end":{"line":15,"column":121}},"11":{"start":{"line":16,"column":19},"end":{"line":16,"column":71}},"12":{"start":{"line":18,"column":4},"end":{"line":34,"column":6}},"13":{"start":{"line":19,"column":8},"end":{"line":19,"column":33}},"14":{"start":{"line":20,"column":8},"end":{"line":20,"column":39}},"15":{"start":{"line":21,"column":8},"end":{"line":21,"column":37}},"16":{"start":{"line":22,"column":8},"end":{"line":22,"column":22}},"17":{"start":{"line":23,"column":8},"end":{"line":23,"column":35}},"18":{"start":{"line":24,"column":8},"end":{"line":24,"column":39}},"19":{"start":{"line":25,"column":8},"end":{"line":25,"column":44}},"20":{"start":{"line":26,"column":8},"end":{"line":26,"column":41}},"21":{"start":{"line":27,"column":8},"end":{"line":27,"column":41}},"22":{"start":{"line":28,"column":8},"end":{"line":28,"column":47}},"23":{"start":{"line":29,"column":8},"end":{"line":29,"column":30}},"24":{"start":{"line":30,"column":8},"end":{"line":33,"column":9}},"25":{"start":{"line":36,"column":4},"end":{"line":70,"column":6}},"26":{"start":{"line":38,"column":8},"end":{"line":45,"column":9}},"27":{"start":{"line":39,"column":12},"end":{"line":44,"column":41}},"28":{"start":{"line":41,"column":20},"end":{"line":41,"column":28}},"29":{"start":{"line":43,"column":24},"end":{"line":43,"column":60}},"30":{"start":{"line":44,"column":28},"end":{"line":44,"column":40}},"31":{"start":{"line":47,"column":8},"end":{"line":58,"column":9}},"32":{"start":{"line":48,"column":12},"end":{"line":57,"column":18}},"33":{"start":{"line":49,"column":28},"end":{"line":49,"column":53}},"34":{"start":{"line":51,"column":20},"end":{"line":51,"column":41}},"35":{"start":{"line":53,"column":20},"end":{"line":53,"column":59}},"36":{"start":{"line":54,"column":20},"end":{"line":54,"column":75}},"37":{"start":{"line":55,"column":20},"end":{"line":55,"column":82}},"38":{"start":{"line":56,"column":20},"end":{"line":56,"column":78}},"39":{"start":{"line":60,"column":8},"end":{"line":69,"column":10}},"40":{"start":{"line":61,"column":12},"end":{"line":68,"column":18}},"41":{"start":{"line":62,"column":24},"end":{"line":62,"column":55}},"42":{"start":{"line":63,"column":28},"end":{"line":63,"column":75}},"43":{"start":{"line":65,"column":20},"end":{"line":65,"column":44}},"44":{"start":{"line":67,"column":20},"end":{"line":67,"column":88}},"45":{"start":{"line":72,"column":4},"end":{"line":143,"column":6}},"46":{"start":{"line":80,"column":8},"end":{"line":109,"column":10}},"47":{"start":{"line":82,"column":12},"end":{"line":82,"column":32}},"48":{"start":{"line":83,"column":12},"end":{"line":87,"column":13}},"49":{"start":{"line":84,"column":16},"end":{"line":84,"column":57}},"50":{"start":{"line":86,"column":16},"end":{"line":86,"column":30}},"51":{"start":{"line":87,"column":14},"end":{"line":87,"column":82}},"52":{"start":{"line":89,"column":12},"end":{"line":89,"column":27}},"53":{"start":{"line":90,"column":12},"end":{"line":94,"column":13}},"54":{"start":{"line":91,"column":16},"end":{"line":91,"column":57}},"55":{"start":{"line":93,"column":16},"end":{"line":93,"column":30}},"56":{"start":{"line":94,"column":14},"end":{"line":94,"column":82}},"57":{"start":{"line":96,"column":12},"end":{"line":96,"column":31}},"58":{"start":{"line":97,"column":12},"end":{"line":101,"column":13}},"59":{"start":{"line":98,"column":16},"end":{"line":98,"column":57}},"60":{"start":{"line":100,"column":16},"end":{"line":100,"column":30}},"61":{"start":{"line":101,"column":14},"end":{"line":101,"column":82}},"62":{"start":{"line":103,"column":12},"end":{"line":103,"column":24}},"63":{"start":{"line":104,"column":12},"end":{"line":108,"column":13}},"64":{"start":{"line":105,"column":16},"end":{"line":105,"column":57}},"65":{"start":{"line":107,"column":16},"end":{"line":107,"column":30}},"66":{"start":{"line":108,"column":14},"end":{"line":108,"column":82}},"67":{"start":{"line":111,"column":8},"end":{"line":140,"column":10}},"68":{"start":{"line":112,"column":12},"end":{"line":112,"column":31}},"69":{"start":{"line":113,"column":12},"end":{"line":113,"column":32}},"70":{"start":{"line":114,"column":12},"end":{"line":118,"column":13}},"71":{"start":{"line":115,"column":16},"end":{"line":115,"column":57}},"72":{"start":{"line":117,"column":16},"end":{"line":117,"column":30}},"73":{"start":{"line":118,"column":14},"end":{"line":118,"column":83}},"74":{"start":{"line":120,"column":12},"end":{"line":120,"column":27}},"75":{"start":{"line":121,"column":12},"end":{"line":125,"column":13}},"76":{"start":{"line":122,"column":16},"end":{"line":122,"column":57}},"77":{"start":{"line":124,"column":16},"end":{"line":124,"column":30}},"78":{"start":{"line":125,"column":14},"end":{"line":125,"column":83}},"79":{"start":{"line":127,"column":12},"end":{"line":127,"column":31}},"80":{"start":{"line":128,"column":12},"end":{"line":132,"column":13}},"81":{"start":{"line":129,"column":16},"end":{"line":129,"column":57}},"82":{"start":{"line":131,"column":16},"end":{"line":131,"column":30}},"83":{"start":{"line":132,"column":14},"end":{"line":132,"column":83}},"84":{"start":{"line":134,"column":12},"end":{"line":134,"column":34}},"85":{"start":{"line":135,"column":12},"end":{"line":139,"column":13}},"86":{"start":{"line":136,"column":16},"end":{"line":136,"column":57}},"87":{"start":{"line":138,"column":16},"end":{"line":138,"column":30}},"88":{"start":{"line":139,"column":14},"end":{"line":139,"column":83}},"89":{"start":{"line":145,"column":0},"end":{"line":145,"column":122}},"90":{"start":{"line":145,"column":12},"end":{"line":145,"column":121}},"91":{"start":{"line":145,"column":99},"end":{"line":145,"column":120}}},"fnMap":{"0":{"name":"(anonymous_0)","decl":{"start":{"line":9,"column":30},"end":{"line":9,"column":31}},"loc":{"start":{"line":9,"column":36},"end":{"line":146,"column":1}},"line":9},"1":{"name":"(anonymous_1)","decl":{"start":{"line":10,"column":11},"end":{"line":10,"column":12}},"loc":{"start":{"line":11,"column":8},"end":{"line":12,"column":76}},"line":11},"2":{"name":"(anonymous_2)","decl":{"start":{"line":12,"column":18},"end":{"line":12,"column":19}},"loc":{"start":{"line":12,"column":24},"end":{"line":12,"column":75}},"line":12},"3":{"name":"(anonymous_3)","decl":{"start":{"line":18,"column":15},"end":{"line":18,"column":16}},"loc":{"start":{"line":18,"column":21},"end":{"line":34,"column":5}},"line":18},"4":{"name":"(anonymous_4)","decl":{"start":{"line":36,"column":41},"end":{"line":36,"column":42}},"loc":{"start":{"line":36,"column":47},"end":{"line":70,"column":5}},"line":36},"5":{"name":"(anonymous_5)","decl":{"start":{"line":38,"column":19},"end":{"line":38,"column":20}},"loc":{"start":{"line":39,"column":12},"end":{"line":44,"column":41}},"line":39},"6":{"name":"(anonymous_6)","decl":{"start":{"line":40,"column":22},"end":{"line":40,"column":23}},"loc":{"start":{"line":40,"column":34},"end":{"line":42,"column":17}},"line":40},"7":{"name":"(anonymous_7)","decl":{"start":{"line":43,"column":18},"end":{"line":43,"column":19}},"loc":{"start":{"line":43,"column":24},"end":{"line":43,"column":60}},"line":43},"8":{"name":"(anonymous_8)","decl":{"start":{"line":44,"column":18},"end":{"line":44,"column":19}},"loc":{"start":{"line":44,"column":28},"end":{"line":44,"column":40}},"line":44},"9":{"name":"(anonymous_9)","decl":{"start":{"line":47,"column":65},"end":{"line":47,"column":66}},"loc":{"start":{"line":48,"column":12},"end":{"line":57,"column":18}},"line":48},"10":{"name":"(anonymous_10)","decl":{"start":{"line":49,"column":22},"end":{"line":49,"column":23}},"loc":{"start":{"line":49,"column":28},"end":{"line":49,"column":53}},"line":49},"11":{"name":"(anonymous_11)","decl":{"start":{"line":50,"column":22},"end":{"line":50,"column":23}},"loc":{"start":{"line":50,"column":32},"end":{"line":57,"column":17}},"line":50},"12":{"name":"(anonymous_12)","decl":{"start":{"line":60,"column":53},"end":{"line":60,"column":54}},"loc":{"start":{"line":60,"column":59},"end":{"line":69,"column":9}},"line":60},"13":{"name":"(anonymous_13)","decl":{"start":{"line":62,"column":18},"end":{"line":62,"column":19}},"loc":{"start":{"line":62,"column":24},"end":{"line":62,"column":55}},"line":62},"14":{"name":"(anonymous_14)","decl":{"start":{"line":63,"column":22},"end":{"line":63,"column":23}},"loc":{"start":{"line":63,"column":27},"end":{"line":63,"column":76}},"line":63},"15":{"name":"(anonymous_15)","decl":{"start":{"line":64,"column":23},"end":{"line":64,"column":24}},"loc":{"start":{"line":64,"column":38},"end":{"line":68,"column":17}},"line":64},"16":{"name":"(anonymous_16)","decl":{"start":{"line":72,"column":40},"end":{"line":72,"column":41}},"loc":{"start":{"line":72,"column":46},"end":{"line":143,"column":5}},"line":72},"17":{"name":"(anonymous_17)","decl":{"start":{"line":80,"column":45},"end":{"line":80,"column":46}},"loc":{"start":{"line":80,"column":57},"end":{"line":109,"column":9}},"line":80},"18":{"name":"(anonymous_18)","decl":{"start":{"line":111,"column":50},"end":{"line":111,"column":51}},"loc":{"start":{"line":111,"column":62},"end":{"line":140,"column":9}},"line":111},"19":{"name":"(anonymous_19)","decl":{"start":{"line":145,"column":6},"end":{"line":145,"column":7}},"loc":{"start":{"line":145,"column":12},"end":{"line":145,"column":121}},"line":145},"20":{"name":"(anonymous_20)","decl":{"start":{"line":145,"column":93},"end":{"line":145,"column":94}},"loc":{"start":{"line":145,"column":99},"end":{"line":145,"column":120}},"line":145}},"branchMap":{},"s":{"0":1,"1":1,"2":1,"3":1,"4":1,"5":1,"6":1,"7":1,"8":1,"9":1,"10":1,"11":1,"12":1,"13":4,"14":4,"15":4,"16":4,"17":4,"18":4,"19":4,"20":4,"21":4,"22":4,"23":4,"24":4,"25":1,"26":1,"27":2,"28":2,"29":2,"30":2,"31":1,"32":1,"33":1,"34":1,"35":1,"36":1,"37":1,"38":1,"39":1,"40":1,"41":1,"42":0,"43":1,"44":1,"45":1,"46":1,"47":1,"48":1,"49":1,"50":1,"51":1,"52":1,"53":1,"54":1,"55":1,"56":1,"57":1,"58":1,"59":1,"60":1,"61":1,"62":1,"63":1,"64":1,"65":1,"66":1,"67":1,"68":1,"69":1,"70":1,"71":1,"72":1,"73":1,"74":1,"75":1,"76":1,"77":1,"78":1,"79":1,"80":1,"81":1,"82":1,"83":1,"84":1,"85":1,"86":1,"87":1,"88":1,"89":1,"90":1,"91":1},"f":{"0":1,"1":1,"2":1,"3":4,"4":1,"5":2,"6":2,"7":2,"8":2,"9":1,"10":1,"11":1,"12":1,"13":1,"14":0,"15":1,"16":1,"17":1,"18":1,"19":1,"20":1},"b":{},"_coverageSchema":"1a1c01bbd47fc00a2c39e90264f33305004495a9","hash":"c1f321f6e817035f8bc17e80bfab8c47af143e15","contentHash":"712d4c7994dabfca24aa5c5fffc2c77076c0167eef1c3c2ca143e3420a1ab7cb"},"/Users/Au/bootcamp/collab/skylab-bootcamp-202001/staff/aurora-perez/pill-o-clock/pill-o-clock-api/logic/add-progress-record.js":{"path":"/Users/Au/bootcamp/collab/skylab-bootcamp-202001/staff/aurora-perez/pill-o-clock/pill-o-clock-api/logic/add-progress-record.js","statementMap":{"0":{"start":{"line":1,"column":21},"end":{"line":1,"column":50}},"1":{"start":{"line":2,"column":26},"end":{"line":2,"column":56}},"2":{"start":{"line":3,"column":28},"end":{"line":3,"column":56}},"3":{"start":{"line":17,"column":0},"end":{"line":28,"column":1}},"4":{"start":{"line":18,"column":4},"end":{"line":18,"column":37}},"5":{"start":{"line":19,"column":4},"end":{"line":19,"column":45}},"6":{"start":{"line":21,"column":4},"end":{"line":27,"column":19}},"7":{"start":{"line":23,"column":8},"end":{"line":23,"column":83}},"8":{"start":{"line":23,"column":19},"end":{"line":23,"column":83}},"9":{"start":{"line":25,"column":8},"end":{"line":25,"column":81}}},"fnMap":{"0":{"name":"(anonymous_0)","decl":{"start":{"line":17,"column":17},"end":{"line":17,"column":18}},"loc":{"start":{"line":17,"column":38},"end":{"line":28,"column":1}},"line":17},"1":{"name":"(anonymous_1)","decl":{"start":{"line":22,"column":10},"end":{"line":22,"column":11}},"loc":{"start":{"line":22,"column":18},"end":{"line":26,"column":5}},"line":22},"2":{"name":"(anonymous_2)","decl":{"start":{"line":27,"column":10},"end":{"line":27,"column":11}},"loc":{"start":{"line":27,"column":16},"end":{"line":27,"column":18}},"line":27}},"branchMap":{"0":{"loc":{"start":{"line":23,"column":8},"end":{"line":23,"column":83}},"type":"if","locations":[{"start":{"line":23,"column":8},"end":{"line":23,"column":83}},{"start":{"line":23,"column":8},"end":{"line":23,"column":83}}],"line":23}},"s":{"0":1,"1":1,"2":1,"3":1,"4":10,"5":6,"6":2,"7":2,"8":1,"9":1},"f":{"0":10,"1":2,"2":1},"b":{"0":[1,1]},"_coverageSchema":"1a1c01bbd47fc00a2c39e90264f33305004495a9","hash":"5633007ae1133d7e3e6f4fb392f318572fffe065","contentHash":"7e12ecf29d3852fb961ec49319523d2642a705fd4ad5bda0c5a16ea633c40479"},"/Users/Au/bootcamp/collab/skylab-bootcamp-202001/staff/aurora-perez/pill-o-clock/pill-o-clock-api/logic/add-progress.spec.js":{"path":"/Users/Au/bootcamp/collab/skylab-bootcamp-202001/staff/aurora-perez/pill-o-clock/pill-o-clock-api/logic/add-progress.spec.js","statementMap":{"0":{"start":{"line":1,"column":0},"end":{"line":1,"column":26}},"1":{"start":{"line":3,"column":38},"end":{"line":3,"column":45}},"2":{"start":{"line":4,"column":39},"end":{"line":4,"column":67}},"3":{"start":{"line":5,"column":19},"end":{"line":5,"column":34}},"4":{"start":{"line":6,"column":19},"end":{"line":6,"column":23}},"5":{"start":{"line":7,"column":20},"end":{"line":7,"column":45}},"6":{"start":{"line":9,"column":0},"end":{"line":101,"column":2}},"7":{"start":{"line":10,"column":4},"end":{"line":13,"column":5}},"8":{"start":{"line":11,"column":8},"end":{"line":12,"column":42}},"9":{"start":{"line":12,"column":24},"end":{"line":12,"column":41}},"10":{"start":{"line":17,"column":4},"end":{"line":28,"column":6}},"11":{"start":{"line":18,"column":8},"end":{"line":18,"column":33}},"12":{"start":{"line":19,"column":8},"end":{"line":19,"column":39}},"13":{"start":{"line":20,"column":8},"end":{"line":20,"column":37}},"14":{"start":{"line":21,"column":8},"end":{"line":21,"column":22}},"15":{"start":{"line":22,"column":8},"end":{"line":22,"column":35}},"16":{"start":{"line":23,"column":8},"end":{"line":23,"column":39}},"17":{"start":{"line":24,"column":8},"end":{"line":24,"column":44}},"18":{"start":{"line":25,"column":8},"end":{"line":25,"column":41}},"19":{"start":{"line":26,"column":8},"end":{"line":26,"column":47}},"20":{"start":{"line":27,"column":8},"end":{"line":27,"column":20}},"21":{"start":{"line":30,"column":4},"end":{"line":50,"column":6}},"22":{"start":{"line":32,"column":8},"end":{"line":37,"column":9}},"23":{"start":{"line":33,"column":12},"end":{"line":36,"column":18}},"24":{"start":{"line":35,"column":20},"end":{"line":35,"column":28}},"25":{"start":{"line":39,"column":8},"end":{"line":47,"column":10}},"26":{"start":{"line":41,"column":12},"end":{"line":46,"column":18}},"27":{"start":{"line":42,"column":28},"end":{"line":42,"column":53}},"28":{"start":{"line":44,"column":20},"end":{"line":44,"column":41}},"29":{"start":{"line":45,"column":20},"end":{"line":45,"column":52}},"30":{"start":{"line":51,"column":4},"end":{"line":64,"column":6}},"31":{"start":{"line":53,"column":8},"end":{"line":63,"column":10}},"32":{"start":{"line":54,"column":12},"end":{"line":62,"column":18}},"33":{"start":{"line":55,"column":24},"end":{"line":55,"column":47}},"34":{"start":{"line":56,"column":28},"end":{"line":56,"column":75}},"35":{"start":{"line":58,"column":20},"end":{"line":58,"column":44}},"36":{"start":{"line":60,"column":20},"end":{"line":60,"column":76}},"37":{"start":{"line":66,"column":4},"end":{"line":96,"column":6}},"38":{"start":{"line":67,"column":8},"end":{"line":72,"column":9}},"39":{"start":{"line":68,"column":12},"end":{"line":71,"column":10}},"40":{"start":{"line":70,"column":12},"end":{"line":70,"column":21}},"41":{"start":{"line":73,"column":8},"end":{"line":84,"column":10}},"42":{"start":{"line":75,"column":12},"end":{"line":75,"column":32}},"43":{"start":{"line":76,"column":12},"end":{"line":76,"column":106}},"44":{"start":{"line":76,"column":25},"end":{"line":76,"column":52}},"45":{"start":{"line":77,"column":12},"end":{"line":77,"column":27}},"46":{"start":{"line":78,"column":12},"end":{"line":78,"column":106}},"47":{"start":{"line":78,"column":25},"end":{"line":78,"column":52}},"48":{"start":{"line":79,"column":12},"end":{"line":79,"column":31}},"49":{"start":{"line":80,"column":12},"end":{"line":80,"column":106}},"50":{"start":{"line":80,"column":25},"end":{"line":80,"column":52}},"51":{"start":{"line":81,"column":12},"end":{"line":81,"column":24}},"52":{"start":{"line":82,"column":12},"end":{"line":82,"column":106}},"53":{"start":{"line":82,"column":25},"end":{"line":82,"column":52}},"54":{"start":{"line":86,"column":8},"end":{"line":95,"column":10}},"55":{"start":{"line":87,"column":12},"end":{"line":87,"column":30}},"56":{"start":{"line":88,"column":12},"end":{"line":88,"column":105}},"57":{"start":{"line":88,"column":25},"end":{"line":88,"column":49}},"58":{"start":{"line":89,"column":12},"end":{"line":89,"column":27}},"59":{"start":{"line":90,"column":12},"end":{"line":90,"column":105}},"60":{"start":{"line":90,"column":25},"end":{"line":90,"column":49}},"61":{"start":{"line":91,"column":12},"end":{"line":91,"column":29}},"62":{"start":{"line":92,"column":12},"end":{"line":92,"column":105}},"63":{"start":{"line":92,"column":25},"end":{"line":92,"column":49}},"64":{"start":{"line":93,"column":12},"end":{"line":93,"column":22}},"65":{"start":{"line":94,"column":12},"end":{"line":94,"column":105}},"66":{"start":{"line":94,"column":25},"end":{"line":94,"column":49}},"67":{"start":{"line":100,"column":4},"end":{"line":100,"column":83}},"68":{"start":{"line":100,"column":16},"end":{"line":100,"column":82}},"69":{"start":{"line":100,"column":60},"end":{"line":100,"column":81}}},"fnMap":{"0":{"name":"(anonymous_0)","decl":{"start":{"line":9,"column":24},"end":{"line":9,"column":25}},"loc":{"start":{"line":9,"column":30},"end":{"line":101,"column":1}},"line":9},"1":{"name":"(anonymous_1)","decl":{"start":{"line":10,"column":11},"end":{"line":10,"column":12}},"loc":{"start":{"line":11,"column":8},"end":{"line":12,"column":42}},"line":11},"2":{"name":"(anonymous_2)","decl":{"start":{"line":12,"column":18},"end":{"line":12,"column":19}},"loc":{"start":{"line":12,"column":24},"end":{"line":12,"column":41}},"line":12},"3":{"name":"(anonymous_3)","decl":{"start":{"line":17,"column":15},"end":{"line":17,"column":16}},"loc":{"start":{"line":17,"column":21},"end":{"line":28,"column":5}},"line":17},"4":{"name":"(anonymous_4)","decl":{"start":{"line":30,"column":41},"end":{"line":30,"column":42}},"loc":{"start":{"line":30,"column":47},"end":{"line":50,"column":5}},"line":30},"5":{"name":"(anonymous_5)","decl":{"start":{"line":32,"column":19},"end":{"line":32,"column":20}},"loc":{"start":{"line":33,"column":12},"end":{"line":36,"column":18}},"line":33},"6":{"name":"(anonymous_6)","decl":{"start":{"line":34,"column":22},"end":{"line":34,"column":23}},"loc":{"start":{"line":34,"column":34},"end":{"line":36,"column":17}},"line":34},"7":{"name":"(anonymous_7)","decl":{"start":{"line":39,"column":65},"end":{"line":39,"column":66}},"loc":{"start":{"line":39,"column":71},"end":{"line":47,"column":9}},"line":39},"8":{"name":"(anonymous_8)","decl":{"start":{"line":42,"column":22},"end":{"line":42,"column":23}},"loc":{"start":{"line":42,"column":28},"end":{"line":42,"column":53}},"line":42},"9":{"name":"(anonymous_9)","decl":{"start":{"line":43,"column":22},"end":{"line":43,"column":23}},"loc":{"start":{"line":43,"column":32},"end":{"line":46,"column":17}},"line":43},"10":{"name":"(anonymous_10)","decl":{"start":{"line":51,"column":41},"end":{"line":51,"column":42}},"loc":{"start":{"line":51,"column":45},"end":{"line":64,"column":5}},"line":51},"11":{"name":"(anonymous_11)","decl":{"start":{"line":53,"column":49},"end":{"line":53,"column":50}},"loc":{"start":{"line":53,"column":55},"end":{"line":63,"column":9}},"line":53},"12":{"name":"(anonymous_12)","decl":{"start":{"line":55,"column":18},"end":{"line":55,"column":19}},"loc":{"start":{"line":55,"column":24},"end":{"line":55,"column":47}},"line":55},"13":{"name":"(anonymous_13)","decl":{"start":{"line":56,"column":22},"end":{"line":56,"column":23}},"loc":{"start":{"line":56,"column":27},"end":{"line":56,"column":76}},"line":56},"14":{"name":"(anonymous_14)","decl":{"start":{"line":57,"column":23},"end":{"line":57,"column":24}},"loc":{"start":{"line":57,"column":38},"end":{"line":62,"column":17}},"line":57},"15":{"name":"(anonymous_15)","decl":{"start":{"line":66,"column":40},"end":{"line":66,"column":41}},"loc":{"start":{"line":66,"column":46},"end":{"line":96,"column":5}},"line":66},"16":{"name":"(anonymous_16)","decl":{"start":{"line":67,"column":19},"end":{"line":67,"column":20}},"loc":{"start":{"line":68,"column":12},"end":{"line":71,"column":10}},"line":68},"17":{"name":"(anonymous_17)","decl":{"start":{"line":69,"column":14},"end":{"line":69,"column":15}},"loc":{"start":{"line":69,"column":24},"end":{"line":71,"column":9}},"line":69},"18":{"name":"(anonymous_18)","decl":{"start":{"line":73,"column":45},"end":{"line":73,"column":46}},"loc":{"start":{"line":73,"column":51},"end":{"line":84,"column":9}},"line":73},"19":{"name":"(anonymous_19)","decl":{"start":{"line":76,"column":19},"end":{"line":76,"column":20}},"loc":{"start":{"line":76,"column":25},"end":{"line":76,"column":52}},"line":76},"20":{"name":"(anonymous_20)","decl":{"start":{"line":78,"column":19},"end":{"line":78,"column":20}},"loc":{"start":{"line":78,"column":25},"end":{"line":78,"column":52}},"line":78},"21":{"name":"(anonymous_21)","decl":{"start":{"line":80,"column":19},"end":{"line":80,"column":20}},"loc":{"start":{"line":80,"column":25},"end":{"line":80,"column":52}},"line":80},"22":{"name":"(anonymous_22)","decl":{"start":{"line":82,"column":19},"end":{"line":82,"column":20}},"loc":{"start":{"line":82,"column":25},"end":{"line":82,"column":52}},"line":82},"23":{"name":"(anonymous_23)","decl":{"start":{"line":86,"column":49},"end":{"line":86,"column":50}},"loc":{"start":{"line":86,"column":55},"end":{"line":95,"column":9}},"line":86},"24":{"name":"(anonymous_24)","decl":{"start":{"line":88,"column":19},"end":{"line":88,"column":20}},"loc":{"start":{"line":88,"column":25},"end":{"line":88,"column":49}},"line":88},"25":{"name":"(anonymous_25)","decl":{"start":{"line":90,"column":19},"end":{"line":90,"column":20}},"loc":{"start":{"line":90,"column":25},"end":{"line":90,"column":49}},"line":90},"26":{"name":"(anonymous_26)","decl":{"start":{"line":92,"column":19},"end":{"line":92,"column":20}},"loc":{"start":{"line":92,"column":25},"end":{"line":92,"column":49}},"line":92},"27":{"name":"(anonymous_27)","decl":{"start":{"line":94,"column":19},"end":{"line":94,"column":20}},"loc":{"start":{"line":94,"column":25},"end":{"line":94,"column":49}},"line":94},"28":{"name":"(anonymous_28)","decl":{"start":{"line":100,"column":10},"end":{"line":100,"column":11}},"loc":{"start":{"line":100,"column":16},"end":{"line":100,"column":82}},"line":100},"29":{"name":"(anonymous_29)","decl":{"start":{"line":100,"column":54},"end":{"line":100,"column":55}},"loc":{"start":{"line":100,"column":60},"end":{"line":100,"column":81}},"line":100}},"branchMap":{},"s":{"0":1,"1":1,"2":1,"3":1,"4":1,"5":1,"6":1,"7":1,"8":1,"9":1,"10":1,"11":4,"12":4,"13":4,"14":4,"15":4,"16":4,"17":4,"18":4,"19":4,"20":4,"21":1,"22":1,"23":1,"24":1,"25":1,"26":1,"27":1,"28":1,"29":0,"30":1,"31":1,"32":1,"33":1,"34":0,"35":1,"36":1,"37":1,"38":1,"39":2,"40":2,"41":1,"42":1,"43":1,"44":1,"45":1,"46":1,"47":1,"48":1,"49":1,"50":1,"51":1,"52":1,"53":1,"54":1,"55":1,"56":1,"57":1,"58":1,"59":1,"60":1,"61":1,"62":1,"63":1,"64":1,"65":1,"66":1,"67":1,"68":1,"69":1},"f":{"0":1,"1":1,"2":1,"3":4,"4":1,"5":1,"6":1,"7":1,"8":1,"9":1,"10":1,"11":1,"12":1,"13":0,"14":1,"15":1,"16":2,"17":2,"18":1,"19":1,"20":1,"21":1,"22":1,"23":1,"24":1,"25":1,"26":1,"27":1,"28":1,"29":1},"b":{},"_coverageSchema":"1a1c01bbd47fc00a2c39e90264f33305004495a9","hash":"7590e442d71480523226b93b4fba25e3599823a6","contentHash":"187ff7d464853810e99f0757164fa1637aee23b7b68cac82fa5c8f2077886338"},"/Users/Au/bootcamp/collab/skylab-bootcamp-202001/staff/aurora-perez/pill-o-clock/pill-o-clock-api/logic/add-progress.js":{"path":"/Users/Au/bootcamp/collab/skylab-bootcamp-202001/staff/aurora-perez/pill-o-clock/pill-o-clock-api/logic/add-progress.js","statementMap":{"0":{"start":{"line":1,"column":21},"end":{"line":1,"column":50}},"1":{"start":{"line":2,"column":29},"end":{"line":2,"column":57}},"2":{"start":{"line":3,"column":43},"end":{"line":3,"column":73}},"3":{"start":{"line":17,"column":0},"end":{"line":30,"column":1}},"4":{"start":{"line":18,"column":4},"end":{"line":18,"column":29}},"5":{"start":{"line":19,"column":4},"end":{"line":19,"column":42}},"6":{"start":{"line":21,"column":4},"end":{"line":29,"column":24}},"7":{"start":{"line":23,"column":12},"end":{"line":23,"column":78}},"8":{"start":{"line":23,"column":23},"end":{"line":23,"column":78}},"9":{"start":{"line":25,"column":12},"end":{"line":25,"column":37}},"10":{"start":{"line":27,"column":12},"end":{"line":27,"column":30}}},"fnMap":{"0":{"name":"(anonymous_0)","decl":{"start":{"line":17,"column":17},"end":{"line":17,"column":18}},"loc":{"start":{"line":17,"column":31},"end":{"line":30,"column":1}},"line":17},"1":{"name":"(anonymous_1)","decl":{"start":{"line":22,"column":14},"end":{"line":22,"column":15}},"loc":{"start":{"line":22,"column":22},"end":{"line":28,"column":9}},"line":22},"2":{"name":"(anonymous_2)","decl":{"start":{"line":29,"column":14},"end":{"line":29,"column":15}},"loc":{"start":{"line":29,"column":20},"end":{"line":29,"column":23}},"line":29}},"branchMap":{"0":{"loc":{"start":{"line":23,"column":12},"end":{"line":23,"column":78}},"type":"if","locations":[{"start":{"line":23,"column":12},"end":{"line":23,"column":78}},{"start":{"line":23,"column":12},"end":{"line":23,"column":78}}],"line":23}},"s":{"0":1,"1":1,"2":1,"3":1,"4":10,"5":6,"6":2,"7":2,"8":1,"9":1,"10":1},"f":{"0":10,"1":2,"2":1},"b":{"0":[1,1]},"_coverageSchema":"1a1c01bbd47fc00a2c39e90264f33305004495a9","hash":"03a5386362327f634b8d9e3f920c891d9e6d4544","contentHash":"6245ef7689975172106fec469c23e0136de6eeca0147d6bafb89b68f82f311a1"},"/Users/Au/bootcamp/collab/skylab-bootcamp-202001/staff/aurora-perez/pill-o-clock/pill-o-clock-api/logic/authenticate-user.spec.js":{"path":"/Users/Au/bootcamp/collab/skylab-bootcamp-202001/staff/aurora-perez/pill-o-clock/pill-o-clock-api/logic/authenticate-user.spec.js","statementMap":{"0":{"start":{"line":1,"column":0},"end":{"line":1,"column":26}},"1":{"start":{"line":3,"column":38},"end":{"line":3,"column":45}},"2":{"start":{"line":4,"column":39},"end":{"line":4,"column":67}},"3":{"start":{"line":5,"column":19},"end":{"line":5,"column":34}},"4":{"start":{"line":6,"column":19},"end":{"line":6,"column":23}},"5":{"start":{"line":7,"column":25},"end":{"line":7,"column":55}},"6":{"start":{"line":8,"column":15},"end":{"line":8,"column":34}},"7":{"start":{"line":10,"column":0},"end":{"line":85,"column":2}},"8":{"start":{"line":13,"column":4},"end":{"line":16,"column":5}},"9":{"start":{"line":14,"column":8},"end":{"line":15,"column":42}},"10":{"start":{"line":15,"column":24},"end":{"line":15,"column":41}},"11":{"start":{"line":18,"column":4},"end":{"line":27,"column":6}},"12":{"start":{"line":19,"column":8},"end":{"line":19,"column":33}},"13":{"start":{"line":20,"column":8},"end":{"line":20,"column":39}},"14":{"start":{"line":21,"column":8},"end":{"line":21,"column":37}},"15":{"start":{"line":22,"column":8},"end":{"line":22,"column":22}},"16":{"start":{"line":23,"column":8},"end":{"line":23,"column":35}},"17":{"start":{"line":24,"column":8},"end":{"line":24,"column":39}},"18":{"start":{"line":25,"column":8},"end":{"line":25,"column":44}},"19":{"start":{"line":26,"column":8},"end":{"line":26,"column":41}},"20":{"start":{"line":29,"column":4},"end":{"line":60,"column":6}},"21":{"start":{"line":32,"column":8},"end":{"line":38,"column":9}},"22":{"start":{"line":33,"column":12},"end":{"line":37,"column":44}},"23":{"start":{"line":35,"column":20},"end":{"line":35,"column":96}},"24":{"start":{"line":37,"column":30},"end":{"line":37,"column":43}},"25":{"start":{"line":40,"column":8},"end":{"line":47,"column":9}},"26":{"start":{"line":41,"column":12},"end":{"line":46,"column":18}},"27":{"start":{"line":43,"column":20},"end":{"line":43,"column":48}},"28":{"start":{"line":44,"column":20},"end":{"line":44,"column":58}},"29":{"start":{"line":45,"column":20},"end":{"line":45,"column":44}},"30":{"start":{"line":48,"column":8},"end":{"line":59,"column":10}},"31":{"start":{"line":49,"column":12},"end":{"line":53,"column":18}},"32":{"start":{"line":51,"column":20},"end":{"line":51,"column":55}},"33":{"start":{"line":52,"column":20},"end":{"line":52,"column":65}},"34":{"start":{"line":54,"column":12},"end":{"line":58,"column":18}},"35":{"start":{"line":56,"column":20},"end":{"line":56,"column":55}},"36":{"start":{"line":57,"column":20},"end":{"line":57,"column":65}},"37":{"start":{"line":61,"column":4},"end":{"line":71,"column":6}},"38":{"start":{"line":62,"column":8},"end":{"line":62,"column":26}},"39":{"start":{"line":63,"column":8},"end":{"line":63,"column":109}},"40":{"start":{"line":63,"column":21},"end":{"line":63,"column":54}},"41":{"start":{"line":64,"column":8},"end":{"line":64,"column":21}},"42":{"start":{"line":65,"column":8},"end":{"line":65,"column":109}},"43":{"start":{"line":65,"column":21},"end":{"line":65,"column":54}},"44":{"start":{"line":66,"column":8},"end":{"line":66,"column":25}},"45":{"start":{"line":67,"column":8},"end":{"line":67,"column":109}},"46":{"start":{"line":67,"column":21},"end":{"line":67,"column":54}},"47":{"start":{"line":68,"column":8},"end":{"line":68,"column":18}},"48":{"start":{"line":69,"column":8},"end":{"line":69,"column":109}},"49":{"start":{"line":69,"column":21},"end":{"line":69,"column":54}},"50":{"start":{"line":72,"column":4},"end":{"line":81,"column":6}},"51":{"start":{"line":73,"column":8},"end":{"line":73,"column":29}},"52":{"start":{"line":74,"column":8},"end":{"line":74,"column":115}},"53":{"start":{"line":74,"column":21},"end":{"line":74,"column":54}},"54":{"start":{"line":75,"column":8},"end":{"line":75,"column":24}},"55":{"start":{"line":76,"column":8},"end":{"line":76,"column":115}},"56":{"start":{"line":76,"column":21},"end":{"line":76,"column":54}},"57":{"start":{"line":77,"column":8},"end":{"line":77,"column":28}},"58":{"start":{"line":78,"column":8},"end":{"line":78,"column":115}},"59":{"start":{"line":78,"column":21},"end":{"line":78,"column":54}},"60":{"start":{"line":79,"column":8},"end":{"line":79,"column":21}},"61":{"start":{"line":80,"column":8},"end":{"line":80,"column":115}},"62":{"start":{"line":80,"column":21},"end":{"line":80,"column":54}},"63":{"start":{"line":83,"column":4},"end":{"line":83,"column":68}},"64":{"start":{"line":83,"column":16},"end":{"line":83,"column":67}},"65":{"start":{"line":83,"column":45},"end":{"line":83,"column":66}}},"fnMap":{"0":{"name":"(anonymous_0)","decl":{"start":{"line":10,"column":29},"end":{"line":10,"column":30}},"loc":{"start":{"line":10,"column":35},"end":{"line":85,"column":1}},"line":10},"1":{"name":"(anonymous_1)","decl":{"start":{"line":13,"column":11},"end":{"line":13,"column":12}},"loc":{"start":{"line":14,"column":8},"end":{"line":15,"column":42}},"line":14},"2":{"name":"(anonymous_2)","decl":{"start":{"line":15,"column":18},"end":{"line":15,"column":19}},"loc":{"start":{"line":15,"column":24},"end":{"line":15,"column":41}},"line":15},"3":{"name":"(anonymous_3)","decl":{"start":{"line":18,"column":15},"end":{"line":18,"column":16}},"loc":{"start":{"line":18,"column":21},"end":{"line":27,"column":5}},"line":18},"4":{"name":"(anonymous_4)","decl":{"start":{"line":29,"column":41},"end":{"line":29,"column":42}},"loc":{"start":{"line":29,"column":47},"end":{"line":60,"column":5}},"line":29},"5":{"name":"(anonymous_5)","decl":{"start":{"line":32,"column":19},"end":{"line":32,"column":20}},"loc":{"start":{"line":33,"column":12},"end":{"line":37,"column":44}},"line":33},"6":{"name":"(anonymous_6)","decl":{"start":{"line":34,"column":22},"end":{"line":34,"column":23}},"loc":{"start":{"line":35,"column":20},"end":{"line":35,"column":96}},"line":35},"7":{"name":"(anonymous_7)","decl":{"start":{"line":37,"column":22},"end":{"line":37,"column":23}},"loc":{"start":{"line":37,"column":30},"end":{"line":37,"column":43}},"line":37},"8":{"name":"(anonymous_8)","decl":{"start":{"line":40,"column":72},"end":{"line":40,"column":73}},"loc":{"start":{"line":41,"column":12},"end":{"line":46,"column":18}},"line":41},"9":{"name":"(anonymous_9)","decl":{"start":{"line":42,"column":22},"end":{"line":42,"column":23}},"loc":{"start":{"line":42,"column":28},"end":{"line":46,"column":17}},"line":42},"10":{"name":"(anonymous_10)","decl":{"start":{"line":48,"column":51},"end":{"line":48,"column":52}},"loc":{"start":{"line":48,"column":57},"end":{"line":59,"column":9}},"line":48},"11":{"name":"(anonymous_11)","decl":{"start":{"line":50,"column":23},"end":{"line":50,"column":24}},"loc":{"start":{"line":50,"column":40},"end":{"line":53,"column":17}},"line":50},"12":{"name":"(anonymous_12)","decl":{"start":{"line":55,"column":23},"end":{"line":55,"column":24}},"loc":{"start":{"line":55,"column":40},"end":{"line":58,"column":17}},"line":55},"13":{"name":"(anonymous_13)","decl":{"start":{"line":61,"column":58},"end":{"line":61,"column":59}},"loc":{"start":{"line":61,"column":64},"end":{"line":71,"column":5}},"line":61},"14":{"name":"(anonymous_14)","decl":{"start":{"line":63,"column":15},"end":{"line":63,"column":16}},"loc":{"start":{"line":63,"column":21},"end":{"line":63,"column":54}},"line":63},"15":{"name":"(anonymous_15)","decl":{"start":{"line":65,"column":15},"end":{"line":65,"column":16}},"loc":{"start":{"line":65,"column":21},"end":{"line":65,"column":54}},"line":65},"16":{"name":"(anonymous_16)","decl":{"start":{"line":67,"column":15},"end":{"line":67,"column":16}},"loc":{"start":{"line":67,"column":21},"end":{"line":67,"column":54}},"line":67},"17":{"name":"(anonymous_17)","decl":{"start":{"line":69,"column":15},"end":{"line":69,"column":16}},"loc":{"start":{"line":69,"column":21},"end":{"line":69,"column":54}},"line":69},"18":{"name":"(anonymous_18)","decl":{"start":{"line":72,"column":47},"end":{"line":72,"column":48}},"loc":{"start":{"line":72,"column":53},"end":{"line":81,"column":5}},"line":72},"19":{"name":"(anonymous_19)","decl":{"start":{"line":74,"column":15},"end":{"line":74,"column":16}},"loc":{"start":{"line":74,"column":21},"end":{"line":74,"column":54}},"line":74},"20":{"name":"(anonymous_20)","decl":{"start":{"line":76,"column":15},"end":{"line":76,"column":16}},"loc":{"start":{"line":76,"column":21},"end":{"line":76,"column":54}},"line":76},"21":{"name":"(anonymous_21)","decl":{"start":{"line":78,"column":15},"end":{"line":78,"column":16}},"loc":{"start":{"line":78,"column":21},"end":{"line":78,"column":54}},"line":78},"22":{"name":"(anonymous_22)","decl":{"start":{"line":80,"column":15},"end":{"line":80,"column":16}},"loc":{"start":{"line":80,"column":21},"end":{"line":80,"column":54}},"line":80},"23":{"name":"(anonymous_23)","decl":{"start":{"line":83,"column":10},"end":{"line":83,"column":11}},"loc":{"start":{"line":83,"column":16},"end":{"line":83,"column":67}},"line":83},"24":{"name":"(anonymous_24)","decl":{"start":{"line":83,"column":39},"end":{"line":83,"column":40}},"loc":{"start":{"line":83,"column":45},"end":{"line":83,"column":66}},"line":83}},"branchMap":{},"s":{"0":1,"1":1,"2":1,"3":1,"4":1,"5":1,"6":1,"7":1,"8":1,"9":1,"10":1,"11":1,"12":4,"13":4,"14":4,"15":4,"16":4,"17":4,"18":4,"19":4,"20":1,"21":1,"22":2,"23":2,"24":2,"25":1,"26":1,"27":1,"28":1,"29":1,"30":1,"31":1,"32":1,"33":1,"34":1,"35":1,"36":1,"37":1,"38":1,"39":1,"40":1,"41":1,"42":1,"43":1,"44":1,"45":1,"46":1,"47":1,"48":1,"49":1,"50":1,"51":1,"52":1,"53":1,"54":1,"55":1,"56":1,"57":1,"58":1,"59":1,"60":1,"61":1,"62":1,"63":1,"64":1,"65":1},"f":{"0":1,"1":1,"2":1,"3":4,"4":1,"5":2,"6":2,"7":2,"8":1,"9":1,"10":1,"11":1,"12":1,"13":1,"14":1,"15":1,"16":1,"17":1,"18":1,"19":1,"20":1,"21":1,"22":1,"23":1,"24":1},"b":{},"_coverageSchema":"1a1c01bbd47fc00a2c39e90264f33305004495a9","hash":"1d95b97ec6244e5f08216428bb9e9d6b63fa86a9","contentHash":"e7defa2d5ed7d07380020c16aadda9f25445b2998da9ce8ca5dd05138bd3b502"},"/Users/Au/bootcamp/collab/skylab-bootcamp-202001/staff/aurora-perez/pill-o-clock/pill-o-clock-api/logic/authenticate-user.js":{"path":"/Users/Au/bootcamp/collab/skylab-bootcamp-202001/staff/aurora-perez/pill-o-clock/pill-o-clock-api/logic/authenticate-user.js","statementMap":{"0":{"start":{"line":1,"column":21},"end":{"line":1,"column":50}},"1":{"start":{"line":2,"column":29},"end":{"line":2,"column":57}},"2":{"start":{"line":3,"column":28},"end":{"line":3,"column":58}},"3":{"start":{"line":4,"column":15},"end":{"line":4,"column":34}},"4":{"start":{"line":19,"column":0},"end":{"line":38,"column":1}},"5":{"start":{"line":20,"column":4},"end":{"line":20,"column":35}},"6":{"start":{"line":21,"column":4},"end":{"line":21,"column":25}},"7":{"start":{"line":22,"column":4},"end":{"line":22,"column":41}},"8":{"start":{"line":24,"column":4},"end":{"line":37,"column":10}},"9":{"start":{"line":26,"column":12},"end":{"line":26,"column":69}},"10":{"start":{"line":26,"column":23},"end":{"line":26,"column":69}},"11":{"start":{"line":28,"column":12},"end":{"line":36,"column":37}},"12":{"start":{"line":30,"column":20},"end":{"line":30,"column":86}},"13":{"start":{"line":30,"column":40},"end":{"line":30,"column":86}},"14":{"start":{"line":32,"column":20},"end":{"line":32,"column":49}},"15":{"start":{"line":34,"column":20},"end":{"line":34,"column":38}},"16":{"start":{"line":36,"column":34},"end":{"line":36,"column":36}}},"fnMap":{"0":{"name":"(anonymous_0)","decl":{"start":{"line":19,"column":17},"end":{"line":19,"column":18}},"loc":{"start":{"line":19,"column":38},"end":{"line":38,"column":1}},"line":19},"1":{"name":"(anonymous_1)","decl":{"start":{"line":25,"column":14},"end":{"line":25,"column":15}},"loc":{"start":{"line":25,"column":22},"end":{"line":37,"column":9}},"line":25},"2":{"name":"(anonymous_2)","decl":{"start":{"line":29,"column":22},"end":{"line":29,"column":23}},"loc":{"start":{"line":29,"column":39},"end":{"line":35,"column":17}},"line":29},"3":{"name":"(anonymous_3)","decl":{"start":{"line":36,"column":22},"end":{"line":36,"column":23}},"loc":{"start":{"line":36,"column":34},"end":{"line":36,"column":36}},"line":36}},"branchMap":{"0":{"loc":{"start":{"line":26,"column":12},"end":{"line":26,"column":69}},"type":"if","locations":[{"start":{"line":26,"column":12},"end":{"line":26,"column":69}},{"start":{"line":26,"column":12},"end":{"line":26,"column":69}}],"line":26},"1":{"loc":{"start":{"line":30,"column":20},"end":{"line":30,"column":86}},"type":"if","locations":[{"start":{"line":30,"column":20},"end":{"line":30,"column":86}},{"start":{"line":30,"column":20},"end":{"line":30,"column":86}}],"line":30}},"s":{"0":1,"1":1,"2":1,"3":1,"4":1,"5":11,"6":7,"7":7,"8":3,"9":3,"10":1,"11":2,"12":2,"13":1,"14":1,"15":1,"16":1},"f":{"0":11,"1":3,"2":2,"3":1},"b":{"0":[1,2],"1":[1,1]},"_coverageSchema":"1a1c01bbd47fc00a2c39e90264f33305004495a9","hash":"081b59c4ea927e12a15bb14018aea48cc4a43997","contentHash":"6ad2b9e106946fdb9de1616ab49fdd7e798fc255722ccda43ee0b595d2d8d9d5"},"/Users/Au/bootcamp/collab/skylab-bootcamp-202001/staff/aurora-perez/pill-o-clock/pill-o-clock-api/logic/delete-prescription.spec.js":{"path":"/Users/Au/bootcamp/collab/skylab-bootcamp-202001/staff/aurora-perez/pill-o-clock/pill-o-clock-api/logic/delete-prescription.spec.js","statementMap":{"0":{"start":{"line":1,"column":0},"end":{"line":1,"column":26}},"1":{"start":{"line":3,"column":38},"end":{"line":3,"column":45}},"2":{"start":{"line":4,"column":56},"end":{"line":4,"column":84}},"3":{"start":{"line":5,"column":19},"end":{"line":5,"column":34}},"4":{"start":{"line":6,"column":19},"end":{"line":6,"column":23}},"5":{"start":{"line":7,"column":27},"end":{"line":7,"column":59}},"6":{"start":{"line":8,"column":26},"end":{"line":8,"column":56}},"7":{"start":{"line":11,"column":0},"end":{"line":133,"column":2}},"8":{"start":{"line":12,"column":4},"end":{"line":15,"column":5}},"9":{"start":{"line":13,"column":8},"end":{"line":14,"column":76}},"10":{"start":{"line":14,"column":24},"end":{"line":14,"column":75}},"11":{"start":{"line":20,"column":4},"end":{"line":33,"column":6}},"12":{"start":{"line":21,"column":8},"end":{"line":21,"column":33}},"13":{"start":{"line":22,"column":8},"end":{"line":22,"column":39}},"14":{"start":{"line":23,"column":8},"end":{"line":23,"column":37}},"15":{"start":{"line":24,"column":8},"end":{"line":24,"column":22}},"16":{"start":{"line":25,"column":8},"end":{"line":25,"column":35}},"17":{"start":{"line":26,"column":8},"end":{"line":26,"column":39}},"18":{"start":{"line":27,"column":8},"end":{"line":27,"column":44}},"19":{"start":{"line":28,"column":8},"end":{"line":28,"column":41}},"20":{"start":{"line":29,"column":8},"end":{"line":29,"column":41}},"21":{"start":{"line":30,"column":8},"end":{"line":30,"column":47}},"22":{"start":{"line":31,"column":8},"end":{"line":31,"column":31}},"23":{"start":{"line":35,"column":4},"end":{"line":103,"column":6}},"24":{"start":{"line":37,"column":8},"end":{"line":48,"column":9}},"25":{"start":{"line":38,"column":12},"end":{"line":47,"column":27}},"26":{"start":{"line":40,"column":20},"end":{"line":40,"column":36}},"27":{"start":{"line":41,"column":20},"end":{"line":41,"column":35}},"28":{"start":{"line":43,"column":41},"end":{"line":43,"column":97}},"29":{"start":{"line":44,"column":20},"end":{"line":44,"column":56}},"30":{"start":{"line":45,"column":20},"end":{"line":45,"column":74}},"31":{"start":{"line":50,"column":8},"end":{"line":65,"column":9}},"32":{"start":{"line":51,"column":12},"end":{"line":64,"column":18}},"33":{"start":{"line":53,"column":20},"end":{"line":53,"column":54}},"34":{"start":{"line":54,"column":20},"end":{"line":54,"column":57}},"35":{"start":{"line":55,"column":20},"end":{"line":55,"column":81}},"36":{"start":{"line":56,"column":20},"end":{"line":56,"column":87}},"37":{"start":{"line":59,"column":28},"end":{"line":59,"column":62}},"38":{"start":{"line":60,"column":28},"end":{"line":60,"column":56}},"39":{"start":{"line":62,"column":20},"end":{"line":62,"column":41}},"40":{"start":{"line":63,"column":20},"end":{"line":63,"column":64}},"41":{"start":{"line":67,"column":8},"end":{"line":77,"column":10}},"42":{"start":{"line":68,"column":12},"end":{"line":76,"column":18}},"43":{"start":{"line":69,"column":24},"end":{"line":69,"column":58}},"44":{"start":{"line":70,"column":28},"end":{"line":70,"column":75}},"45":{"start":{"line":72,"column":20},"end":{"line":72,"column":42}},"46":{"start":{"line":73,"column":20},"end":{"line":73,"column":65}},"47":{"start":{"line":74,"column":20},"end":{"line":74,"column":103}},"48":{"start":{"line":79,"column":8},"end":{"line":89,"column":10}},"49":{"start":{"line":80,"column":12},"end":{"line":88,"column":18}},"50":{"start":{"line":81,"column":24}
[...]
6}},"12":{"start":{"line":19,"column":8},"end":{"line":19,"column":33}},"13":{"start":{"line":20,"column":8},"end":{"line":20,"column":39}},"14":{"start":{"line":21,"column":8},"end":{"line":21,"column":37}},"15":{"start":{"line":22,"column":8},"end":{"line":22,"column":22}},"16":{"start":{"line":23,"column":8},"end":{"line":23,"column":35}},"17":{"start":{"line":24,"column":8},"end":{"line":24,"column":39}},"18":{"start":{"line":25,"column":8},"end":{"line":25,"column":44}},"19":{"start":{"line":26,"column":8},"end":{"line":26,"column":41}},"20":{"start":{"line":27,"column":8},"end":{"line":27,"column":45}},"21":{"start":{"line":30,"column":4},"end":{"line":65,"column":6}},"22":{"start":{"line":32,"column":8},"end":{"line":40,"column":9}},"23":{"start":{"line":33,"column":12},"end":{"line":39,"column":29}},"24":{"start":{"line":35,"column":20},"end":{"line":35,"column":45}},"25":{"start":{"line":37,"column":20},"end":{"line":37,"column":31}},"26":{"start":{"line":42,"column":8},"end":{"line":52,"column":9}},"27":{"start":{"line":43,"column":12},"end":{"line":51,"column":18}},"28":{"start":{"line":45,"column":20},"end":{"line":45,"column":60}},"29":{"start":{"line":46,"column":20},"end":{"line":46,"column":51}},"30":{"start":{"line":47,"column":20},"end":{"line":47,"column":50}},"31":{"start":{"line":48,"column":20},"end":{"line":48,"column":51}},"32":{"start":{"line":49,"column":20},"end":{"line":49,"column":50}},"33":{"start":{"line":54,"column":8},"end":{"line":64,"column":10}},"34":{"start":{"line":55,"column":12},"end":{"line":63,"column":18}},"35":{"start":{"line":56,"column":24},"end":{"line":56,"column":45}},"36":{"start":{"line":57,"column":28},"end":{"line":57,"column":75}},"37":{"start":{"line":59,"column":20},"end":{"line":59,"column":44}},"38":{"start":{"line":61,"column":20},"end":{"line":61,"column":83}},"39":{"start":{"line":67,"column":4},"end":{"line":76,"column":6}},"40":{"start":{"line":68,"column":8},"end":{"line":68,"column":24}},"41":{"start":{"line":69,"column":8},"end":{"line":69,"column":92}},"42":{"start":{"line":69,"column":21},"end":{"line":69,"column":42}},"43":{"start":{"line":70,"column":8},"end":{"line":70,"column":19}},"44":{"start":{"line":71,"column":8},"end":{"line":71,"column":92}},"45":{"start":{"line":71,"column":21},"end":{"line":71,"column":42}},"46":{"start":{"line":72,"column":8},"end":{"line":72,"column":23}},"47":{"start":{"line":73,"column":8},"end":{"line":73,"column":92}},"48":{"start":{"line":73,"column":21},"end":{"line":73,"column":42}},"49":{"start":{"line":74,"column":8},"end":{"line":74,"column":16}},"50":{"start":{"line":75,"column":8},"end":{"line":75,"column":92}},"51":{"start":{"line":75,"column":21},"end":{"line":75,"column":42}},"52":{"start":{"line":78,"column":4},"end":{"line":78,"column":68}},"53":{"start":{"line":78,"column":16},"end":{"line":78,"column":67}},"54":{"start":{"line":78,"column":45},"end":{"line":78,"column":66}}},"fnMap":{"0":{"name":"(anonymous_0)","decl":{"start":{"line":10,"column":29},"end":{"line":10,"column":30}},"loc":{"start":{"line":10,"column":35},"end":{"line":79,"column":1}},"line":10},"1":{"name":"(anonymous_1)","decl":{"start":{"line":11,"column":11},"end":{"line":11,"column":12}},"loc":{"start":{"line":12,"column":8},"end":{"line":13,"column":42}},"line":12},"2":{"name":"(anonymous_2)","decl":{"start":{"line":13,"column":18},"end":{"line":13,"column":19}},"loc":{"start":{"line":13,"column":24},"end":{"line":13,"column":41}},"line":13},"3":{"name":"(anonymous_3)","decl":{"start":{"line":18,"column":15},"end":{"line":18,"column":16}},"loc":{"start":{"line":18,"column":21},"end":{"line":28,"column":5}},"line":18},"4":{"name":"(anonymous_4)","decl":{"start":{"line":30,"column":41},"end":{"line":30,"column":42}},"loc":{"start":{"line":30,"column":47},"end":{"line":65,"column":5}},"line":30},"5":{"name":"(anonymous_5)","decl":{"start":{"line":32,"column":19},"end":{"line":32,"column":20}},"loc":{"start":{"line":33,"column":12},"end":{"line":39,"column":29}},"line":33},"6":{"name":"(anonymous_6)","decl":{"start":{"line":34,"column":22},"end":{"line":34,"column":23}},"loc":{"start":{"line":34,"column":32},"end":{"line":38,"column":17}},"line":34},"7":{"name":"(anonymous_7)","decl":{"start":{"line":39,"column":22},"end":{"line":39,"column":23}},"loc":{"start":{"line":39,"column":26},"end":{"line":39,"column":28}},"line":39},"8":{"name":"(anonymous_8)","decl":{"start":{"line":42,"column":65},"end":{"line":42,"column":66}},"loc":{"start":{"line":43,"column":12},"end":{"line":51,"column":18}},"line":43},"9":{"name":"(anonymous_9)","decl":{"start":{"line":44,"column":22},"end":{"line":44,"column":23}},"loc":{"start":{"line":44,"column":34},"end":{"line":51,"column":17}},"line":44},"10":{"name":"(anonymous_10)","decl":{"start":{"line":54,"column":53},"end":{"line":54,"column":54}},"loc":{"start":{"line":54,"column":59},"end":{"line":64,"column":9}},"line":54},"11":{"name":"(anonymous_11)","decl":{"start":{"line":56,"column":18},"end":{"line":56,"column":19}},"loc":{"start":{"line":56,"column":24},"end":{"line":56,"column":45}},"line":56},"12":{"name":"(anonymous_12)","decl":{"start":{"line":57,"column":22},"end":{"line":57,"column":23}},"loc":{"start":{"line":57,"column":27},"end":{"line":57,"column":76}},"line":57},"13":{"name":"(anonymous_13)","decl":{"start":{"line":58,"column":23},"end":{"line":58,"column":24}},"loc":{"start":{"line":58,"column":38},"end":{"line":63,"column":17}},"line":58},"14":{"name":"(anonymous_14)","decl":{"start":{"line":67,"column":41},"end":{"line":67,"column":42}},"loc":{"start":{"line":67,"column":47},"end":{"line":76,"column":5}},"line":67},"15":{"name":"(anonymous_15)","decl":{"start":{"line":69,"column":15},"end":{"line":69,"column":16}},"loc":{"start":{"line":69,"column":21},"end":{"line":69,"column":42}},"line":69},"16":{"name":"(anonymous_16)","decl":{"start":{"line":71,"column":15},"end":{"line":71,"column":16}},"loc":{"start":{"line":71,"column":21},"end":{"line":71,"column":42}},"line":71},"17":{"name":"(anonymous_17)","decl":{"start":{"line":73,"column":15},"end":{"line":73,"column":16}},"loc":{"start":{"line":73,"column":21},"end":{"line":73,"column":42}},"line":73},"18":{"name":"(anonymous_18)","decl":{"start":{"line":75,"column":15},"end":{"line":75,"column":16}},"loc":{"start":{"line":75,"column":21},"end":{"line":75,"column":42}},"line":75},"19":{"name":"(anonymous_19)","decl":{"start":{"line":78,"column":10},"end":{"line":78,"column":11}},"loc":{"start":{"line":78,"column":16},"end":{"line":78,"column":67}},"line":78},"20":{"name":"(anonymous_20)","decl":{"start":{"line":78,"column":39},"end":{"line":78,"column":40}},"loc":{"start":{"line":78,"column":45},"end":{"line":78,"column":66}},"line":78}},"branchMap":{},"s":{"0":1,"1":1,"2":1,"3":1,"4":1,"5":1,"6":1,"7":1,"8":1,"9":1,"10":1,"11":1,"12":3,"13":3,"14":3,"15":3,"16":3,"17":3,"18":3,"19":3,"20":3,"21":1,"22":1,"23":2,"24":2,"25":2,"26":1,"27":1,"28":1,"29":1,"30":1,"31":1,"32":1,"33":1,"34":1,"35":1,"36":0,"37":1,"38":1,"39":1,"40":1,"41":1,"42":1,"43":1,"44":1,"45":1,"46":1,"47":1,"48":1,"49":1,"50":1,"51":1,"52":1,"53":1,"54":1},"f":{"0":1,"1":1,"2":1,"3":3,"4":1,"5":2,"6":2,"7":2,"8":1,"9":1,"10":1,"11":1,"12":0,"13":1,"14":1,"15":1,"16":1,"17":1,"18":1,"19":1,"20":1},"b":{},"_coverageSchema":"1a1c01bbd47fc00a2c39e90264f33305004495a9","hash":"7dea977d294f6f8e40ff60e4e3c56698c40c1d6f","contentHash":"fc23943d40ab3693a544ed913892823b5352f2e4fb953815bc179417cfadf7ef"},"/Users/Au/bootcamp/collab/skylab-bootcamp-202001/staff/aurora-perez/pill-o-clock/pill-o-clock-api/logic/retrieve-progress.js":{"path":"/Users/Au/bootcamp/collab/skylab-bootcamp-202001/staff/aurora-perez/pill-o-clock/pill-o-clock-api/logic/retrieve-progress.js","statementMap":{"0":{"start":{"line":1,"column":21},"end":{"line":1,"column":50}},"1":{"start":{"line":2,"column":29},"end":{"line":2,"column":57}},"2":{"start":{"line":3,"column":26},"end":{"line":3,"column":56}},"3":{"start":{"line":15,"column":0},"end":{"line":26,"column":1}},"4":{"start":{"line":16,"column":4},"end":{"line":16,"column":29}},"5":{"start":{"line":18,"column":4},"end":{"line":24,"column":10}},"6":{"start":{"line":21,"column":12},"end":{"line":21,"column":83}},"7":{"start":{"line":21,"column":23},"end":{"line":21,"column":83}},"8":{"start":{"line":23,"column":12},"end":{"line":23,"column":32}}},"fnMap":{"0":{"name":"(anonymous_0)","decl":{"start":{"line":15,"column":17},"end":{"line":15,"column":18}},"loc":{"start":{"line":15,"column":23},"end":{"line":26,"column":1}},"line":15},"1":{"name":"(anonymous_1)","decl":{"start":{"line":19,"column":14},"end":{"line":19,"column":15}},"loc":{"start":{"line":19,"column":22},"end":{"line":24,"column":9}},"line":19}},"branchMap":{"0":{"loc":{"start":{"line":21,"column":12},"end":{"line":21,"column":83}},"type":"if","locations":[{"start":{"line":21,"column":12},"end":{"line":21,"column":83}},{"start":{"line":21,"column":12},"end":{"line":21,"column":83}}],"line":21}},"s":{"0":1,"1":1,"2":1,"3":1,"4":6,"5":2,"6":2,"7":1,"8":1},"f":{"0":6,"1":2},"b":{"0":[1,1]},"_coverageSchema":"1a1c01bbd47fc00a2c39e90264f33305004495a9","hash":"f8525c179cdfe12289ac9280684be737f3ea7fe9","contentHash":"c9df834ddb08d50f241e6b3b7984069ab0718b6b9e67f649d7a97d05ba1cff65"},"/Users/Au/bootcamp/collab/skylab-bootcamp-202001/staff/aurora-perez/pill-o-clock/pill-o-clock-api/logic/retrieve-user.spec.js":{"path":"/Users/Au/bootcamp/collab/skylab-bootcamp-202001/staff/aurora-perez/pill-o-clock/pill-o-clock-api/logic/retrieve-user.spec.js","statementMap":{"0":{"start":{"line":1,"column":0},"end":{"line":1,"column":26}},"1":{"start":{"line":3,"column":38},"end":{"line":3,"column":45}},"2":{"start":{"line":4,"column":19},"end":{"line":4,"column":34}},"3":{"start":{"line":5,"column":19},"end":{"line":5,"column":23}},"4":{"start":{"line":6,"column":21},"end":{"line":6,"column":47}},"5":{"start":{"line":7,"column":39},"end":{"line":7,"column":67}},"6":{"start":{"line":9,"column":0},"end":{"line":76,"column":2}},"7":{"start":{"line":10,"column":4},"end":{"line":13,"column":5}},"8":{"start":{"line":11,"column":8},"end":{"line":12,"column":42}},"9":{"start":{"line":12,"column":24},"end":{"line":12,"column":41}},"10":{"start":{"line":17,"column":4},"end":{"line":26,"column":6}},"11":{"start":{"line":18,"column":8},"end":{"line":18,"column":33}},"12":{"start":{"line":19,"column":8},"end":{"line":19,"column":39}},"13":{"start":{"line":20,"column":8},"end":{"line":20,"column":37}},"14":{"start":{"line":21,"column":8},"end":{"line":21,"column":22}},"15":{"start":{"line":22,"column":8},"end":{"line":22,"column":35}},"16":{"start":{"line":23,"column":8},"end":{"line":23,"column":39}},"17":{"start":{"line":24,"column":8},"end":{"line":24,"column":44}},"18":{"start":{"line":25,"column":8},"end":{"line":25,"column":41}},"19":{"start":{"line":28,"column":4},"end":{"line":62,"column":6}},"20":{"start":{"line":31,"column":8},"end":{"line":34,"column":9}},"21":{"start":{"line":32,"column":12},"end":{"line":33,"column":43}},"22":{"start":{"line":33,"column":34},"end":{"line":33,"column":42}},"23":{"start":{"line":36,"column":8},"end":{"line":49,"column":9}},"24":{"start":{"line":37,"column":12},"end":{"line":48,"column":18}},"25":{"start":{"line":39,"column":20},"end":{"line":39,"column":61}},"26":{"start":{"line":40,"column":20},"end":{"line":40,"column":52}},"27":{"start":{"line":41,"column":20},"end":{"line":41,"column":58}},"28":{"start":{"line":42,"column":20},"end":{"line":42,"column":56}},"29":{"start":{"line":43,"column":20},"end":{"line":43,"column":50}},"30":{"start":{"line":44,"column":20},"end":{"line":44,"column":54}},"31":{"start":{"line":45,"column":20},"end":{"line":45,"column":58}},"32":{"start":{"line":46,"column":20},"end":{"line":46,"column":54}},"33":{"start":{"line":47,"column":20},"end":{"line":47,"column":57}},"34":{"start":{"line":51,"column":8},"end":{"line":61,"column":10}},"35":{"start":{"line":52,"column":12},"end":{"line":60,"column":18}},"36":{"start":{"line":53,"column":24},"end":{"line":53,"column":41}},"37":{"start":{"line":54,"column":28},"end":{"line":54,"column":75}},"38":{"start":{"line":56,"column":20},"end":{"line":56,"column":44}},"39":{"start":{"line":58,"column":20},"end":{"line":58,"column":83}},"40":{"start":{"line":64,"column":4},"end":{"line":73,"column":6}},"41":{"start":{"line":65,"column":8},"end":{"line":65,"column":24}},"42":{"start":{"line":66,"column":8},"end":{"line":66,"column":88}},"43":{"start":{"line":66,"column":21},"end":{"line":66,"column":38}},"44":{"start":{"line":67,"column":8},"end":{"line":67,"column":19}},"45":{"start":{"line":68,"column":8},"end":{"line":68,"column":88}},"46":{"start":{"line":68,"column":21},"end":{"line":68,"column":38}},"47":{"start":{"line":69,"column":8},"end":{"line":69,"column":23}},"48":{"start":{"line":70,"column":8},"end":{"line":70,"column":88}},"49":{"start":{"line":70,"column":21},"end":{"line":70,"column":38}},"50":{"start":{"line":71,"column":8},"end":{"line":71,"column":16}},"51":{"start":{"line":72,"column":8},"end":{"line":72,"column":88}},"52":{"start":{"line":72,"column":21},"end":{"line":72,"column":38}},"53":{"start":{"line":75,"column":4},"end":{"line":75,"column":68}},"54":{"start":{"line":75,"column":16},"end":{"line":75,"column":67}},"55":{"start":{"line":75,"column":45},"end":{"line":75,"column":66}}},"fnMap":{"0":{"name":"(anonymous_0)","decl":{"start":{"line":9,"column":25},"end":{"line":9,"column":26}},"loc":{"start":{"line":9,"column":31},"end":{"line":76,"column":1}},"line":9},"1":{"name":"(anonymous_1)","decl":{"start":{"line":10,"column":11},"end":{"line":10,"column":12}},"loc":{"start":{"line":11,"column":8},"end":{"line":12,"column":42}},"line":11},"2":{"name":"(anonymous_2)","decl":{"start":{"line":12,"column":18},"end":{"line":12,"column":19}},"loc":{"start":{"line":12,"column":24},"end":{"line":12,"column":41}},"line":12},"3":{"name":"(anonymous_3)","decl":{"start":{"line":17,"column":15},"end":{"line":17,"column":16}},"loc":{"start":{"line":17,"column":21},"end":{"line":26,"column":5}},"line":17},"4":{"name":"(anonymous_4)","decl":{"start":{"line":28,"column":41},"end":{"line":28,"column":42}},"loc":{"start":{"line":28,"column":47},"end":{"line":62,"column":5}},"line":28},"5":{"name":"(anonymous_5)","decl":{"start":{"line":31,"column":19},"end":{"line":31,"column":20}},"loc":{"start":{"line":32,"column":12},"end":{"line":33,"column":43}},"line":32},"6":{"name":"(anonymous_6)","decl":{"start":{"line":33,"column":22},"end":{"line":33,"column":23}},"loc":{"start":{"line":33,"column":34},"end":{"line":33,"column":42}},"line":33},"7":{"name":"(anonymous_7)","decl":{"start":{"line":36,"column":65},"end":{"line":36,"column":66}},"loc":{"start":{"line":37,"column":12},"end":{"line":48,"column":18}},"line":37},"8":{"name":"(anonymous_8)","decl":{"start":{"line":38,"column":22},"end":{"line":38,"column":23}},"loc":{"start":{"line":38,"column":30},"end":{"line":48,"column":17}},"line":38},"9":{"name":"(anonymous_9)","decl":{"start":{"line":51,"column":53},"end":{"line":51,"column":54}},"loc":{"start":{"line":51,"column":59},"end":{"line":61,"column":9}},"line":51},"10":{"name":"(anonymous_10)","decl":{"start":{"line":53,"column":18},"end":{"line":53,"column":19}},"loc":{"start":{"line":53,"column":24},"end":{"line":53,"column":41}},"line":53},"11":{"name":"(anonymous_11)","decl":{"start":{"line":54,"column":22},"end":{"line":54,"column":23}},"loc":{"start":{"line":54,"column":27},"end":{"line":54,"column":76}},"line":54},"12":{"name":"(anonymous_12)","decl":{"start":{"line":55,"column":23},"end":{"line":55,"column":24}},"loc":{"start":{"line":55,"column":38},"end":{"line":60,"column":17}},"line":55},"13":{"name":"(anonymous_13)","decl":{"start":{"line":64,"column":41},"end":{"line":64,"column":42}},"loc":{"start":{"line":64,"column":47},"end":{"line":73,"column":5}},"line":64},"14":{"name":"(anonymous_14)","decl":{"start":{"line":66,"column":15},"end":{"line":66,"column":16}},"loc":{"start":{"line":66,"column":21},"end":{"line":66,"column":38}},"line":66},"15":{"name":"(anonymous_15)","decl":{"start":{"line":68,"column":15},"end":{"line":68,"column":16}},"loc":{"start":{"line":68,"column":21},"end":{"line":68,"column":38}},"line":68},"16":{"name":"(anonymous_16)","decl":{"start":{"line":70,"column":15},"end":{"line":70,"column":16}},"loc":{"start":{"line":70,"column":21},"end":{"line":70,"column":38}},"line":70},"17":{"name":"(anonymous_17)","decl":{"start":{"line":72,"column":15},"end":{"line":72,"column":16}},"loc":{"start":{"line":72,"column":21},"end":{"line":72,"column":38}},"line":72},"18":{"name":"(anonymous_18)","decl":{"start":{"line":75,"column":10},"end":{"line":75,"column":11}},"loc":{"start":{"line":75,"column":16},"end":{"line":75,"column":67}},"line":75},"19":{"name":"(anonymous_19)","decl":{"start":{"line":75,"column":39},"end":{"line":75,"column":40}},"loc":{"start":{"line":75,"column":45},"end":{"line":75,"column":66}},"line":75}},"branchMap":{},"s":{"0":1,"1":1,"2":1,"3":1,"4":1,"5":1,"6":1,"7":1,"8":1,"9":1,"10":1,"11":3,"12":3,"13":3,"14":3,"15":3,"16":3,"17":3,"18":3,"19":1,"20":1,"21":2,"22":2,"23":1,"24":1,"25":1,"26":1,"27":1,"28":1,"29":1,"30":1,"31":1,"32":1,"33":1,"34":1,"35":1,"36":1,"37":0,"38":1,"39":1,"40":1,"41":1,"42":1,"43":1,"44":1,"45":1,"46":1,"47":1,"48":1,"49":1,"50":1,"51":1,"52":1,"53":1,"54":1,"55":1},"f":{"0":1,"1":1,"2":1,"3":3,"4":1,"5":2,"6":2,"7":1,"8":1,"9":1,"10":1,"11":0,"12":1,"13":1,"14":1,"15":1,"16":1,"17":1,"18":1,"19":1},"b":{},"_coverageSchema":"1a1c01bbd47fc00a2c39e90264f33305004495a9","hash":"701f8b86bd52be90eef757306b61de3d81725dec","contentHash":"f4255d037c882d3828927c15eeb038133a918adac3b809a2e279cfdc22474a97"},"/Users/Au/bootcamp/collab/skylab-bootcamp-202001/staff/aurora-perez/pill-o-clock/pill-o-clock-api/logic/retrieve-user.js":{"path":"/Users/Au/bootcamp/collab/skylab-bootcamp-202001/staff/aurora-perez/pill-o-clock/pill-o-clock-api/logic/retrieve-user.js","statementMap":{"0":{"start":{"line":1,"column":21},"end":{"line":1,"column":50}},"1":{"start":{"line":2,"column":29},"end":{"line":2,"column":57}},"2":{"start":{"line":3,"column":43},"end":{"line":3,"column":73}},"3":{"start":{"line":16,"column":0},"end":{"line":32,"column":1}},"4":{"start":{"line":17,"column":4},"end":{"line":17,"column":29}},"5":{"start":{"line":19,"column":4},"end":{"line":31,"column":137}},"6":{"start":{"line":21,"column":12},"end":{"line":21,"column":83}},"7":{"start":{"line":21,"column":23},"end":{"line":21,"column":83}},"8":{"start":{"line":23,"column":12},"end":{"line":23,"column":30}},"9":{"start":{"line":25,"column":12},"end":{"line":25,"column":27}},"10":{"start":{"line":27,"column":12},"end":{"line":27,"column":37}},"11":{"start":{"line":29,"column":12},"end":{"line":29,"column":30}},"12":{"start":{"line":31,"column":78},"end":{"line":31,"column":135}}},"fnMap":{"0":{"name":"(anonymous_0)","decl":{"start":{"line":16,"column":17},"end":{"line":16,"column":18}},"loc":{"start":{"line":16,"column":23},"end":{"line":32,"column":1}},"line":16},"1":{"name":"(anonymous_1)","decl":{"start":{"line":20,"column":14},"end":{"line":20,"column":15}},"loc":{"start":{"line":20,"column":22},"end":{"line":30,"column":9}},"line":20},"2":{"name":"(anonymous_2)","decl":{"start":{"line":31,"column":14},"end":{"line":31,"column":15}},"loc":{"start":{"line":31,"column":78},"end":{"line":31,"column":135}},"line":31}},"branchMap":{"0":{"loc":{"start":{"line":21,"column":12},"end":{"line":21,"column":83}},"type":"if","locations":[{"start":{"line":21,"column":12},"end":{"line":21,"column":83}},{"start":{"line":21,"column":12},"end":{"line":21,"column":83}}],"line":21}},"s":{"0":1,"1":1,"2":1,"3":1,"4":6,"5":2,"6":2,"7":1,"8":1,"9":1,"10":1,"11":1,"12":1},"f":{"0":6,"1":2,"2":1},"b":{"0":[1,1]},"_coverageSchema":"1a1c01bbd47fc00a2c39e90264f33305004495a9","hash":"69043deae35ff54606837332be0a90e52ab6ad8f","contentHash":"584717ce8e730ae0eb242ba85cf43940eaf5d3cbbfcacaca14b221e475c4c067"}}