{"/Users/Au/bootcamp/collab/skylab-bootcamp-202001/staff/aurora-perez/pill-o-clock/pilloclockapp/config.js": {"path":"/Users/Au/bootcamp/collab/skylab-bootcamp-202001/staff/aurora-perez/pill-o-clock/pilloclockapp/config.js","statementMap":{},"fnMap":{},"branchMap":{},"s":{},"f":{},"b":{},"_coverageSchema":"43e27e138ebf9cfc5966b082cf9a028302ed4184","hash":"e51431928414c6e0292f7fecedf46fa4977b6b92"}
,"/Users/Au/bootcamp/collab/skylab-bootcamp-202001/staff/aurora-perez/pill-o-clock/pilloclockapp/src/data/index.js": {"path":"/Users/Au/bootcamp/collab/skylab-bootcamp-202001/staff/aurora-perez/pill-o-clock/pilloclockapp/src/data/index.js","statementMap":{"0":{"start":{"line":1,"column":17},"end":{"line":1,"column":36}},"1":{"start":{"line":3,"column":0},"end":{"line":6,"column":1}}},"fnMap":{},"branchMap":{},"s":{"0":16,"1":16},"f":{},"b":{},"_coverageSchema":"43e27e138ebf9cfc5966b082cf9a028302ed4184","hash":"a27c482af3beb4fd31d6ffe68109f8998c1a60e5"}
,"/Users/Au/bootcamp/collab/skylab-bootcamp-202001/staff/aurora-perez/pill-o-clock/pilloclockapp/src/data/models/drug.js": {"path":"/Users/Au/bootcamp/collab/skylab-bootcamp-202001/staff/aurora-perez/pill-o-clock/pilloclockapp/src/data/models/drug.js","statementMap":{"0":{"start":{"line":1,"column":17},"end":{"line":1,"column":36}},"1":{"start":{"line":2,"column":17},"end":{"line":2,"column":38}},"2":{"start":{"line":4,"column":0},"end":{"line":4,"column":45}}},"fnMap":{},"branchMap":{},"s":{"0":16,"1":16,"2":16},"f":{},"b":{},"_coverageSchema":"43e27e138ebf9cfc5966b082cf9a028302ed4184","hash":"6afb7ef3d291ed905680ebfee7465c8dc27df6f2"}
,"/Users/Au/bootcamp/collab/skylab-bootcamp-202001/staff/aurora-perez/pill-o-clock/pilloclockapp/src/data/models/guideline.js": {"path":"/Users/Au/bootcamp/collab/skylab-bootcamp-202001/staff/aurora-perez/pill-o-clock/pilloclockapp/src/data/models/guideline.js","statementMap":{"0":{"start":{"line":1,"column":17},"end":{"line":1,"column":36}},"1":{"start":{"line":2,"column":22},"end":{"line":2,"column":43}},"2":{"start":{"line":4,"column":0},"end":{"line":4,"column":55}}},"fnMap":{},"branchMap":{},"s":{"0":16,"1":16,"2":16},"f":{},"b":{},"_coverageSchema":"43e27e138ebf9cfc5966b082cf9a028302ed4184","hash":"6fbc4200bfc0a48488028707023c01b78f3c658b"}
,"/Users/Au/bootcamp/collab/skylab-bootcamp-202001/staff/aurora-perez/pill-o-clock/pilloclockapp/src/data/models/index.js": {"path":"/Users/Au/bootcamp/collab/skylab-bootcamp-202001/staff/aurora-perez/pill-o-clock/pilloclockapp/src/data/models/index.js","statementMap":{"0":{"start":{"line":1,"column":0},"end":{"line":5,"column":1}}},"fnMap":{},"branchMap":{},"s":{"0":16},"f":{},"b":{},"_coverageSchema":"43e27e138ebf9cfc5966b082cf9a028302ed4184","hash":"387aa9198d11d1ffb5542cf87de49b6440d0d03f"}
,"/Users/Au/bootcamp/collab/skylab-bootcamp-202001/staff/aurora-perez/pill-o-clock/pilloclockapp/src/data/models/user.js": {"path":"/Users/Au/bootcamp/collab/skylab-bootcamp-202001/staff/aurora-perez/pill-o-clock/pilloclockapp/src/data/models/user.js","statementMap":{"0":{"start":{"line":1,"column":17},"end":{"line":1,"column":36}},"1":{"start":{"line":2,"column":17},"end":{"line":2,"column":38}},"2":{"start":{"line":4,"column":0},"end":{"line":4,"column":45}}},"fnMap":{},"branchMap":{},"s":{"0":16,"1":16,"2":16},"f":{},"b":{},"_coverageSchema":"43e27e138ebf9cfc5966b082cf9a028302ed4184","hash":"9a38a1b90f60f1b6fe0edf64a97695f392fcd571"}
,"/Users/Au/bootcamp/collab/skylab-bootcamp-202001/staff/aurora-perez/pill-o-clock/pilloclockapp/src/data/schemas/drug.js": {"path":"/Users/Au/bootcamp/collab/skylab-bootcamp-202001/staff/aurora-perez/pill-o-clock/pilloclockapp/src/data/schemas/drug.js","statementMap":{"0":{"start":{"line":1,"column":19},"end":{"line":1,"column":38}},"1":{"start":{"line":3,"column":0},"end":{"line":8,"column":2}}},"fnMap":{},"branchMap":{},"s":{"0":16,"1":16},"f":{},"b":{},"_coverageSchema":"43e27e138ebf9cfc5966b082cf9a028302ed4184","hash":"b7d91e786acd04563b3964e2f481dee467b610c6"}
,"/Users/Au/bootcamp/collab/skylab-bootcamp-202001/staff/aurora-perez/pill-o-clock/pilloclockapp/src/data/schemas/guideline.js": {"path":"/Users/Au/bootcamp/collab/skylab-bootcamp-202001/staff/aurora-perez/pill-o-clock/pilloclockapp/src/data/schemas/guideline.js","statementMap":{"0":{"start":{"line":1,"column":40},"end":{"line":1,"column":59}},"1":{"start":{"line":2,"column":13},"end":{"line":2,"column":30}},"2":{"start":{"line":4,"column":0},"end":{"line":10,"column":2}}},"fnMap":{},"branchMap":{},"s":{"0":16,"1":16,"2":16},"f":{},"b":{},"_coverageSchema":"43e27e138ebf9cfc5966b082cf9a028302ed4184","hash":"d2caad730a419242381c95e65d805429a2bf7021"}
,"/Users/Au/bootcamp/collab/skylab-bootcamp-202001/staff/aurora-perez/pill-o-clock/pilloclockapp/src/data/schemas/index.js": {"path":"/Users/Au/bootcamp/collab/skylab-bootcamp-202001/staff/aurora-perez/pill-o-clock/pilloclockapp/src/data/schemas/index.js","statementMap":{"0":{"start":{"line":1,"column":0},"end":{"line":5,"column":1}}},"fnMap":{},"branchMap":{},"s":{"0":16},"f":{},"b":{},"_coverageSchema":"43e27e138ebf9cfc5966b082cf9a028302ed4184","hash":"61cf547f3d28e709a5c0dba3075759a87f0dd5c3"}
,"/Users/Au/bootcamp/collab/skylab-bootcamp-202001/staff/aurora-perez/pill-o-clock/pilloclockapp/src/data/schemas/user.js": {"path":"/Users/Au/bootcamp/collab/skylab-bootcamp-202001/staff/aurora-perez/pill-o-clock/pilloclockapp/src/data/schemas/user.js","statementMap":{"0":{"start":{"line":1,"column":40},"end":{"line":1,"column":59}},"1":{"start":{"line":2,"column":13},"end":{"line":2,"column":30}},"2":{"start":{"line":3,"column":18},"end":{"line":3,"column":40}},"3":{"start":{"line":5,"column":0},"end":{"line":27,"column":2}}},"fnMap":{},"branchMap":{},"s":{"0":16,"1":16,"2":16,"3":16},"f":{},"b":{},"_coverageSchema":"43e27e138ebf9cfc5966b082cf9a028302ed4184","hash":"b9c8952630701df4923a8f9820b59a7c8cb00118"}
,"/Users/Au/bootcamp/collab/skylab-bootcamp-202001/staff/aurora-perez/pill-o-clock/pilloclockapp/src/errors/content-error.js": {"path":"/Users/Au/bootcamp/collab/skylab-bootcamp-202001/staff/aurora-perez/pill-o-clock/pilloclockapp/src/errors/content-error.js","statementMap":{"0":{"start":{"line":1,"column":0},"end":{"line":7,"column":1}},"1":{"start":{"line":3,"column":8},"end":{"line":3,"column":22}},"2":{"start":{"line":5,"column":8},"end":{"line":5,"column":37}}},"fnMap":{"0":{"name":"(anonymous_0)","decl":{"start":{"line":2,"column":4},"end":{"line":2,"column":5}},"loc":{"start":{"line":2,"column":25},"end":{"line":6,"column":5}},"line":2}},"branchMap":{},"s":{"0":16,"1":11,"2":11},"f":{"0":11},"b":{},"_coverageSchema":"43e27e138ebf9cfc5966b082cf9a028302ed4184","hash":"34c7eb07ba78edf44b751961157f0dc519255bb4"}
,"/Users/Au/bootcamp/collab/skylab-bootcamp-202001/staff/aurora-perez/pill-o-clock/pilloclockapp/src/errors/index.js": {"path":"/Users/Au/bootcamp/collab/skylab-bootcamp-202001/staff/aurora-perez/pill-o-clock/pilloclockapp/src/errors/index.js","statementMap":{"0":{"start":{"line":1,"column":0},"end":{"line":5,"column":1}}},"fnMap":{},"branchMap":{},"s":{"0":16},"f":{},"b":{},"_coverageSchema":"43e27e138ebf9cfc5966b082cf9a028302ed4184","hash":"b96e741c13cd87887dc384b144267e77420961ae"}
,"/Users/Au/bootcamp/collab/skylab-bootcamp-202001/staff/aurora-perez/pill-o-clock/pilloclockapp/src/errors/not-allowed-error.js": {"path":"/Users/Au/bootcamp/collab/skylab-bootcamp-202001/staff/aurora-perez/pill-o-clock/pilloclockapp/src/errors/not-allowed-error.js","statementMap":{"0":{"start":{"line":1,"column":0},"end":{"line":7,"column":1}},"1":{"start":{"line":3,"column":8},"end":{"line":3,"column":22}},"2":{"start":{"line":5,"column":8},"end":{"line":5,"column":40}}},"fnMap":{"0":{"name":"(anonymous_0)","decl":{"start":{"line":2,"column":4},"end":{"line":2,"column":5}},"loc":{"start":{"line":2,"column":25},"end":{"line":6,"column":5}},"line":2}},"branchMap":{},"s":{"0":16,"1":3,"2":3},"f":{"0":3},"b":{},"_coverageSchema":"43e27e138ebf9cfc5966b082cf9a028302ed4184","hash":"c74d5c5a96697a2f95284db433f4baca36f3ae71"}
,"/Users/Au/bootcamp/collab/skylab-bootcamp-202001/staff/aurora-perez/pill-o-clock/pilloclockapp/src/errors/not-found-error.js": {"path":"/Users/Au/bootcamp/collab/skylab-bootcamp-202001/staff/aurora-perez/pill-o-clock/pilloclockapp/src/errors/not-found-error.js","statementMap":{"0":{"start":{"line":1,"column":0},"end":{"line":7,"column":1}},"1":{"start":{"line":3,"column":8},"end":{"line":3,"column":22}},"2":{"start":{"line":5,"column":8},"end":{"line":5,"column":38}}},"fnMap":{"0":{"name":"(anonymous_0)","decl":{"start":{"line":2,"column":4},"end":{"line":2,"column":5}},"loc":{"start":{"line":2,"column":25},"end":{"line":6,"column":5}},"line":2}},"branchMap":{},"s":{"0":16,"1":6,"2":6},"f":{"0":6},"b":{},"_coverageSchema":"43e27e138ebf9cfc5966b082cf9a028302ed4184","hash":"1ea1bb74f920d299484716a7f1733c601fc9c7e5"}
,"/Users/Au/bootcamp/collab/skylab-bootcamp-202001/staff/aurora-perez/pill-o-clock/pilloclockapp/src/logic/add-contact.js": {"path":"/Users/Au/bootcamp/collab/skylab-bootcamp-202001/staff/aurora-perez/pill-o-clock/pilloclockapp/src/logic/add-contact.js","statementMap":{"0":{"start":{"line":1,"column":43},"end":{"line":1,"column":64}},"1":{"start":{"line":2,"column":21},"end":{"line":2,"column":40}},"2":{"start":{"line":3,"column":14},"end":{"line":3,"column":35}},"3":{"start":{"line":4,"column":15},"end":{"line":4,"column":35}},"4":{"start":{"line":6,"column":0},"end":{"line":38,"column":15}},"5":{"start":{"line":7,"column":4},"end":{"line":7,"column":30}},"6":{"start":{"line":9,"column":4},"end":{"line":36,"column":8}},"7":{"start":{"line":10,"column":22},"end":{"line":10,"column":57}},"8":{"start":{"line":12,"column":25},"end":{"line":19,"column":10}},"9":{"start":{"line":21,"column":27},"end":{"line":21,"column":35}},"10":{"start":{"line":23,"column":8},"end":{"line":23,"column":34}},"11":{"start":{"line":23,"column":28},"end":{"line":23,"column":34}},"12":{"start":{"line":25,"column":8},"end":{"line":33,"column":9}},"13":{"start":{"line":26,"column":30},"end":{"line":26,"column":51}},"14":{"start":{"line":28,"column":12},"end":{"line":30,"column":13}},"15":{"start":{"line":29,"column":16},"end":{"line":29,"column":46}},"16":{"start":{"line":32,"column":12},"end":{"line":32,"column":34}},"17":{"start":{"line":35,"column":8},"end":{"line":35,"column":39}}},"fnMap":{"0":{"name":"(anonymous_0)","decl":{"start":{"line":6,"column":17},"end":{"line":6,"column":18}},"loc":{"start":{"line":6,"column":32},"end":{"line":38,"column":1}},"line":6},"1":{"name":"(anonymous_1)","decl":{"start":{"line":9,"column":12},"end":{"line":9,"column":13}},"loc":{"start":{"line":9,"column":23},"end":{"line":36,"column":5}},"line":9}},"branchMap":{"0":{"loc":{"start":{"line":23,"column":8},"end":{"line":23,"column":34}},"type":"if","locations":[{"start":{"line":23,"column":8},"end":{"line":23,"column":34}},{"start":{"line":23,"column":8},"end":{"line":23,"column":34}}],"line":23},"1":{"loc":{"start":{"line":25,"column":8},"end":{"line":33,"column":9}},"type":"if","locations":[{"start":{"line":25,"column":8},"end":{"line":33,"column":9}},{"start":{"line":25,"column":8},"end":{"line":33,"column":9}}],"line":25},"2":{"loc":{"start":{"line":25,"column":12},"end":{"line":25,"column":41}},"type":"binary-expr","locations":[{"start":{"line":25,"column":12},"end":{"line":25,"column":25}},{"start":{"line":25,"column":29},"end":{"line":25,"column":41}}],"line":25},"3":{"loc":{"start":{"line":28,"column":12},"end":{"line":30,"column":13}},"type":"if","locations":[{"start":{"line":28,"column":12},"end":{"line":30,"column":13}},{"start":{"line":28,"column":12},"end":{"line":30,"column":13}}],"line":28}},"s":{"0":16,"1":16,"2":16,"3":16,"4":16,"5":6,"6":3,"7":3,"8":3,"9":3,"10":3,"11":3,"12":0,"13":0,"14":0,"15":0,"16":0,"17":0},"f":{"0":6,"1":3},"b":{"0":[3,0],"1":[0,0],"2":[0,0],"3":[0,0]},"_coverageSchema":"43e27e138ebf9cfc5966b082cf9a028302ed4184","hash":"178261653129ffaaefc9b51daa72574317dbf5c8"}
,"/Users/Au/bootcamp/collab/skylab-bootcamp-202001/staff/aurora-perez/pill-o-clock/pilloclockapp/src/logic/add-medication.js": {"path":"/Users/Au/bootcamp/collab/skylab-bootcamp-202001/staff/aurora-perez/pill-o-clock/pilloclockapp/src/logic/add-medication.js","statementMap":{"0":{"start":{"line":1,"column":43},"end":{"line":1,"column":64}},"1":{"start":{"line":2,"column":21},"end":{"line":2,"column":40}},"2":{"start":{"line":3,"column":14},"end":{"line":3,"column":35}},"3":{"start":{"line":4,"column":15},"end":{"line":4,"column":35}},"4":{"start":{"line":6,"column":0},"end":{"line":47,"column":15}},"5":{"start":{"line":8,"column":4},"end":{"line":8,"column":37}},"6":{"start":{"line":9,"column":4},"end":{"line":9,"column":39}},"7":{"start":{"line":10,"column":4},"end":{"line":12,"column":6}},"8":{"start":{"line":11,"column":8},"end":{"line":11,"column":39}},"9":{"start":{"line":14,"column":4},"end":{"line":45,"column":8}},"10":{"start":{"line":15,"column":22},"end":{"line":15,"column":57}},"11":{"start":{"line":17,"column":25},"end":{"line":24,"column":10}},"12":{"start":{"line":26,"column":27},"end":{"line":26,"column":35}},"13":{"start":{"line":28,"column":8},"end":{"line":28,"column":34}},"14":{"start":{"line":28,"column":28},"end":{"line":28,"column":34}},"15":{"start":{"line":30,"column":8},"end":{"line":42,"column":9}},"16":{"start":{"line":31,"column":30},"end":{"line":31,"column":51}},"17":{"start":{"line":33,"column":12},"end":{"line":35,"column":13}},"18":{"start":{"line":34,"column":16},"end":{"line":34,"column":48}},"19":{"start":{"line":37,"column":12},"end":{"line":39,"column":13}},"20":{"start":{"line":38,"column":16},"end":{"line":38,"column":46}},"21":{"start":{"line":41,"column":12},"end":{"line":41,"column":34}},"22":{"start":{"line":44,"column":8},"end":{"line":44,"column":39}}},"fnMap":{"0":{"name":"(anonymous_0)","decl":{"start":{"line":6,"column":17},"end":{"line":6,"column":18}},"loc":{"start":{"line":6,"column":41},"end":{"line":47,"column":1}},"line":6},"1":{"name":"(anonymous_1)","decl":{"start":{"line":10,"column":17},"end":{"line":10,"column":18}},"loc":{"start":{"line":10,"column":25},"end":{"line":12,"column":5}},"line":10},"2":{"name":"(anonymous_2)","decl":{"start":{"line":14,"column":12},"end":{"line":14,"column":13}},"loc":{"start":{"line":14,"column":23},"end":{"line":45,"column":5}},"line":14}},"branchMap":{"0":{"loc":{"start":{"line":28,"column":8},"end":{"line":28,"column":34}},"type":"if","locations":[{"start":{"line":28,"column":8},"end":{"line":28,"column":34}},{"start":{"line":28,"column":8},"end":{"line":28,"column":34}}],"line":28},"1":{"loc":{"start":{"line":30,"column":8},"end":{"line":42,"column":9}},"type":"if","locations":[{"start":{"line":30,"column":8},"end":{"line":42,"column":9}},{"start":{"line":30,"column":8},"end":{"line":42,"column":9}}],"line":30},"2":{"loc":{"start":{"line":30,"column":12},"end":{"line":30,"column":41}},"type":"binary-expr","locations":[{"start":{"line":30,"column":12},"end":{"line":30,"column":25}},{"start":{"line":30,"column":29},"end":{"line":30,"column":41}}],"line":30},"3":{"loc":{"start":{"line":33,"column":12},"end":{"line":35,"column":13}},"type":"if","locations":[{"start":{"line":33,"column":12},"end":{"line":35,"column":13}},{"start":{"line":33,"column":12},"end":{"line":35,"column":13}}],"line":33},"4":{"loc":{"start":{"line":37,"column":12},"end":{"line":39,"column":13}},"type":"if","locations":[{"start":{"line":37,"column":12},"end":{"line":39,"column":13}},{"start":{"line":37,"column":12},"end":{"line":39,"column":13}}],"line":37}},"s":{"0":16,"1":16,"2":16,"3":16,"4":16,"5":13,"6":10,"7":7,"8":7,"9":4,"10":4,"11":4,"12":4,"13":4,"14":1,"15":3,"16":3,"17":3,"18":0,"19":3,"20":0,"21":3,"22":0},"f":{"0":13,"1":7,"2":4},"b":{"0":[1,3],"1":[3,0],"2":[3,3],"3":[0,3],"4":[0,3]},"_coverageSchema":"43e27e138ebf9cfc5966b082cf9a028302ed4184","hash":"69d6fe9de0e8d168fa46b3b1ae7474e8323db86f"}
,"/Users/Au/bootcamp/collab/skylab-bootcamp-202001/staff/aurora-perez/pill-o-clock/pilloclockapp/src/logic/add-progress-record.js": {"path":"/Users/Au/bootcamp/collab/skylab-bootcamp-202001/staff/aurora-perez/pill-o-clock/pilloclockapp/src/logic/add-progress-record.js","statementMap":{"0":{"start":{"line":1,"column":43},"end":{"line":1,"column":64}},"1":{"start":{"line":2,"column":21},"end":{"line":2,"column":40}},"2":{"start":{"line":3,"column":14},"end":{"line":3,"column":35}},"3":{"start":{"line":4,"column":15},"end":{"line":4,"column":35}},"4":{"start":{"line":6,"column":0},"end":{"line":39,"column":15}},"5":{"start":{"line":7,"column":4},"end":{"line":7,"column":43}},"6":{"start":{"line":9,"column":4},"end":{"line":37,"column":8}},"7":{"start":{"line":10,"column":22},"end":{"line":10,"column":57}},"8":{"start":{"line":12,"column":25},"end":{"line":19,"column":10}},"9":{"start":{"line":21,"column":27},"end":{"line":21,"column":35}},"10":{"start":{"line":23,"column":8},"end":{"line":23,"column":34}},"11":{"start":{"line":23,"column":28},"end":{"line":23,"column":34}},"12":{"start":{"line":25,"column":8},"end":{"line":34,"column":9}},"13":{"start":{"line":26,"column":30},"end":{"line":26,"column":51}},"14":{"start":{"line":28,"column":12},"end":{"line":30,"column":13}},"15":{"start":{"line":29,"column":16},"end":{"line":29,"column":46}},"16":{"start":{"line":33,"column":12},"end":{"line":33,"column":34}},"17":{"start":{"line":36,"column":8},"end":{"line":36,"column":39}}},"fnMap":{"0":{"name":"(anonymous_0)","decl":{"start":{"line":6,"column":17},"end":{"line":6,"column":18}},"loc":{"start":{"line":6,"column":35},"end":{"line":39,"column":1}},"line":6},"1":{"name":"(anonymous_1)","decl":{"start":{"line":9,"column":12},"end":{"line":9,"column":13}},"loc":{"start":{"line":9,"column":23},"end":{"line":37,"column":5}},"line":9}},"branchMap":{"0":{"loc":{"start":{"line":23,"column":8},"end":{"line":23,"column":34}},"type":"if","locations":[{"start":{"line":23,"column":8},"end":{"line":23,"column":34}},{"start":{"line":23,"column":8},"end":{"line":23,"column":34}}],"line":23},"1":{"loc":{"start":{"line":25,"column":8},"end":{"line":34,"column":9}},"type":"if","locations":[{"start":{"line":25,"column":8},"end":{"line":34,"column":9}},{"start":{"line":25,"column":8},"end":{"line":34,"column":9}}],"line":25},"2":{"loc":{"start":{"line":25,"column":12},"end":{"line":25,"column":41}},"type":"binary-expr","locations":[{"start":{"line":25,"column":12},"end":{"line":25,"column":25}},{"start":{"line":25,"column":29},"end":{"line":25,"column":41}}],"line":25},"3":{"loc":{"start":{"line":28,"column":12},"end":{"line":30,"column":13}},"type":"if","locations":[{"start":{"line":28,"column":12},"end":{"line":30,"column":13}},{"start":{"line":28,"column":12},"end":{"line":30,"column":13}}],"line":28}},"s":{"0":16,"1":16,"2":16,"3":16,"4":16,"5":6,"6":3,"7":3,"8":3,"9":3,"10":3,"11":2,"12":1,"13":1,"14":1,"15":0,"16":1,"17":0},"f":{"0":6,"1":3},"b":{"0":[2,1],"1":[1,0],"2":[1,1],"3":[0,1]},"_coverageSchema":"43e27e138ebf9cfc5966b082cf9a028302ed4184","hash":"413c48e633bcaebd011629f1434f58a76f6d51f3"}
,"/Users/Au/bootcamp/collab/skylab-bootcamp-202001/staff/aurora-perez/pill-o-clock/pilloclockapp/src/logic/add-progress.js": {"path":"/Users/Au/bootcamp/collab/skylab-bootcamp-202001/staff/aurora-perez/pill-o-clock/pilloclockapp/src/logic/add-progress.js","statementMap":{"0":{"start":{"line":1,"column":43},"end":{"line":1,"column":64}},"1":{"start":{"line":2,"column":21},"end":{"line":2,"column":40}},"2":{"start":{"line":3,"column":14},"end":{"line":3,"column":35}},"3":{"start":{"line":4,"column":15},"end":{"line":4,"column":35}},"4":{"start":{"line":6,"column":0},"end":{"line":37,"column":15}},"5":{"start":{"line":7,"column":4},"end":{"line":7,"column":42}},"6":{"start":{"line":9,"column":4},"end":{"line":36,"column":8}},"7":{"start":{"line":10,"column":22},"end":{"line":10,"column":57}},"8":{"start":{"line":12,"column":25},"end":{"line":19,"column":10}},"9":{"start":{"line":21,"column":27},"end":{"line":21,"column":35}},"10":{"start":{"line":23,"column":8},"end":{"line":23,"column":34}},"11":{"start":{"line":23,"column":28},"end":{"line":23,"column":34}},"12":{"start":{"line":25,"column":8},"end":{"line":33,"column":9}},"13":{"start":{"line":26,"column":30},"end":{"line":26,"column":51}},"14":{"start":{"line":28,"column":12},"end":{"line":30,"column":13}},"15":{"start":{"line":29,"column":16},"end":{"line":29,"column":46}},"16":{"start":{"line":32,"column":12},"end":{"line":32,"column":34}},"17":{"start":{"line":35,"column":8},"end":{"line":35,"column":39}}},"fnMap":{"0":{"name":"(anonymous_0)","decl":{"start":{"line":6,"column":17},"end":{"line":6,"column":18}},"loc":{"start":{"line":6,"column":34},"end":{"line":37,"column":1}},"line":6},"1":{"name":"(anonymous_1)","decl":{"start":{"line":9,"column":12},"end":{"line":9,"column":13}},"loc":{"start":{"line":9,"column":23},"end":{"line":36,"column":5}},"line":9}},"branchMap":{"0":{"loc":{"start":{"line":23,"column":8},"end":{"line":23,"column":34}},"type":"if","locations":[{"start":{"line":23,"column":8},"end":{"line":23,"column":34}},{"start":{"line":23,"column":8},"end":{"line":23,"column":34}}],"line":23},"1":{"loc":{"start":{"line":25,"column":8},"end":{"line":33,"column":9}},"type":"if","locations":[{"start":{"line":25,"column":8},"end":{"line":33,"column":9}},{"start":{"line":25,"column":8},"end":{"line":33,"column":9}}],"line":25},"2":{"loc":{"start":{"line":25,"column":12},"end":{"line":25,"column":41}},"type":"binary-expr","locations":[{"start":{"line":25,"column":12},"end":{"line":25,"column":25}},{"start":{"line":25,"column":29},"end":{"line":25,"column":41}}],"line":25},"3":{"loc":{"start":{"line":28,"column":12},"end":{"line":30,"column":13}},"type":"if","locations":[{"start":{"line":28,"column":12},"end":{"line":30,"column":13}},{"start":{"line":28,"column":12},"end":{"line":30,"column":13}}],"line":28}},"s":{"0":16,"1":16,"2":16,"3":16,"4":16,"5":6,"6":3,"7":3,"8":3,"9":3,"10":3,"11":2,"12":1,"13":1,"14":1,"15":0,"16":1,"17":0},"f":{"0":6,"1":3},"b":{"0":[2,1],"1":[1,0],"2":[1,1],"3":[0,1]},"_coverageSchema":"43e27e138ebf9cfc5966b082cf9a028302ed4184","hash":"094b0e0dfe83b883a7283f94ad085e41b0a2d0ea"}
,"/Users/Au/bootcamp/collab/skylab-bootcamp-202001/staff/aurora-perez/pill-o-clock/pilloclockapp/src/logic/context.js": {"path":"/Users/Au/bootcamp/collab/skylab-bootcamp-202001/staff/aurora-perez/pill-o-clock/pilloclockapp/src/logic/context.js","statementMap":{"0":{"start":{"line":1,"column":0},"end":{"line":1,"column":17}}},"fnMap":{},"branchMap":{},"s":{"0":16},"f":{},"b":{},"_coverageSchema":"43e27e138ebf9cfc5966b082cf9a028302ed4184","hash":"bb75365c288e010dde10e609fa8e3486299c3964"}
,"/Users/Au/bootcamp/collab/skylab-bootcamp-202001/staff/aurora-perez/pill-o-clock/pilloclockapp/src/logic/delete-medication.js": {"path":"/Users/Au/bootcamp/collab/skylab-bootcamp-202001/staff/aurora-perez/pill-o-clock/pilloclockapp/src/logic/delete-medication.js","statementMap":{"0":{"start":{"line":1,"column":43},"end":{"line":1,"column":64}},"1":{"start":{"line":2,"column":21},"end":{"line":2,"column":40}},"2":{"start":{"line":3,"column":14},"end":{"line":3,"column":35}},"3":{"start":{"line":4,"column":15},"end":{"line":4,"column":35}},"4":{"start":{"line":6,"column":0},"end":{"line":37,"column":15}},"5":{"start":{"line":7,"column":4},"end":{"line":7,"column":37}},"6":{"start":{"line":9,"column":4},"end":{"line":35,"column":8}},"7":{"start":{"line":10,"column":22},"end":{"line":10,"column":57}},"8":{"start":{"line":12,"column":25},"end":{"line":18,"column":10}},"9":{"start":{"line":20,"column":27},"end":{"line":20,"column":35}},"10":{"start":{"line":22,"column":8},"end":{"line":22,"column":34}},"11":{"start":{"line":22,"column":28},"end":{"line":22,"column":34}},"12":{"start":{"line":24,"column":8},"end":{"line":32,"column":9}},"13":{"start":{"line":25,"column":30},"end":{"line":25,"column":51}},"14":{"start":{"line":27,"column":12},"end":{"line":29,"column":13}},"15":{"start":{"line":28,"column":16},"end":{"line":28,"column":46}},"16":{"start":{"line":31,"column":12},"end":{"line":31,"column":34}},"17":{"start":{"line":34,"column":8},"end":{"line":34,"column":39}}},"fnMap":{"0":{"name":"(anonymous_0)","decl":{"start":{"line":6,"column":17},"end":{"line":6,"column":18}},"loc":{"start":{"line":6,"column":35},"end":{"line":37,"column":1}},"line":6},"1":{"name":"(anonymous_1)","decl":{"start":{"line":9,"column":12},"end":{"line":9,"column":13}},"loc":{"start":{"line":9,"column":23},"end":{"line":35,"column":5}},"line":9}},"branchMap":{"0":{"loc":{"start":{"line":22,"column":8},"end":{"line":22,"column":34}},"type":"if","locations":[{"start":{"line":22,"column":8},"end":{"line":22,"column":34}},{"start":{"line":22,"column":8},"end":{"line":22,"column":34}}],"line":22},"1":{"loc":{"start":{"line":24,"column":8},"end":{"line":32,"column":9}},"type":"if","locations":[{"start":{"line":24,"column":8},"end":{"line":32,"column":9}},{"start":{"line":24,"column":8},"end":{"line":32,"column":9}}],"line":24},"2":{"loc":{"start":{"line":24,"column":12},"end":{"line":24,"column":41}},"type":"binary-expr","locations":[{"start":{"line":24,"column":12},"end":{"line":24,"column":25}},{"start":{"line":24,"column":29},"end":{"line":24,"column":41}}],"line":24},"3":{"loc":{"start":{"line":27,"column":12},"end":{"line":29,"column":13}},"type":"if","locations":[{"start":{"line":27,"column":12},"end":{"line":29,"column":13}},{"start":{"line":27,"column":12},"end":{"line":29,"column":13}}],"line":27}},"s":{"0":16,"1":16,"2":16,"3":16,"4":16,"5":7,"6":4,"7":4,"8":4,"9":4,"10":4,"11":1,"12":3,"13":3,"14":3,"15":0,"16":3,"17":0},"f":{"0":7,"1":4},"b":{"0":[1,3],"1":[3,0],"2":[3,3],"3":[0,3]},"_coverageSchema":"43e27e138ebf9cfc5966b082cf9a028302ed4184","hash":"67679d6b18adb3b01df81091b6eafedfe4b759d4"}
,"/Users/Au/bootcamp/collab/skylab-bootcamp-202001/staff/aurora-perez/pill-o-clock/pilloclockapp/src/logic/index.js": {"path":"/Users/Au/bootcamp/collab/skylab-bootcamp-202001/staff/aurora-perez/pill-o-clock/pilloclockapp/src/logic/index.js","statementMap":{"0":{"start":{"line":1,"column":16},"end":{"line":1,"column":36}},"1":{"start":{"line":3,"column":0},"end":{"line":22,"column":1}},"2":{"start":{"line":4,"column":24},"end":{"line":4,"column":38}}},"fnMap":{"0":{"name":"(anonymous_0)","decl":{"start":{"line":4,"column":4},"end":{"line":4,"column":5}},"loc":{"start":{"line":4,"column":22},"end":{"line":4,"column":40}},"line":4}},"branchMap":{},"s":{"0":16,"1":16,"2":53},"f":{"0":53},"b":{},"_coverageSchema":"43e27e138ebf9cfc5966b082cf9a028302ed4184","hash":"8d45fe11edba22e957eea192c5ad44d188672eec"}
,"/Users/Au/bootcamp/collab/skylab-bootcamp-202001/staff/aurora-perez/pill-o-clock/pilloclockapp/src/logic/is-logged-in.js": {"path":"/Users/Au/bootcamp/collab/skylab-bootcamp-202001/staff/aurora-perez/pill-o-clock/pilloclockapp/src/logic/is-logged-in.js","statementMap":{"0":{"start":{"line":1,"column":16},"end":{"line":1,"column":36}},"1":{"start":{"line":3,"column":0},"end":{"line":7,"column":15}},"2":{"start":{"line":4,"column":18},"end":{"line":4,"column":53}},"3":{"start":{"line":6,"column":4},"end":{"line":6,"column":18}}},"fnMap":{"0":{"name":"(anonymous_0)","decl":{"start":{"line":3,"column":17},"end":{"line":3,"column":18}},"loc":{"start":{"line":3,"column":35},"end":{"line":7,"column":1}},"line":3}},"branchMap":{},"s":{"0":16,"1":16,"2":0,"3":0},"f":{"0":0},"b":{},"_coverageSchema":"43e27e138ebf9cfc5966b082cf9a028302ed4184","hash":"c83a75fbfd0918007effab65a4e51a10549d5c17"}
,"/Users/Au/bootcamp/collab/skylab-bootcamp-202001/staff/aurora-perez/pill-o-clock/pilloclockapp/src/logic/login.js": {"path":"/Users/Au/bootcamp/collab/skylab-bootcamp-202001/staff/aurora-perez/pill-o-clock/pilloclockapp/src/logic/login.js","statementMap":{"0":{"start":{"line":1,"column":21},"end":{"line":1,"column":41}},"1":{"start":{"line":2,"column":28},"end":{"line":2,"column":48}},"2":{"start":{"line":3,"column":14},"end":{"line":3,"column":36}},"3":{"start":{"line":4,"column":16},"end":{"line":4,"column":36}},"4":{"start":{"line":7,"column":0},"end":{"line":42,"column":15}},"5":{"start":{"line":8,"column":4},"end":{"line":8,"column":35}},"6":{"start":{"line":9,"column":4},"end":{"line":9,"column":25}},"7":{"start":{"line":10,"column":4},"end":{"line":10,"column":41}},"8":{"start":{"line":12,"column":4},"end":{"line":40,"column":8}},"9":{"start":{"line":13,"column":25},"end":{"line":17,"column":10}},"10":{"start":{"line":19,"column":27},"end":{"line":19,"column":35}},"11":{"start":{"line":21,"column":8},"end":{"line":26,"column":9}},"12":{"start":{"line":22,"column":30},"end":{"line":22,"column":51}},"13":{"start":{"line":24,"column":12},"end":{"line":24,"column":54}},"14":{"start":{"line":25,"column":12},"end":{"line":25,"column":18}},"15":{"start":{"line":28,"column":8},"end":{"line":36,"column":9}},"16":{"start":{"line":29,"column":30},"end":{"line":29,"column":51}},"17":{"start":{"line":31,"column":12},"end":{"line":33,"column":13}},"18":{"start":{"line":32,"column":16},"end":{"line":32,"column":48}},"19":{"start":{"line":35,"column":12},"end":{"line":35,"column":34}},"20":{"start":{"line":38,"column":8},"end":{"line":38,"column":39}}},"fnMap":{"0":{"name":"(anonymous_0)","decl":{"start":{"line":7,"column":17},"end":{"line":7,"column":18}},"loc":{"start":{"line":7,"column":43},"end":{"line":42,"column":1}},"line":7},"1":{"name":"(anonymous_1)","decl":{"start":{"line":12,"column":12},"end":{"line":12,"column":13}},"loc":{"start":{"line":12,"column":23},"end":{"line":40,"column":5}},"line":12}},"branchMap":{"0":{"loc":{"start":{"line":21,"column":8},"end":{"line":26,"column":9}},"type":"if","locations":[{"start":{"line":21,"column":8},"end":{"line":26,"column":9}},{"start":{"line":21,"column":8},"end":{"line":26,"column":9}}],"line":21},"1":{"loc":{"start":{"line":28,"column":8},"end":{"line":36,"column":9}},"type":"if","locations":[{"start":{"line":28,"column":8},"end":{"line":36,"column":9}},{"start":{"line":28,"column":8},"end":{"line":36,"column":9}}],"line":28},"2":{"loc":{"start":{"line":28,"column":12},"end":{"line":28,"column":41}},"type":"binary-expr","locations":[{"start":{"line":28,"column":12},"end":{"line":28,"column":25}},{"start":{"line":28,"column":29},"end":{"line":28,"column":41}}],"line":28},"3":{"loc":{"start":{"line":31,"column":12},"end":{"line":33,"column":13}},"type":"if","locations":[{"start":{"line":31,"column":12},"end":{"line":33,"column":13}},{"start":{"line":31,"column":12},"end":{"line":33,"column":13}}],"line":31}},"s":{"0":16,"1":16,"2":16,"3":16,"4":16,"5":11,"6":8,"7":6,"8":3,"9":3,"10":3,"11":3,"12":1,"13":1,"14":1,"15":2,"16":2,"17":2,"18":2,"19":0,"20":0},"f":{"0":11,"1":3},"b":{"0":[1,2],"1":[2,0],"2":[2,2],"3":[2,0]},"_coverageSchema":"43e27e138ebf9cfc5966b082cf9a028302ed4184","hash":"4cecfc9114965352994dd751f9a9f9b49673a430"}
,"/Users/Au/bootcamp/collab/skylab-bootcamp-202001/staff/aurora-perez/pill-o-clock/pilloclockapp/src/logic/register-user.js": {"path":"/Users/Au/bootcamp/collab/skylab-bootcamp-202001/staff/aurora-perez/pill-o-clock/pilloclockapp/src/logic/register-user.js","statementMap":{"0":{"start":{"line":1,"column":21},"end":{"line":1,"column":41}},"1":{"start":{"line":2,"column":28},"end":{"line":2,"column":48}},"2":{"start":{"line":3,"column":14},"end":{"line":3,"column":36}},"3":{"start":{"line":4,"column":16},"end":{"line":4,"column":36}},"4":{"start":{"line":6,"column":0},"end":{"line":43,"column":15}},"5":{"start":{"line":7,"column":4},"end":{"line":7,"column":33}},"6":{"start":{"line":8,"column":4},"end":{"line":8,"column":39}},"7":{"start":{"line":9,"column":4},"end":{"line":9,"column":27}},"8":{"start":{"line":10,"column":4},"end":{"line":10,"column":37}},"9":{"start":{"line":11,"column":4},"end":{"line":11,"column":35}},"10":{"start":{"line":12,"column":4},"end":{"line":12,"column":39}},"11":{"start":{"line":13,"column":4},"end":{"line":13,"column":35}},"12":{"start":{"line":14,"column":4},"end":{"line":14,"column":25}},"13":{"start":{"line":15,"column":4},"end":{"line":15,"column":41}},"14":{"start":{"line":17,"column":4},"end":{"line":41,"column":8}},"15":{"start":{"line":19,"column":25},"end":{"line":23,"column":10}},"16":{"start":{"line":25,"column":27},"end":{"line":25,"column":35}},"17":{"start":{"line":27,"column":8},"end":{"line":27,"column":34}},"18":{"start":{"line":27,"column":28},"end":{"line":27,"column":34}},"19":{"start":{"line":29,"column":8},"end":{"line":37,"column":9}},"20":{"start":{"line":30,"column":30},"end":{"line":30,"column":51}},"21":{"start":{"line":32,"column":12},"end":{"line":34,"column":13}},"22":{"start":{"line":33,"column":16},"end":{"line":33,"column":48}},"23":{"start":{"line":36,"column":12},"end":{"line":36,"column":34}},"24":{"start":{"line":39,"column":8},"end":{"line":39,"column":39}}},"fnMap":{"0":{"name":"(anonymous_0)","decl":{"start":{"line":6,"column":17},"end":{"line":6,"column":18}},"loc":{"start":{"line":6,"column":87},"end":{"line":43,"column":1}},"line":6},"1":{"name":"(anonymous_1)","decl":{"start":{"line":17,"column":12},"end":{"line":17,"column":13}},"loc":{"start":{"line":17,"column":23},"end":{"line":41,"column":5}},"line":17}},"branchMap":{"0":{"loc":{"start":{"line":27,"column":8},"end":{"line":27,"column":34}},"type":"if","locations":[{"start":{"line":27,"column":8},"end":{"line":27,"column":34}},{"start":{"line":27,"column":8},"end":{"line":27,"column":34}}],"line":27},"1":{"loc":{"start":{"line":29,"column":8},"end":{"line":37,"column":9}},"type":"if","locations":[{"start":{"line":29,"column":8},"end":{"line":37,"column":9}},{"start":{"line":29,"column":8},"end":{"line":37,"column":9}}],"line":29},"2":{"loc":{"start":{"line":29,"column":12},"end":{"line":29,"column":41}},"type":"binary-expr","locations":[{"start":{"line":29,"column":12},"end":{"line":29,"column":25}},{"start":{"line":29,"column":29},"end":{"line":29,"column":41}}],"line":29},"3":{"loc":{"start":{"line":32,"column":12},"end":{"line":34,"column":13}},"type":"if","locations":[{"start":{"line":32,"column":12},"end":{"line":34,"column":13}},{"start":{"line":32,"column":12},"end":{"line":34,"column":13}}],"line":32}},"s":{"0":16,"1":16,"2":16,"3":16,"4":16,"5":25,"6":22,"7":19,"8":15,"9":11,"10":11,"11":11,"12":8,"13":6,"14":3,"15":3,"16":3,"17":3,"18":2,"19":1,"20":1,"21":1,"22":1,"23":0,"24":0},"f":{"0":25,"1":3},"b":{"0":[2,1],"1":[1,0],"2":[1,1],"3":[1,0]},"_coverageSchema":"43e27e138ebf9cfc5966b082cf9a028302ed4184","hash":"dd6163362f9727267da14b575877c6517266ec97"}
,"/Users/Au/bootcamp/collab/skylab-bootcamp-202001/staff/aurora-perez/pill-o-clock/pilloclockapp/src/logic/retrieve-contacts.js": {"path":"/Users/Au/bootcamp/collab/skylab-bootcamp-202001/staff/aurora-perez/pill-o-clock/pilloclockapp/src/logic/retrieve-contacts.js","statementMap":{"0":{"start":{"line":1,"column":43},"end":{"line":1,"column":63}},"1":{"start":{"line":2,"column":21},"end":{"line":2,"column":40}},"2":{"start":{"line":3,"column":14},"end":{"line":3,"column":35}},"3":{"start":{"line":4,"column":16},"end":{"line":4,"column":36}},"4":{"start":{"line":6,"column":0},"end":{"line":40,"column":15}},"5":{"start":{"line":8,"column":4},"end":{"line":38,"column":8}},"6":{"start":{"line":9,"column":22},"end":{"line":9,"column":57}},"7":{"start":{"line":11,"column":25},"end":{"line":16,"column":10}},"8":{"start":{"line":18,"column":27},"end":{"line":18,"column":35}},"9":{"start":{"line":20,"column":8},"end":{"line":24,"column":9}},"10":{"start":{"line":21,"column":29},"end":{"line":21,"column":50}},"11":{"start":{"line":23,"column":12},"end":{"line":23,"column":27}},"12":{"start":{"line":26,"column":8},"end":{"line":35,"column":9}},"13":{"start":{"line":27,"column":30},"end":{"line":27,"column":51}},"14":{"start":{"line":29,"column":12},"end":{"line":31,"column":13}},"15":{"start":{"line":30,"column":16},"end":{"line":30,"column":46}},"16":{"start":{"line":34,"column":12},"end":{"line":34,"column":34}},"17":{"start":{"line":37,"column":8},"end":{"line":37,"column":39}}},"fnMap":{"0":{"name":"(anonymous_0)","decl":{"start":{"line":6,"column":17},"end":{"line":6,"column":18}},"loc":{"start":{"line":6,"column":29},"end":{"line":40,"column":1}},"line":6},"1":{"name":"(anonymous_1)","decl":{"start":{"line":8,"column":12},"end":{"line":8,"column":13}},"loc":{"start":{"line":8,"column":23},"end":{"line":38,"column":5}},"line":8}},"branchMap":{"0":{"loc":{"start":{"line":20,"column":8},"end":{"line":24,"column":9}},"type":"if","locations":[{"start":{"line":20,"column":8},"end":{"line":24,"column":9}},{"start":{"line":20,"column":8},"end":{"line":24,"column":9}}],"line":20},"1":{"loc":{"start":{"line":26,"column":8},"end":{"line":35,"column":9}},"type":"if","locations":[{"start":{"line":26,"column":8},"end":{"line":35,"column":9}},{"start":{"line":26,"column":8},"end":{"line":35,"column":9}}],"line":26},"2":{"loc":{"start":{"line":26,"column":12},"end":{"line":26,"column":41}},"type":"binary-expr","locations":[{"start":{"line":26,"column":12},"end":{"line":26,"column":25}},{"start":{"line":26,"column":29},"end":{"line":26,"column":41}}],"line":26},"3":{"loc":{"start":{"line":29,"column":12},"end":{"line":31,"column":13}},"type":"if","locations":[{"start":{"line":29,"column":12},"end":{"line":31,"column":13}},{"start":{"line":29,"column":12},"end":{"line":31,"column":13}}],"line":29}},"s":{"0":16,"1":16,"2":16,"3":16,"4":16,"5":2,"6":2,"7":2,"8":2,"9":2,"10":1,"11":1,"12":1,"13":1,"14":1,"15":1,"16":0,"17":0},"f":{"0":2,"1":2},"b":{"0":[1,1],"1":[1,0],"2":[1,1],"3":[1,0]},"_coverageSchema":"43e27e138ebf9cfc5966b082cf9a028302ed4184","hash":"1c0119cc435e7b1c9dcb6bbede8d33baabbaeb76"}
,"/Users/Au/bootcamp/collab/skylab-bootcamp-202001/staff/aurora-perez/pill-o-clock/pilloclockapp/src/logic/retrieve-drug.js": {"path":"/Users/Au/bootcamp/collab/skylab-bootcamp-202001/staff/aurora-perez/pill-o-clock/pilloclockapp/src/logic/retrieve-drug.js","statementMap":{"0":{"start":{"line":1,"column":43},"end":{"line":1,"column":64}},"1":{"start":{"line":2,"column":21},"end":{"line":2,"column":40}},"2":{"start":{"line":3,"column":14},"end":{"line":3,"column":35}},"3":{"start":{"line":4,"column":15},"end":{"line":4,"column":35}},"4":{"start":{"line":6,"column":0},"end":{"line":35,"column":15}},"5":{"start":{"line":7,"column":4},"end":{"line":7,"column":29}},"6":{"start":{"line":9,"column":4},"end":{"line":33,"column":8}},"7":{"start":{"line":11,"column":25},"end":{"line":11,"column":66}},"8":{"start":{"line":13,"column":27},"end":{"line":13,"column":35}},"9":{"start":{"line":15,"column":8},"end":{"line":19,"column":9}},"10":{"start":{"line":16,"column":25},"end":{"line":16,"column":46}},"11":{"start":{"line":18,"column":12},"end":{"line":18,"column":23}},"12":{"start":{"line":21,"column":8},"end":{"line":30,"column":9}},"13":{"start":{"line":22,"column":30},"end":{"line":22,"column":51}},"14":{"start":{"line":24,"column":12},"end":{"line":26,"column":13}},"15":{"start":{"line":25,"column":16},"end":{"line":25,"column":46}},"16":{"start":{"line":29,"column":12},"end":{"line":29,"column":34}},"17":{"start":{"line":32,"column":8},"end":{"line":32,"column":39}}},"fnMap":{"0":{"name":"(anonymous_0)","decl":{"start":{"line":6,"column":17},"end":{"line":6,"column":18}},"loc":{"start":{"line":6,"column":31},"end":{"line":35,"column":1}},"line":6},"1":{"name":"(anonymous_1)","decl":{"start":{"line":9,"column":12},"end":{"line":9,"column":13}},"loc":{"start":{"line":9,"column":23},"end":{"line":33,"column":5}},"line":9}},"branchMap":{"0":{"loc":{"start":{"line":15,"column":8},"end":{"line":19,"column":9}},"type":"if","locations":[{"start":{"line":15,"column":8},"end":{"line":19,"column":9}},{"start":{"line":15,"column":8},"end":{"line":19,"column":9}}],"line":15},"1":{"loc":{"start":{"line":21,"column":8},"end":{"line":30,"column":9}},"type":"if","locations":[{"start":{"line":21,"column":8},"end":{"line":30,"column":9}},{"start":{"line":21,"column":8},"end":{"line":30,"column":9}}],"line":21},"2":{"loc":{"start":{"line":21,"column":12},"end":{"line":21,"column":41}},"type":"binary-expr","locations":[{"start":{"line":21,"column":12},"end":{"line":21,"column":25}},{"start":{"line":21,"column":29},"end":{"line":21,"column":41}}],"line":21},"3":{"loc":{"start":{"line":24,"column":12},"end":{"line":26,"column":13}},"type":"if","locations":[{"start":{"line":24,"column":12},"end":{"line":26,"column":13}},{"start":{"line":24,"column":12},"end":{"line":26,"column":13}}],"line":24}},"s":{"0":16,"1":16,"2":16,"3":16,"4":16,"5":5,"6":2,"7":2,"8":2,"9":2,"10":1,"11":1,"12":1,"13":1,"14":1,"15":0,"16":1,"17":0},"f":{"0":5,"1":2},"b":{"0":[1,1],"1":[1,0],"2":[1,1],"3":[0,1]},"_coverageSchema":"43e27e138ebf9cfc5966b082cf9a028302ed4184","hash":"20ec61599ce64e72731c4016edecfb49661b4c29"}
,"/Users/Au/bootcamp/collab/skylab-bootcamp-202001/staff/aurora-perez/pill-o-clock/pilloclockapp/src/logic/retrieve-drugs.js": {"path":"/Users/Au/bootcamp/collab/skylab-bootcamp-202001/staff/aurora-perez/pill-o-clock/pilloclockapp/src/logic/retrieve-drugs.js","statementMap":{"0":{"start":{"line":1,"column":43},"end":{"line":1,"column":64}},"1":{"start":{"line":2,"column":21},"end":{"line":2,"column":40}},"2":{"start":{"line":3,"column":14},"end":{"line":3,"column":35}},"3":{"start":{"line":4,"column":15},"end":{"line":4,"column":35}},"4":{"start":{"line":6,"column":0},"end":{"line":27,"column":15}},"5":{"start":{"line":7,"column":4},"end":{"line":25,"column":8}},"6":{"start":{"line":9,"column":25},"end":{"line":9,"column":61}},"7":{"start":{"line":11,"column":27},"end":{"line":11,"column":35}},"8":{"start":{"line":13,"column":8},"end":{"line":17,"column":9}},"9":{"start":{"line":14,"column":26},"end":{"line":14,"column":47}},"10":{"start":{"line":16,"column":12},"end":{"line":16,"column":24}},"11":{"start":{"line":19,"column":8},"end":{"line":22,"column":9}},"12":{"start":{"line":21,"column":12},"end":{"line":21,"column":34}},"13":{"start":{"line":24,"column":8},"end":{"line":24,"column":39}}},"fnMap":{"0":{"name":"(anonymous_0)","decl":{"start":{"line":6,"column":17},"end":{"line":6,"column":18}},"loc":{"start":{"line":6,"column":29},"end":{"line":27,"column":1}},"line":6},"1":{"name":"(anonymous_1)","decl":{"start":{"line":7,"column":12},"end":{"line":7,"column":13}},"loc":{"start":{"line":7,"column":23},"end":{"line":25,"column":5}},"line":7}},"branchMap":{"0":{"loc":{"start":{"line":13,"column":8},"end":{"line":17,"column":9}},"type":"if","locations":[{"start":{"line":13,"column":8},"end":{"line":17,"column":9}},{"start":{"line":13,"column":8},"end":{"line":17,"column":9}}],"line":13},"1":{"loc":{"start":{"line":19,"column":8},"end":{"line":22,"column":9}},"type":"if","locations":[{"start":{"line":19,"column":8},"end":{"line":22,"column":9}},{"start":{"line":19,"column":8},"end":{"line":22,"column":9}}],"line":19},"2":{"loc":{"start":{"line":19,"column":12},"end":{"line":19,"column":41}},"type":"binary-expr","locations":[{"start":{"line":19,"column":12},"end":{"line":19,"column":25}},{"start":{"line":19,"column":29},"end":{"line":19,"column":41}}],"line":19}},"s":{"0":16,"1":16,"2":16,"3":16,"4":16,"5":2,"6":2,"7":2,"8":2,"9":2,"10":2,"11":0,"12":0,"13":0},"f":{"0":2,"1":2},"b":{"0":[2,0],"1":[0,0],"2":[0,0]},"_coverageSchema":"43e27e138ebf9cfc5966b082cf9a028302ed4184","hash":"4babea36d9a6388c2714c108b9b91c503b8fb125"}
,"/Users/Au/bootcamp/collab/skylab-bootcamp-202001/staff/aurora-perez/pill-o-clock/pilloclockapp/src/logic/retrieve-medication.js": {"path":"/Users/Au/bootcamp/collab/skylab-bootcamp-202001/staff/aurora-perez/pill-o-clock/pilloclockapp/src/logic/retrieve-medication.js","statementMap":{"0":{"start":{"line":1,"column":43},"end":{"line":1,"column":64}},"1":{"start":{"line":2,"column":21},"end":{"line":2,"column":40}},"2":{"start":{"line":3,"column":14},"end":{"line":3,"column":35}},"3":{"start":{"line":4,"column":15},"end":{"line":4,"column":35}},"4":{"start":{"line":6,"column":0},"end":{"line":38,"column":15}},"5":{"start":{"line":8,"column":4},"end":{"line":36,"column":8}},"6":{"start":{"line":9,"column":22},"end":{"line":9,"column":57}},"7":{"start":{"line":11,"column":25},"end":{"line":16,"column":10}},"8":{"start":{"line":18,"column":27},"end":{"line":18,"column":35}},"9":{"start":{"line":20,"column":8},"end":{"line":24,"column":9}},"10":{"start":{"line":21,"column":31},"end":{"line":21,"column":52}},"11":{"start":{"line":23,"column":12},"end":{"line":23,"column":29}},"12":{"start":{"line":26,"column":8},"end":{"line":33,"column":9}},"13":{"start":{"line":27,"column":30},"end":{"line":27,"column":51}},"14":{"start":{"line":29,"column":12},"end":{"line":31,"column":13}},"15":{"start":{"line":30,"column":16},"end":{"line":30,"column":46}},"16":{"start":{"line":32,"column":12},"end":{"line":32,"column":34}},"17":{"start":{"line":35,"column":8},"end":{"line":35,"column":39}}},"fnMap":{"0":{"name":"(anonymous_0)","decl":{"start":{"line":6,"column":17},"end":{"line":6,"column":18}},"loc":{"start":{"line":6,"column":29},"end":{"line":38,"column":1}},"line":6},"1":{"name":"(anonymous_1)","decl":{"start":{"line":8,"column":12},"end":{"line":8,"column":13}},"loc":{"start":{"line":8,"column":23},"end":{"line":36,"column":5}},"line":8}},"branchMap":{"0":{"loc":{"start":{"line":20,"column":8},"end":{"line":24,"column":9}},"type":"if","locations":[{"start":{"line":20,"column":8},"end":{"line":24,"column":9}},{"start":{"line":20,"column":8},"end":{"line":24,"column":9}}],"line":20},"1":{"loc":{"start":{"line":26,"column":8},"end":{"line":33,"column":9}},"type":"if","locations":[{"start":{"line":26,"column":8},"end":{"line":33,"column":9}},{"start":{"line":26,"column":8},"end":{"line":33,"column":9}}],"line":26},"2":{"loc":{"start":{"line":26,"column":12},"end":{"line":26,"column":41}},"type":"binary-expr","locations":[{"start":{"line":26,"column":12},"end":{"line":26,"column":25}},{"start":{"line":26,"column":29},"end":{"line":26,"column":41}}],"line":26},"3":{"loc":{"start":{"line":29,"column":12},"end":{"line":31,"column":13}},"type":"if","locations":[{"start":{"line":29,"column":12},"end":{"line":31,"column":13}},{"start":{"line":29,"column":12},"end":{"line":31,"column":13}}],"line":29}},"s":{"0":16,"1":16,"2":16,"3":16,"4":16,"5":2,"6":2,"7":2,"8":2,"9":2,"10":1,"11":1,"12":1,"13":1,"14":1,"15":0,"16":1,"17":0},"f":{"0":2,"1":2},"b":{"0":[1,1],"1":[1,0],"2":[1,1],"3":[0,1]},"_coverageSchema":"43e27e138ebf9cfc5966b082cf9a028302ed4184","hash":"ec6102d9d8e555e104d3d435ed18eaec60f7de8d"}
,"/Users/Au/bootcamp/collab/skylab-bootcamp-202001/staff/aurora-perez/pill-o-clock/pilloclockapp/src/logic/retrieve-patient-info.js": {"path":"/Users/Au/bootcamp/collab/skylab-bootcamp-202001/staff/aurora-perez/pill-o-clock/pilloclockapp/src/logic/retrieve-patient-info.js","statementMap":{"0":{"start":{"line":1,"column":43},"end":{"line":1,"column":63}},"1":{"start":{"line":2,"column":21},"end":{"line":2,"column":40}},"2":{"start":{"line":3,"column":14},"end":{"line":3,"column":35}},"3":{"start":{"line":4,"column":16},"end":{"line":4,"column":36}},"4":{"start":{"line":6,"column":0},"end":{"line":40,"column":15}},"5":{"start":{"line":7,"column":4},"end":{"line":7,"column":43}},"6":{"start":{"line":8,"column":4},"end":{"line":38,"column":8}},"7":{"start":{"line":9,"column":22},"end":{"line":9,"column":57}},"8":{"start":{"line":11,"column":25},"end":{"line":16,"column":10}},"9":{"start":{"line":18,"column":27},"end":{"line":18,"column":35}},"10":{"start":{"line":20,"column":8},"end":{"line":24,"column":9}},"11":{"start":{"line":21,"column":32},"end":{"line":21,"column":53}},"12":{"start":{"line":23,"column":12},"end":{"line":23,"column":30}},"13":{"start":{"line":26,"column":8},"end":{"line":35,"column":9}},"14":{"start":{"line":27,"column":30},"end":{"line":27,"column":51}},"15":{"start":{"line":29,"column":12},"end":{"line":31,"column":13}},"16":{"start":{"line":30,"column":16},"end":{"line":30,"column":46}},"17":{"start":{"line":34,"column":12},"end":{"line":34,"column":34}},"18":{"start":{"line":37,"column":8},"end":{"line":37,"column":39}}},"fnMap":{"0":{"name":"(anonymous_0)","decl":{"start":{"line":6,"column":17},"end":{"line":6,"column":18}},"loc":{"start":{"line":6,"column":38},"end":{"line":40,"column":1}},"line":6},"1":{"name":"(anonymous_1)","decl":{"start":{"line":8,"column":12},"end":{"line":8,"column":13}},"loc":{"start":{"line":8,"column":23},"end":{"line":38,"column":5}},"line":8}},"branchMap":{"0":{"loc":{"start":{"line":20,"column":8},"end":{"line":24,"column":9}},"type":"if","locations":[{"start":{"line":20,"column":8},"end":{"line":24,"column":9}},{"start":{"line":20,"column":8},"end":{"line":24,"column":9}}],"line":20},"1":{"loc":{"start":{"line":26,"column":8},"end":{"line":35,"column":9}},"type":"if","locations":[{"start":{"line":26,"column":8},"end":{"line":35,"column":9}},{"start":{"line":26,"column":8},"end":{"line":35,"column":9}}],"line":26},"2":{"loc":{"start":{"line":26,"column":12},"end":{"line":26,"column":41}},"type":"binary-expr","locations":[{"start":{"line":26,"column":12},"end":{"line":26,"column":25}},{"start":{"line":26,"column":29},"end":{"line":26,"column":41}}],"line":26},"3":{"loc":{"start":{"line":29,"column":12},"end":{"line":31,"column":13}},"type":"if","locations":[{"start":{"line":29,"column":12},"end":{"line":31,"column":13}},{"start":{"line":29,"column":12},"end":{"line":31,"column":13}}],"line":29}},"s":{"0":16,"1":16,"2":16,"3":16,"4":16,"5":10,"6":6,"7":6,"8":6,"9":6,"10":6,"11":3,"12":3,"13":3,"14":3,"15":3,"16":3,"17":0,"18":0},"f":{"0":10,"1":6},"b":{"0":[3,3],"1":[3,0],"2":[3,3],"3":[3,0]},"_coverageSchema":"43e27e138ebf9cfc5966b082cf9a028302ed4184","hash":"a450ec71b019d6f06746c2ac735b7f55338e6bc9"}
,"/Users/Au/bootcamp/collab/skylab-bootcamp-202001/staff/aurora-perez/pill-o-clock/pilloclockapp/src/logic/retrieve-progress-record.js": {"path":"/Users/Au/bootcamp/collab/skylab-bootcamp-202001/staff/aurora-perez/pill-o-clock/pilloclockapp/src/logic/retrieve-progress-record.js","statementMap":{"0":{"start":{"line":1,"column":43},"end":{"line":1,"column":64}},"1":{"start":{"line":2,"column":21},"end":{"line":2,"column":40}},"2":{"start":{"line":3,"column":14},"end":{"line":3,"column":35}},"3":{"start":{"line":4,"column":15},"end":{"line":4,"column":35}},"4":{"start":{"line":6,"column":0},"end":{"line":40,"column":15}},"5":{"start":{"line":8,"column":4},"end":{"line":38,"column":8}},"6":{"start":{"line":9,"column":22},"end":{"line":9,"column":57}},"7":{"start":{"line":11,"column":25},"end":{"line":16,"column":10}},"8":{"start":{"line":18,"column":27},"end":{"line":18,"column":35}},"9":{"start":{"line":20,"column":8},"end":{"line":24,"column":9}},"10":{"start":{"line":21,"column":31},"end":{"line":21,"column":52}},"11":{"start":{"line":23,"column":12},"end":{"line":23,"column":29}},"12":{"start":{"line":26,"column":8},"end":{"line":35,"column":9}},"13":{"start":{"line":27,"column":30},"end":{"line":27,"column":51}},"14":{"start":{"line":29,"column":12},"end":{"line":31,"column":13}},"15":{"start":{"line":30,"column":16},"end":{"line":30,"column":46}},"16":{"start":{"line":34,"column":12},"end":{"line":34,"column":34}},"17":{"start":{"line":37,"column":8},"end":{"line":37,"column":39}}},"fnMap":{"0":{"name":"(anonymous_0)","decl":{"start":{"line":6,"column":17},"end":{"line":6,"column":18}},"loc":{"start":{"line":6,"column":29},"end":{"line":40,"column":1}},"line":6},"1":{"name":"(anonymous_1)","decl":{"start":{"line":8,"column":12},"end":{"line":8,"column":13}},"loc":{"start":{"line":8,"column":23},"end":{"line":38,"column":5}},"line":8}},"branchMap":{"0":{"loc":{"start":{"line":20,"column":8},"end":{"line":24,"column":9}},"type":"if","locations":[{"start":{"line":20,"column":8},"end":{"line":24,"column":9}},{"start":{"line":20,"column":8},"end":{"line":24,"column":9}}],"line":20},"1":{"loc":{"start":{"line":26,"column":8},"end":{"line":35,"column":9}},"type":"if","locations":[{"start":{"line":26,"column":8},"end":{"line":35,"column":9}},{"start":{"line":26,"column":8},"end":{"line":35,"column":9}}],"line":26},"2":{"loc":{"start":{"line":26,"column":12},"end":{"line":26,"column":41}},"type":"binary-expr","locations":[{"start":{"line":26,"column":12},"end":{"line":26,"column":25}},{"start":{"line":26,"column":29},"end":{"line":26,"column":41}}],"line":26},"3":{"loc":{"start":{"line":29,"column":12},"end":{"line":31,"column":13}},"type":"if","locations":[{"start":{"line":29,"column":12},"end":{"line":31,"column":13}},{"start":{"line":29,"column":12},"end":{"line":31,"column":13}}],"line":29}},"s":{"0":16,"1":16,"2":16,"3":16,"4":16,"5":2,"6":2,"7":2,"8":2,"9":2,"10":1,"11":1,"12":1,"13":1,"14":1,"15":0,"16":1,"17":0},"f":{"0":2,"1":2},"b":{"0":[1,1],"1":[1,0],"2":[1,1],"3":[0,1]},"_coverageSchema":"43e27e138ebf9cfc5966b082cf9a028302ed4184","hash":"3c0dcd700a87a5a1bbf7b82b995e48ea03d2ef54"}
,"/Users/Au/bootcamp/collab/skylab-bootcamp-202001/staff/aurora-perez/pill-o-clock/pilloclockapp/src/logic/retrieve-progress.js": {"path":"/Users/Au/bootcamp/collab/skylab-bootcamp-202001/staff/aurora-perez/pill-o-clock/pilloclockapp/src/logic/retrieve-progress.js","statementMap":{"0":{"start":{"line":1,"column":43},"end":{"line":1,"column":63}},"1":{"start":{"line":2,"column":21},"end":{"line":2,"column":40}},"2":{"start":{"line":3,"column":14},"end":{"line":3,"column":35}},"3":{"start":{"line":4,"column":16},"end":{"line":4,"column":36}},"4":{"start":{"line":6,"column":0},"end":{"line":40,"column":15}},"5":{"start":{"line":8,"column":4},"end":{"line":38,"column":8}},"6":{"start":{"line":9,"column":22},"end":{"line":9,"column":57}},"7":{"start":{"line":11,"column":25},"end":{"line":16,"column":10}},"8":{"start":{"line":18,"column":27},"end":{"line":18,"column":35}},"9":{"start":{"line":20,"column":8},"end":{"line":24,"column":9}},"10":{"start":{"line":21,"column":29},"end":{"line":21,"column":50}},"11":{"start":{"line":23,"column":12},"end":{"line":23,"column":27}},"12":{"start":{"line":26,"column":8},"end":{"line":35,"column":9}},"13":{"start":{"line":27,"column":30},"end":{"line":27,"column":51}},"14":{"start":{"line":29,"column":12},"end":{"line":31,"column":13}},"15":{"start":{"line":30,"column":16},"end":{"line":30,"column":46}},"16":{"start":{"line":34,"column":12},"end":{"line":34,"column":34}},"17":{"start":{"line":37,"column":8},"end":{"line":37,"column":39}}},"fnMap":{"0":{"name":"(anonymous_0)","decl":{"start":{"line":6,"column":17},"end":{"line":6,"column":18}},"loc":{"start":{"line":6,"column":29},"end":{"line":40,"column":1}},"line":6},"1":{"name":"(anonymous_1)","decl":{"start":{"line":8,"column":12},"end":{"line":8,"column":13}},"loc":{"start":{"line":8,"column":23},"end":{"line":38,"column":5}},"line":8}},"branchMap":{"0":{"loc":{"start":{"line":20,"column":8},"end":{"line":24,"column":9}},"type":"if","locations":[{"start":{"line":20,"column":8},"end":{"line":24,"column":9}},{"start":{"line":20,"column":8},"end":{"line":24,"column":9}}],"line":20},"1":{"loc":{"start":{"line":26,"column":8},"end":{"line":35,"column":9}},"type":"if","locations":[{"start":{"line":26,"column":8},"end":{"line":35,"column":9}},{"start":{"line":26,"column":8},"end":{"line":35,"column":9}}],"line":26},"2":{"loc":{"start":{"line":26,"column":12},"end":{"line":26,"column":41}},"type":"binary-expr","locations":[{"start":{"line":26,"column":12},"end":{"line":26,"column":25}},{"start":{"line":26,"column":29},"end":{"line":26,"column":41}}],"line":26},"3":{"loc":{"start":{"line":29,"column":12},"end":{"line":31,"column":13}},"type":"if","locations":[{"start":{"line":29,"column":12},"end":{"line":31,"column":13}},{"start":{"line":29,"column":12},"end":{"line":31,"column":13}}],"line":29}},"s":{"0":16,"1":16,"2":16,"3":16,"4":16,"5":2,"6":2,"7":2,"8":2,"9":2,"10":1,"11":1,"12":1,"13":1,"14":1,"15":0,"16":1,"17":0},"f":{"0":2,"1":2},"b":{"0":[1,1],"1":[1,0],"2":[1,1],"3":[0,1]},"_coverageSchema":"43e27e138ebf9cfc5966b082cf9a028302ed4184","hash":"f1cf8f56eb2113b91047d538a60ebcc9867946e9"}
,"/Users/Au/bootcamp/collab/skylab-bootcamp-202001/staff/aurora-perez/pill-o-clock/pilloclockapp/src/logic/retrieve-user.js": {"path":"/Users/Au/bootcamp/collab/skylab-bootcamp-202001/staff/aurora-perez/pill-o-clock/pilloclockapp/src/logic/retrieve-user.js","statementMap":{"0":{"start":{"line":1,"column":43},"end":{"line":1,"column":63}},"1":{"start":{"line":2,"column":21},"end":{"line":2,"column":40}},"2":{"start":{"line":3,"column":14},"end":{"line":3,"column":35}},"3":{"start":{"line":4,"column":16},"end":{"line":4,"column":36}},"4":{"start":{"line":6,"column":0},"end":{"line":39,"column":15}},"5":{"start":{"line":8,"column":4},"end":{"line":37,"column":8}},"6":{"start":{"line":9,"column":22},"end":{"line":9,"column":57}},"7":{"start":{"line":11,"column":25},"end":{"line":16,"column":10}},"8":{"start":{"line":18,"column":27},"end":{"line":18,"column":35}},"9":{"start":{"line":20,"column":8},"end":{"line":24,"column":9}},"10":{"start":{"line":21,"column":25},"end":{"line":21,"column":46}},"11":{"start":{"line":23,"column":12},"end":{"line":23,"column":23}},"12":{"start":{"line":26,"column":8},"end":{"line":33,"column":9}},"13":{"start":{"line":27,"column":30},"end":{"line":27,"column":51}},"14":{"start":{"line":29,"column":12},"end":{"line":31,"column":13}},"15":{"start":{"line":30,"column":16},"end":{"line":30,"column":46}},"16":{"start":{"line":32,"column":12},"end":{"line":32,"column":34}},"17":{"start":{"line":35,"column":8},"end":{"line":35,"column":39}}},"fnMap":{"0":{"name":"(anonymous_0)","decl":{"start":{"line":6,"column":17},"end":{"line":6,"column":18}},"loc":{"start":{"line":6,"column":29},"end":{"line":39,"column":1}},"line":6},"1":{"name":"(anonymous_1)","decl":{"start":{"line":8,"column":12},"end":{"line":8,"column":13}},"loc":{"start":{"line":8,"column":23},"end":{"line":37,"column":5}},"line":8}},"branchMap":{"0":{"loc":{"start":{"line":20,"column":8},"end":{"line":24,"column":9}},"type":"if","locations":[{"start":{"line":20,"column":8},"end":{"line":24,"column":9}},{"start":{"line":20,"column":8},"end":{"line":24,"column":9}}],"line":20},"1":{"loc":{"start":{"line":26,"column":8},"end":{"line":33,"column":9}},"type":"if","locations":[{"start":{"line":26,"column":8},"end":{"line":33,"column":9}},{"start":{"line":26,"column":8},"end":{"line":33,"column":9}}],"line":26},"2":{"loc":{"start":{"line":26,"column":12},"end":{"line":26,"column":41}},"type":"binary-expr","locations":[{"start":{"line":26,"column":12},"end":{"line":26,"column":25}},{"start":{"line":26,"column":29},"end":{"line":26,"column":41}}],"line":26},"3":{"loc":{"start":{"line":29,"column":12},"end":{"line":31,"column":13}},"type":"if","locations":[{"start":{"line":29,"column":12},"end":{"line":31,"column":13}},{"start":{"line":29,"column":12},"end":{"line":31,"column":13}}],"line":29}},"s":{"0":16,"1":16,"2":16,"3":16,"4":16,"5":2,"6":2,"7":2,"8":2,"9":2,"10":1,"11":1,"12":1,"13":1,"14":1,"15":1,"16":0,"17":0},"f":{"0":2,"1":2},"b":{"0":[1,1],"1":[1,0],"2":[1,1],"3":[1,0]},"_coverageSchema":"43e27e138ebf9cfc5966b082cf9a028302ed4184","hash":"dab729177e92a6ecd8d6ce0b31f88f0a0d1735ce"}
,"/Users/Au/bootcamp/collab/skylab-bootcamp-202001/staff/aurora-perez/pill-o-clock/pilloclockapp/src/logic/update-progress.js": {"path":"/Users/Au/bootcamp/collab/skylab-bootcamp-202001/staff/aurora-perez/pill-o-clock/pilloclockapp/src/logic/update-progress.js","statementMap":{"0":{"start":{"line":1,"column":43},"end":{"line":1,"column":64}},"1":{"start":{"line":2,"column":21},"end":{"line":2,"column":40}},"2":{"start":{"line":3,"column":14},"end":{"line":3,"column":35}},"3":{"start":{"line":4,"column":15},"end":{"line":4,"column":35}},"4":{"start":{"line":6,"column":0},"end":{"line":42,"column":15}},"5":{"start":{"line":8,"column":4},"end":{"line":40,"column":8}},"6":{"start":{"line":9,"column":22},"end":{"line":9,"column":57}},"7":{"start":{"line":11,"column":25},"end":{"line":17,"column":10}},"8":{"start":{"line":19,"column":27},"end":{"line":19,"column":35}},"9":{"start":{"line":21,"column":8},"end":{"line":21,"column":34}},"10":{"start":{"line":21,"column":28},"end":{"line":21,"column":34}},"11":{"start":{"line":24,"column":8},"end":{"line":37,"column":9}},"12":{"start":{"line":25,"column":30},"end":{"line":25,"column":51}},"13":{"start":{"line":27,"column":12},"end":{"line":29,"column":13}},"14":{"start":{"line":28,"column":16},"end":{"line":28,"column":48}},"15":{"start":{"line":31,"column":12},"end":{"line":33,"column":13}},"16":{"start":{"line":32,"column":16},"end":{"line":32,"column":46}},"17":{"start":{"line":36,"column":12},"end":{"line":36,"column":34}},"18":{"start":{"line":39,"column":8},"end":{"line":39,"column":39}}},"fnMap":{"0":{"name":"(anonymous_0)","decl":{"start":{"line":6,"column":17},"end":{"line":6,"column":18}},"loc":{"start":{"line":6,"column":29},"end":{"line":42,"column":1}},"line":6},"1":{"name":"(anonymous_1)","decl":{"start":{"line":8,"column":12},"end":{"line":8,"column":13}},"loc":{"start":{"line":8,"column":23},"end":{"line":40,"column":5}},"line":8}},"branchMap":{"0":{"loc":{"start":{"line":21,"column":8},"end":{"line":21,"column":34}},"type":"if","locations":[{"start":{"line":21,"column":8},"end":{"line":21,"column":34}},{"start":{"line":21,"column":8},"end":{"line":21,"column":34}}],"line":21},"1":{"loc":{"start":{"line":24,"column":8},"end":{"line":37,"column":9}},"type":"if","locations":[{"start":{"line":24,"column":8},"end":{"line":37,"column":9}},{"start":{"line":24,"column":8},"end":{"line":37,"column":9}}],"line":24},"2":{"loc":{"start":{"line":24,"column":12},"end":{"line":24,"column":41}},"type":"binary-expr","locations":[{"start":{"line":24,"column":12},"end":{"line":24,"column":25}},{"start":{"line":24,"column":29},"end":{"line":24,"column":41}}],"line":24},"3":{"loc":{"start":{"line":27,"column":12},"end":{"line":29,"column":13}},"type":"if","locations":[{"start":{"line":27,"column":12},"end":{"line":29,"column":13}},{"start":{"line":27,"column":12},"end":{"line":29,"column":13}}],"line":27},"4":{"loc":{"start":{"line":31,"column":12},"end":{"line":33,"column":13}},"type":"if","locations":[{"start":{"line":31,"column":12},"end":{"line":33,"column":13}},{"start":{"line":31,"column":12},"end":{"line":33,"column":13}}],"line":31}},"s":{"0":16,"1":16,"2":16,"3":16,"4":16,"5":2,"6":2,"7":2,"8":2,"9":2,"10":1,"11":1,"12":1,"13":1,"14":0,"15":1,"16":1,"17":0,"18":0},"f":{"0":2,"1":2},"b":{"0":[1,1],"1":[1,0],"2":[1,1],"3":[0,1],"4":[1,0]},"_coverageSchema":"43e27e138ebf9cfc5966b082cf9a028302ed4184","hash":"18e6a0dd0f7b0f16d91b7f384fc9fd5c2f662ceb"}
,"/Users/Au/bootcamp/collab/skylab-bootcamp-202001/staff/aurora-perez/pill-o-clock/pilloclockapp/src/utils/index.js": {"path":"/Users/Au/bootcamp/collab/skylab-bootcamp-202001/staff/aurora-perez/pill-o-clock/pilloclockapp/src/utils/index.js","statementMap":{"0":{"start":{"line":1,"column":2},"end":{"line":3,"column":1}}},"fnMap":{},"branchMap":{},"s":{"0":16},"f":{},"b":{},"_coverageSchema":"43e27e138ebf9cfc5966b082cf9a028302ed4184","hash":"88de57a25a8d0c4ca9e8444e014dc6d634db01ba"}
,"/Users/Au/bootcamp/collab/skylab-bootcamp-202001/staff/aurora-perez/pill-o-clock/pilloclockapp/src/utils/validate.js": {"path":"/Users/Au/bootcamp/collab/skylab-bootcamp-202001/staff/aurora-perez/pill-o-clock/pilloclockapp/src/utils/validate.js","statementMap":{"0":{"start":{"line":1,"column":25},"end":{"line":1,"column":45}},"1":{"start":{"line":3,"column":20},"end":{"line":3,"column":173}},"2":{"start":{"line":4,"column":19},"end":{"line":4,"column":26}},"3":{"start":{"line":6,"column":0},"end":{"line":47,"column":1}},"4":{"start":{"line":9,"column":8},"end":{"line":9,"column":39}},"5":{"start":{"line":11,"column":8},"end":{"line":11,"column":79}},"6":{"start":{"line":11,"column":37},"end":{"line":11,"column":79}},"7":{"start":{"line":15,"column":8},"end":{"line":15,"column":91}},"8":{"start":{"line":15,"column":39},"end":{"line":15,"column":91}},"9":{"start":{"line":19,"column":8},"end":{"line":19,"column":92}},"10":{"start":{"line":19,"column":37},"end":{"line":19,"column":92}},"11":{"start":{"line":23,"column":8},"end":{"line":28,"column":108}},"12":{"start":{"line":24,"column":12},"end":{"line":24,"column":42}},"13":{"start":{"line":25,"column":12},"end":{"line":25,"column":132}},"14":{"start":{"line":25,"column":75},"end":{"line":25,"column":132}},"15":{"start":{"line":27,"column":12},"end":{"line":27,"column":97}},"16":{"start":{"line":27,"column":40},"end":{"line":27,"column":97}},"17":{"start":{"line":28,"column":15},"end":{"line":28,"column":108}},"18":{"start":{"line":28,"column":46},"end":{"line":28,"column":108}},"19":{"start":{"line":32,"column":24},"end":{"line":32,"column":56}},"20":{"start":{"line":33,"column":8},"end":{"line":33,"column":109}},"21":{"start":{"line":33,"column":39},"end":{"line":33,"column":109}},"22":{"start":{"line":37,"column":8},"end":{"line":37,"column":41}},"23":{"start":{"line":39,"column":22},"end":{"line":39,"column":38}},"24":{"start":{"line":41,"column":8},"end":{"line":41,"column":71}},"25":{"start":{"line":41,"column":32},"end":{"line":41,"column":71}},"26":{"start":{"line":43,"column":45},"end":{"line":43,"column":50}},"27":{"start":{"line":45,"column":8},"end":{"line":45,"column":128}},"28":{"start":{"line":45,"column":89},"end":{"line":45,"column":128}}},"fnMap":{"0":{"name":"(anonymous_0)","decl":{"start":{"line":7,"column":4},"end":{"line":7,"column":5}},"loc":{"start":{"line":7,"column":39},"end":{"line":12,"column":5}},"line":7},"1":{"name":"(anonymous_1)","decl":{"start":{"line":14,"column":4},"end":{"line":14,"column":5}},"loc":{"start":{"line":14,"column":18},"end":{"line":16,"column":5}},"line":14},"2":{"name":"(anonymous_2)","decl":{"start":{"line":18,"column":4},"end":{"line":18,"column":5}},"loc":{"start":{"line":18,"column":27},"end":{"line":20,"column":5}},"line":18},"3":{"name":"(anonymous_3)","decl":{"start":{"line":22,"column":4},"end":{"line":22,"column":5}},"loc":{"start":{"line":22,"column":29},"end":{"line":29,"column":5}},"line":22},"4":{"name":"(anonymous_4)","decl":{"start":{"line":31,"column":4},"end":{"line":31,"column":5}},"loc":{"start":{"line":31,"column":19},"end":{"line":34,"column":5}},"line":31},"5":{"name":"(anonymous_5)","decl":{"start":{"line":36,"column":4},"end":{"line":36,"column":5}},"loc":{"start":{"line":36,"column":15},"end":{"line":46,"column":5}},"line":36}},"branchMap":{"0":{"loc":{"start":{"line":7,"column":25},"end":{"line":7,"column":37}},"type":"default-arg","locations":[{"start":{"line":7,"column":33},"end":{"line":7,"column":37}}],"line":7},"1":{"loc":{"start":{"line":11,"column":8},"end":{"line":11,"column":79}},"type":"if","locations":[{"start":{"line":11,"column":8},"end":{"line":11,"column":79}},{"start":{"line":11,"column":8},"end":{"line":11,"column":79}}],"line":11},"2":{"loc":{"start":{"line":11,"column":12},"end":{"line":11,"column":35}},"type":"binary-expr","locations":[{"start":{"line":11,"column":12},"end":{"line":11,"column":17}},{"start":{"line":11,"column":21},"end":{"line":11,"column":35}}],"line":11},"3":{"loc":{"start":{"line":15,"column":8},"end":{"line":15,"column":91}},"type":"if","locations":[{"start":{"line":15,"column":8},"end":{"line":15,"column":91}},{"start":{"line":15,"column":8},"end":{"line":15,"column":91}}],"line":15},"4":{"loc":{"start":{"line":19,"column":8},"end":{"line":19,"column":92}},"type":"if","locations":[{"start":{"line":19,"column":8},"end":{"line":19,"column":92}},{"start":{"line":19,"column":8},"end":{"line":19,"column":92}}],"line":19},"5":{"loc":{"start":{"line":23,"column":8},"end":{"line":28,"column":108}},"type":"if","locations":[{"start":{"line":23,"column":8},"end":{"line":28,"column":108}},{"start":{"line":23,"column":8},"end":{"line":28,"column":108}}],"line":23},"6":{"loc":{"start":{"line":23,"column":12},"end":{"line":23,"column":66}},"type":"binary-expr","locations":[{"start":{"line":23,"column":12},"end":{"line":23,"column":27}},{"start":{"line":23,"column":31},"end":{"line":23,"column":46}},{"start":{"line":23,"column":50},"end":{"line":23,"column":66}}],"line":23},"7":{"loc":{"start":{"line":25,"column":12},"end":{"line":25,"column":132}},"type":"if","locations":[{"start":{"line":25,"column":12},"end":{"line":25,"column":132}},{"start":{"line":25,"column":12},"end":{"line":25,"column":132}}],"line":25},"8":{"loc":{"start":{"line":25,"column":16},"end":{"line":25,"column":73}},"type":"binary-expr","locations":[{"start":{"line":25,"column":16},"end":{"line":25,"column":42}},{"start":{"line":25,"column":46},"end":{"line":25,"column":73}}],"line":25},"9":{"loc":{"start":{"line":27,"column":12},"end":{"line":27,"column":97}},"type":"if","locations":[{"start":{"line":27,"column":12},"end":{"line":27,"column":97}},{"start":{"line":27,"column":12},"end":{"line":27,"column":97}}],"line":27},"10":{"loc":{"start":{"line":28,"column":15},"end":{"line":28,"column":108}},"type":"if","locations":[{"start":{"line":28,"column":15},"end":{"line":28,"column":108}},{"start":{"line":28,"column":15},"end":{"line":28,"column":108}}],"line":28},"11":{"loc":{"start":{"line":33,"column":8},"end":{"line":33,"column":109}},"type":"if","locations":[{"start":{"line":33,"column":8},"end":{"line":33,"column":109}},{"start":{"line":33,"column":8},"end":{"line":33,"column":109}}],"line":33},"12":{"loc":{"start":{"line":41,"column":8},"end":{"line":41,"column":71}},"type":"if","locations":[{"start":{"line":41,"column":8},"end":{"line":41,"column":71}},{"start":{"line":41,"column":8},"end":{"line":41,"column":71}}],"line":41},"13":{"loc":{"start":{"line":45,"column":8},"end":{"line":45,"column":128}},"type":"if","locations":[{"start":{"line":45,"column":8},"end":{"line":45,"column":128}},{"start":{"line":45,"column":8},"end":{"line":45,"column":128}}],"line":45},"14":{"loc":{"start":{"line":45,"column":12},"end":{"line":45,"column":87}},"type":"binary-expr","locations":[{"start":{"line":45,"column":12},"end":{"line":45,"column":33}},{"start":{"line":45,"column":37},"end":{"line":45,"column":59}},{"start":{"line":45,"column":63},"end":{"line":45,"column":87}}],"line":45}},"s":{"0":16,"1":16,"2":16,"3":16,"4":144,"5":110,"6":0,"7":16,"8":4,"9":7,"10":3,"11":181,"12":165,"13":165,"14":0,"15":165,"16":41,"17":16,"18":6,"19":19,"20":19,"21":4,"22":0,"23":0,"24":0,"25":0,"26":0,"27":0,"28":0},"f":{"0":144,"1":16,"2":7,"3":181,"4":19,"5":0},"b":{"0":[144],"1":[0,110],"2":[110,110],"3":[4,12],"4":[3,4],"5":[165,16],"6":[181,37,22],"7":[0,165],"8":[165,23],"9":[41,124],"10":[6,10],"11":[4,15],"12":[0,0],"13":[0,0],"14":[0,0,0]},"_coverageSchema":"43e27e138ebf9cfc5966b082cf9a028302ed4184","hash":"6a0e041db20d20306e7217e243814d7f1e7abbf8"}
}
