TN:
SF:/Users/Au/bootcamp/collab/skylab-bootcamp-202001/staff/aurora-perez/pill-o-clock/pilloclockapp/config.js
FNF:0
FNH:0
LF:0
LH:0
BRF:0
BRH:0
end_of_record
TN:
SF:/Users/Au/bootcamp/collab/skylab-bootcamp-202001/staff/aurora-perez/pill-o-clock/pilloclockapp/src/data/index.js
FNF:0
FNH:0
DA:1,16
DA:3,16
LF:2
LH:2
BRF:0
BRH:0
end_of_record
TN:
SF:/Users/Au/bootcamp/collab/skylab-bootcamp-202001/staff/aurora-perez/pill-o-clock/pilloclockapp/src/data/models/drug.js
FNF:0
FNH:0
DA:1,16
DA:2,16
DA:4,16
LF:3
LH:3
BRF:0
BRH:0
end_of_record
TN:
SF:/Users/Au/bootcamp/collab/skylab-bootcamp-202001/staff/aurora-perez/pill-o-clock/pilloclockapp/src/data/models/guideline.js
FNF:0
FNH:0
DA:1,16
DA:2,16
DA:4,16
LF:3
LH:3
BRF:0
BRH:0
end_of_record
TN:
SF:/Users/Au/bootcamp/collab/skylab-bootcamp-202001/staff/aurora-perez/pill-o-clock/pilloclockapp/src/data/models/index.js
FNF:0
FNH:0
DA:1,16
LF:1
LH:1
BRF:0
BRH:0
end_of_record
TN:
SF:/Users/Au/bootcamp/collab/skylab-bootcamp-202001/staff/aurora-perez/pill-o-clock/pilloclockapp/src/data/models/user.js
FNF:0
FNH:0
DA:1,16
DA:2,16
DA:4,16
LF:3
LH:3
BRF:0
BRH:0
end_of_record
TN:
SF:/Users/Au/bootcamp/collab/skylab-bootcamp-202001/staff/aurora-perez/pill-o-clock/pilloclockapp/src/data/schemas/drug.js
FNF:0
FNH:0
DA:1,16
DA:3,16
LF:2
LH:2
BRF:0
BRH:0
end_of_record
TN:
SF:/Users/Au/bootcamp/collab/skylab-bootcamp-202001/staff/aurora-perez/pill-o-clock/pilloclockapp/src/data/schemas/guideline.js
FNF:0
FNH:0
DA:1,16
DA:2,16
DA:4,16
LF:3
LH:3
BRF:0
BRH:0
end_of_record
TN:
SF:/Users/Au/bootcamp/collab/skylab-bootcamp-202001/staff/aurora-perez/pill-o-clock/pilloclockapp/src/data/schemas/index.js
FNF:0
FNH:0
DA:1,16
LF:1
LH:1
BRF:0
BRH:0
end_of_record
TN:
SF:/Users/Au/bootcamp/collab/skylab-bootcamp-202001/staff/aurora-perez/pill-o-clock/pilloclockapp/src/data/schemas/user.js
FNF:0
FNH:0
DA:1,16
DA:2,16
DA:3,16
DA:5,16
LF:4
LH:4
BRF:0
BRH:0
end_of_record
TN:
SF:/Users/Au/bootcamp/collab/skylab-bootcamp-202001/staff/aurora-perez/pill-o-clock/pilloclockapp/src/errors/content-error.js
FN:2,(anonymous_0)
FNF:1
FNH:1
FNDA:11,(anonymous_0)
DA:1,16
DA:3,11
DA:5,11
LF:3
LH:3
BRF:0
BRH:0
end_of_record
TN:
SF:/Users/Au/bootcamp/collab/skylab-bootcamp-202001/staff/aurora-perez/pill-o-clock/pilloclockapp/src/errors/index.js
FNF:0
FNH:0
DA:1,16
LF:1
LH:1
BRF:0
BRH:0
end_of_record
TN:
SF:/Users/Au/bootcamp/collab/skylab-bootcamp-202001/staff/aurora-perez/pill-o-clock/pilloclockapp/src/errors/not-allowed-error.js
FN:2,(anonymous_0)
FNF:1
FNH:1
FNDA:3,(anonymous_0)
DA:1,16
DA:3,3
DA:5,3
LF:3
LH:3
BRF:0
BRH:0
end_of_record
TN:
SF:/Users/Au/bootcamp/collab/skylab-bootcamp-202001/staff/aurora-perez/pill-o-clock/pilloclockapp/src/errors/not-found-error.js
FN:2,(anonymous_0)
FNF:1
FNH:1
FNDA:6,(anonymous_0)
DA:1,16
DA:3,6
DA:5,6
LF:3
LH:3
BRF:0
BRH:0
end_of_record
TN:
SF:/Users/Au/bootcamp/collab/skylab-bootcamp-202001/staff/aurora-perez/pill-o-clock/pilloclockapp/src/logic/add-contact.js
FN:6,(anonymous_0)
FN:9,(anonymous_1)
FNF:2
FNH:2
FNDA:6,(anonymous_0)
FNDA:3,(anonymous_1)
DA:1,16
DA:2,16
DA:3,16
DA:4,16
DA:6,16
DA:7,6
DA:9,3
DA:10,3
DA:12,3
DA:21,3
DA:23,3
DA:25,0
DA:26,0
DA:28,0
DA:29,0
DA:32,0
DA:35,0
LF:17
LH:11
BRDA:23,0,0,3
BRDA:23,0,1,0
BRDA:25,1,0,0
BRDA:25,1,1,0
BRDA:25,2,0,0
BRDA:25,2,1,0
BRDA:28,3,0,0
BRDA:28,3,1,0
BRF:8
BRH:1
end_of_record
TN:
SF:/Users/Au/bootcamp/collab/skylab-bootcamp-202001/staff/aurora-perez/pill-o-clock/pilloclockapp/src/logic/add-medication.js
FN:6,(anonymous_0)
FN:10,(anonymous_1)
FN:14,(anonymous_2)
FNF:3
FNH:3
FNDA:13,(anonymous_0)
FNDA:7,(anonymous_1)
FNDA:4,(anonymous_2)
DA:1,16
DA:2,16
DA:3,16
DA:4,16
DA:6,16
DA:8,13
DA:9,10
DA:10,7
DA:11,7
DA:14,4
DA:15,4
DA:17,4
DA:26,4
DA:28,4
DA:30,3
DA:31,3
DA:33,3
DA:34,0
DA:37,3
DA:38,0
DA:41,3
DA:44,0
LF:22
LH:19
BRDA:28,0,0,1
BRDA:28,0,1,3
BRDA:30,1,0,3
BRDA:30,1,1,0
BRDA:30,2,0,3
BRDA:30,2,1,3
BRDA:33,3,0,0
BRDA:33,3,1,3
BRDA:37,4,0,0
BRDA:37,4,1,3
BRF:10
BRH:7
end_of_record
TN:
SF:/Users/Au/bootcamp/collab/skylab-bootcamp-202001/staff/aurora-perez/pill-o-clock/pilloclockapp/src/logic/add-progress-record.js
FN:6,(anonymous_0)
FN:9,(anonymous_1)
FNF:2
FNH:2
FNDA:6,(anonymous_0)
FNDA:3,(anonymous_1)
DA:1,16
DA:2,16
DA:3,16
DA:4,16
DA:6,16
DA:7,6
DA:9,3
DA:10,3
DA:12,3
DA:21,3
DA:23,3
DA:25,1
DA:26,1
DA:28,1
DA:29,0
DA:33,1
DA:36,0
LF:17
LH:15
BRDA:23,0,0,2
BRDA:23,0,1,1
BRDA:25,1,0,1
BRDA:25,1,1,0
BRDA:25,2,0,1
BRDA:25,2,1,1
BRDA:28,3,0,0
BRDA:28,3,1,1
BRF:8
BRH:6
end_of_record
TN:
SF:/Users/Au/bootcamp/collab/skylab-bootcamp-202001/staff/aurora-perez/pill-o-clock/pilloclockapp/src/logic/add-progress.js
FN:6,(anonymous_0)
FN:9,(anonymous_1)
FNF:2
FNH:2
FNDA:6,(anonymous_0)
FNDA:3,(anonymous_1)
DA:1,16
DA:2,16
DA:3,16
DA:4,16
DA:6,16
DA:7,6
DA:9,3
DA:10,3
DA:12,3
DA:21,3
DA:23,3
DA:25,1
DA:26,1
DA:28,1
DA:29,0
DA:32,1
DA:35,0
LF:17
LH:15
BRDA:23,0,0,2
BRDA:23,0,1,1
BRDA:25,1,0,1
BRDA:25,1,1,0
BRDA:25,2,0,1
BRDA:25,2,1,1
BRDA:28,3,0,0
BRDA:28,3,1,1
BRF:8
BRH:6
end_of_record
TN:
SF:/Users/Au/bootcamp/collab/skylab-bootcamp-202001/staff/aurora-perez/pill-o-clock/pilloclockapp/src/logic/context.js
FNF:0
FNH:0
DA:1,16
LF:1
LH:1
BRF:0
BRH:0
end_of_record
TN:
SF:/Users/Au/bootcamp/collab/skylab-bootcamp-202001/staff/aurora-perez/pill-o-clock/pilloclockapp/src/logic/delete-medication.js
FN:6,(anonymous_0)
FN:9,(anonymous_1)
FNF:2
FNH:2
FNDA:7,(anonymous_0)
FNDA:4,(anonymous_1)
DA:1,16
DA:2,16
DA:3,16
DA:4,16
DA:6,16
DA:7,7
DA:9,4
DA:10,4
DA:12,4
DA:20,4
DA:22,4
DA:24,3
DA:25,3
DA:27,3
DA:28,0
DA:31,3
DA:34,0
LF:17
LH:15
BRDA:22,0,0,1
BRDA:22,0,1,3
BRDA:24,1,0,3
BRDA:24,1,1,0
BRDA:24,2,0,3
BRDA:24,2,1,3
BRDA:27,3,0,0
BRDA:27,3,1,3
BRF:8
BRH:6
end_of_record
TN:
SF:/Users/Au/bootcamp/collab/skylab-bootcamp-202001/staff/aurora-perez/pill-o-clock/pilloclockapp/src/logic/index.js
FN:4,(anonymous_0)
FNF:1
FNH:1
FNDA:53,(anonymous_0)
DA:1,16
DA:3,16
DA:4,53
LF:3
LH:3
BRF:0
BRH:0
end_of_record
TN:
SF:/Users/Au/bootcamp/collab/skylab-bootcamp-202001/staff/aurora-perez/pill-o-clock/pilloclockapp/src/logic/is-logged-in.js
FN:3,(anonymous_0)
FNF:1
FNH:0
FNDA:0,(anonymous_0)
DA:1,16
DA:3,16
DA:4,0
DA:6,0
LF:4
LH:2
BRF:0
BRH:0
end_of_record
TN:
SF:/Users/Au/bootcamp/collab/skylab-bootcamp-202001/staff/aurora-perez/pill-o-clock/pilloclockapp/src/logic/login.js
FN:7,(anonymous_0)
FN:12,(anonymous_1)
FNF:2
FNH:2
FNDA:11,(anonymous_0)
FNDA:3,(anonymous_1)
DA:1,16
DA:2,16
DA:3,16
DA:4,16
DA:7,16
DA:8,11
DA:9,8
DA:10,6
DA:12,3
DA:13,3
DA:19,3
DA:21,3
DA:22,1
DA:24,1
DA:25,1
DA:28,2
DA:29,2
DA:31,2
DA:32,2
DA:35,0
DA:38,0
LF:21
LH:19
BRDA:21,0,0,1
BRDA:21,0,1,2
BRDA:28,1,0,2
BRDA:28,1,1,0
BRDA:28,2,0,2
BRDA:28,2,1,2
BRDA:31,3,0,2
BRDA:31,3,1,0
BRF:8
BRH:6
end_of_record
TN:
SF:/Users/Au/bootcamp/collab/skylab-bootcamp-202001/staff/aurora-perez/pill-o-clock/pilloclockapp/src/logic/register-user.js
FN:6,(anonymous_0)
FN:17,(anonymous_1)
FNF:2
FNH:2
FNDA:25,(anonymous_0)
FNDA:3,(anonymous_1)
DA:1,16
DA:2,16
DA:3,16
DA:4,16
DA:6,16
DA:7,25
DA:8,22
DA:9,19
DA:10,15
DA:11,11
DA:12,11
DA:13,11
DA:14,8
DA:15,6
DA:17,3
DA:19,3
DA:25,3
DA:27,3
DA:29,1
DA:30,1
DA:32,1
DA:33,1
DA:36,0
DA:39,0
LF:24
LH:22
BRDA:27,0,0,2
BRDA:27,0,1,1
BRDA:29,1,0,1
BRDA:29,1,1,0
BRDA:29,2,0,1
BRDA:29,2,1,1
BRDA:32,3,0,1
BRDA:32,3,1,0
BRF:8
BRH:6
end_of_record
TN:
SF:/Users/Au/bootcamp/collab/skylab-bootcamp-202001/staff/aurora-perez/pill-o-clock/pilloclockapp/src/logic/retrieve-contacts.js
FN:6,(anonymous_0)
FN:8,(anonymous_1)
FNF:2
FNH:2
FNDA:2,(anonymous_0)
FNDA:2,(anonymous_1)
DA:1,16
DA:2,16
DA:3,16
DA:4,16
DA:6,16
DA:8,2
DA:9,2
DA:11,2
DA:18,2
DA:20,2
DA:21,1
DA:23,1
DA:26,1
DA:27,1
DA:29,1
DA:30,1
DA:34,0
DA:37,0
LF:18
LH:16
BRDA:20,0,0,1
BRDA:20,0,1,1
BRDA:26,1,0,1
BRDA:26,1,1,0
BRDA:26,2,0,1
BRDA:26,2,1,1
BRDA:29,3,0,1
BRDA:29,3,1,0
BRF:8
BRH:6
end_of_record
TN:
SF:/Users/Au/bootcamp/collab/skylab-bootcamp-202001/staff/aurora-perez/pill-o-clock/pilloclockapp/src/logic/retrieve-drug.js
FN:6,(anonymous_0)
FN:9,(anonymous_1)
FNF:2
FNH:2
FNDA:5,(anonymous_0)
FNDA:2,(anonymous_1)
DA:1,16
DA:2,16
DA:3,16
DA:4,16
DA:6,16
DA:7,5
DA:9,2
DA:11,2
DA:13,2
DA:15,2
DA:16,1
DA:18,1
DA:21,1
DA:22,1
DA:24,1
DA:25,0
DA:29,1
DA:32,0
LF:18
LH:16
BRDA:15,0,0,1
BRDA:15,0,1,1
BRDA:21,1,0,1
BRDA:21,1,1,0
BRDA:21,2,0,1
BRDA:21,2,1,1
BRDA:24,3,0,0
BRDA:24,3,1,1
BRF:8
BRH:6
end_of_record
TN:
SF:/Users/Au/bootcamp/collab/skylab-bootcamp-202001/staff/aurora-perez/pill-o-clock/pilloclockapp/src/logic/retrieve-drugs.js
FN:6,(anonymous_0)
FN:7,(anonymous_1)
FNF:2
FNH:2
FNDA:2,(anonymous_0)
FNDA:2,(anonymous_1)
DA:1,16
DA:2,16
DA:3,16
DA:4,16
DA:6,16
DA:7,2
DA:9,2
DA:11,2
DA:13,2
DA:14,2
DA:16,2
DA:19,0
DA:21,0
DA:24,0
LF:14
LH:11
BRDA:13,0,0,2
BRDA:13,0,1,0
BRDA:19,1,0,0
BRDA:19,1,1,0
BRDA:19,2,0,0
BRDA:19,2,1,0
BRF:6
BRH:1
end_of_record
TN:
SF:/Users/Au/bootcamp/collab/skylab-bootcamp-202001/staff/aurora-perez/pill-o-clock/pilloclockapp/src/logic/retrieve-medication.js
FN:6,(anonymous_0)
FN:8,(anonymous_1)
FNF:2
FNH:2
FNDA:2,(anonymous_0)
FNDA:2,(anonymous_1)
DA:1,16
DA:2,16
DA:3,16
DA:4,16
DA:6,16
DA:8,2
DA:9,2
DA:11,2
DA:18,2
DA:20,2
DA:21,1
DA:23,1
DA:26,1
DA:27,1
DA:29,1
DA:30,0
DA:32,1
DA:35,0
LF:18
LH:16
BRDA:20,0,0,1
BRDA:20,0,1,1
BRDA:26,1,0,1
BRDA:26,1,1,0
BRDA:26,2,0,1
BRDA:26,2,1,1
BRDA:29,3,0,0
BRDA:29,3,1,1
BRF:8
BRH:6
end_of_record
TN:
SF:/Users/Au/bootcamp/collab/skylab-bootcamp-202001/staff/aurora-perez/pill-o-clock/pilloclockapp/src/logic/retrieve-patient-info.js
FN:6,(anonymous_0)
FN:8,(anonymous_1)
FNF:2
FNH:2
FNDA:10,(anonymous_0)
FNDA:6,(anonymous_1)
DA:1,16
DA:2,16
DA:3,16
DA:4,16
DA:6,16
DA:7,10
DA:8,6
DA:9,6
DA:11,6
DA:18,6
DA:20,6
DA:21,3
DA:23,3
DA:26,3
DA:27,3
DA:29,3
DA:30,3
DA:34,0
DA:37,0
LF:19
LH:17
BRDA:20,0,0,3
BRDA:20,0,1,3
BRDA:26,1,0,3
BRDA:26,1,1,0
BRDA:26,2,0,3
BRDA:26,2,1,3
BRDA:29,3,0,3
BRDA:29,3,1,0
BRF:8
BRH:6
end_of_record
TN:
SF:/Users/Au/bootcamp/collab/skylab-bootcamp-202001/staff/aurora-perez/pill-o-clock/pilloclockapp/src/logic/retrieve-progress-record.js
FN:6,(anonymous_0)
FN:8,(anonymous_1)
FNF:2
FNH:2
FNDA:2,(anonymous_0)
FNDA:2,(anonymous_1)
DA:1,16
DA:2,16
DA:3,16
DA:4,16
DA:6,16
DA:8,2
DA:9,2
DA:11,2
DA:18,2
DA:20,2
DA:21,1
DA:23,1
DA:26,1
DA:27,1
DA:29,1
DA:30,0
DA:34,1
DA:37,0
LF:18
LH:16
BRDA:20,0,0,1
BRDA:20,0,1,1
BRDA:26,1,0,1
BRDA:26,1,1,0
BRDA:26,2,0,1
BRDA:26,2,1,1
BRDA:29,3,0,0
BRDA:29,3,1,1
BRF:8
BRH:6
end_of_record
TN:
SF:/Users/Au/bootcamp/collab/skylab-bootcamp-202001/staff/aurora-perez/pill-o-clock/pilloclockapp/src/logic/retrieve-progress.js
FN:6,(anonymous_0)
FN:8,(anonymous_1)
FNF:2
FNH:2
FNDA:2,(anonymous_0)
FNDA:2,(anonymous_1)
DA:1,16
DA:2,16
DA:3,16
DA:4,16
DA:6,16
DA:8,2
DA:9,2
DA:11,2
DA:18,2
DA:20,2
DA:21,1
DA:23,1
DA:26,1
DA:27,1
DA:29,1
DA:30,0
DA:34,1
DA:37,0
LF:18
LH:16
BRDA:20,0,0,1
BRDA:20,0,1,1
BRDA:26,1,0,1
BRDA:26,1,1,0
BRDA:26,2,0,1
BRDA:26,2,1,1
BRDA:29,3,0,0
BRDA:29,3,1,1
BRF:8
BRH:6
end_of_record
TN:
SF:/Users/Au/bootcamp/collab/skylab-bootcamp-202001/staff/aurora-perez/pill-o-clock/pilloclockapp/src/logic/retrieve-user.js
FN:6,(anonymous_0)
FN:8,(anonymous_1)
FNF:2
FNH:2
FNDA:2,(anonymous_0)
FNDA:2,(anonymous_1)
DA:1,16
DA:2,16
DA:3,16
DA:4,16
DA:6,16
DA:8,2
DA:9,2
DA:11,2
DA:18,2
DA:20,2
DA:21,1
DA:23,1
DA:26,1
DA:27,1
DA:29,1
DA:30,1
DA:32,0
DA:35,0
LF:18
LH:16
BRDA:20,0,0,1
BRDA:20,0,1,1
BRDA:26,1,0,1
BRDA:26,1,1,0
BRDA:26,2,0,1
BRDA:26,2,1,1
BRDA:29,3,0,1
BRDA:29,3,1,0
BRF:8
BRH:6
end_of_record
TN:
SF:/Users/Au/bootcamp/collab/skylab-bootcamp-202001/staff/aurora-perez/pill-o-clock/pilloclockapp/src/logic/update-progress.js
FN:6,(anonymous_0)
FN:8,(anonymous_1)
FNF:2
FNH:2
FNDA:2,(anonymous_0)
FNDA:2,(anonymous_1)
DA:1,16
DA:2,16
DA:3,16
DA:4,16
DA:6,16
DA:8,2
DA:9,2
DA:11,2
DA:19,2
DA:21,2
DA:24,1
DA:25,1
DA:27,1
DA:28,0
DA:31,1
DA:32,1
DA:36,0
DA:39,0
LF:18
LH:15
BRDA:21,0,0,1
BRDA:21,0,1,1
BRDA:24,1,0,1
BRDA:24,1,1,0
BRDA:24,2,0,1
BRDA:24,2,1,1
BRDA:27,3,0,0
BRDA:27,3,1,1
BRDA:31,4,0,1
BRDA:31,4,1,0
BRF:10
BRH:7
end_of_record
TN:
SF:/Users/Au/bootcamp/collab/skylab-bootcamp-202001/staff/aurora-perez/pill-o-clock/pilloclockapp/src/utils/index.js
FNF:0
FNH:0
DA:1,16
LF:1
LH:1
BRF:0
BRH:0
end_of_record
TN:
SF:/Users/Au/bootcamp/collab/skylab-bootcamp-202001/staff/aurora-perez/pill-o-clock/pilloclockapp/src/utils/validate.js
FN:7,(anonymous_0)
FN:14,(anonymous_1)
FN:18,(anonymous_2)
FN:22,(anonymous_3)
FN:31,(anonymous_4)
FN:36,(anonymous_5)
FNF:6
FNH:5
FNDA:144,(anonymous_0)
FNDA:16,(anonymous_1)
FNDA:7,(anonymous_2)
FNDA:181,(anonymous_3)
FNDA:19,(anonymous_4)
FNDA:0,(anonymous_5)
DA:1,16
DA:3,16
DA:4,16
DA:6,16
DA:9,144
DA:11,110
DA:15,16
DA:19,7
DA:23,181
DA:24,165
DA:25,165
DA:27,165
DA:28,16
DA:32,19
DA:33,19
DA:37,0
DA:39,0
DA:41,0
DA:43,0
DA:45,0
LF:20
LH:15
BRDA:7,0,0,144
BRDA:11,1,0,0
BRDA:11,1,1,110
BRDA:11,2,0,110
BRDA:11,2,1,110
BRDA:15,3,0,4
BRDA:15,3,1,12
BRDA:19,4,0,3
BRDA:19,4,1,4
BRDA:23,5,0,165
BRDA:23,5,1,16
BRDA:23,6,0,181
BRDA:23,6,1,37
BRDA:23,6,2,22
BRDA:25,7,0,0
BRDA:25,7,1,165
BRDA:25,8,0,165
BRDA:25,8,1,23
BRDA:27,9,0,41
BRDA:27,9,1,124
BRDA:28,10,0,6
BRDA:28,10,1,10
BRDA:33,11,0,4
BRDA:33,11,1,15
BRDA:41,12,0,0
BRDA:41,12,1,0
BRDA:45,13,0,0
BRDA:45,13,1,0
BRDA:45,14,0,0
BRDA:45,14,1,0
BRDA:45,14,2,0
BRF:31
BRH:22
end_of_record
